Node.js version v23.11.0 detected.
Odd numbered Node.js versions will not enter LTS status and should not be used for production. For more information, please see https://nodejs.org/en/about/previous-releases/.

Warning: This is a simple server for use in testing or debugging Angular applications
locally. It hasn't been reviewed for security issues.

Binding this server to an open connection can result in compromising your application or
computer. Using a different host than the one passed to the "--host" flag might result in
websocket connection issues. You might need to use "--disable-host-check" if that's the
case.
    
Component HMR has been enabled.
If you encounter application reload issues, you can manually reload the page to bypass HMR and/or disable this feature with the `--no-hmr` command line option.
Please consider reporting any issues you encounter here: https://github.com/angular/angular-cli/issues

‚ùØ Building...
‚úî Building...
Initial chunk files | Names         |  Raw size
scripts.js          | scripts       | 993.17 kB | 
styles.css          | styles        | 184.83 kB | 
main.js             | main          | 107.15 kB | 
polyfills.js        | polyfills     |  90.20 kB | 

                    | Initial total |   1.38 MB

Application bundle generation complete. [3.004 seconds]

Watch mode enabled. Watching for file changes...
NOTE: Raw file sizes do not reflect development server per-request transformations.
  ‚ûú  Local:   http://localhost:4200/
  ‚ûú  Network: http://10.255.255.254:4200/
  ‚ûú  Network: http://192.168.210.231:4200/
‚ùØ Changes detected. Rebuilding...
‚úî Changes detected. Rebuilding...
Initial chunk files | Names         |  Raw size
scripts.js          | scripts       | 993.17 kB | 
styles.css          | styles        | 184.83 kB | 
main.js             | main          | 107.15 kB | 
polyfills.js        | polyfills     |  90.20 kB | 

                    | Initial total |   1.38 MB

Application bundle generation complete. [0.733 seconds]

‚ùØ Changes detected. Rebuilding...
‚úî Changes detected. Rebuilding...
Initial chunk files | Names |  Raw size
main.js             | main  | 107.11 kB | 

Application bundle generation complete. [0.342 seconds]

Page reload sent to client(s).
‚ùØ Changes detected. Rebuilding...
‚úî Changes detected. Rebuilding...
Initial chunk files | Names |  Raw size
main.js             | main  | 107.11 kB | 

Application bundle generation complete. [0.206 seconds]

Page reload sent to client(s).
‚ùØ Changes detected. Rebuilding...
‚úî Changes detected. Rebuilding...
Initial chunk files | Names         |  Raw size
scripts.js          | scripts       | 993.17 kB | 
styles.css          | styles        | 184.83 kB | 
main.js             | main          | 107.11 kB | 
polyfills.js        | polyfills     |  90.20 kB | 

                    | Initial total |   1.38 MB

Application bundle generation complete. [0.320 seconds]

‚ùØ Changes detected. Rebuilding...
‚úî Changes detected. Rebuilding...
Initial chunk files | Names         |  Raw size
scripts.js          | scripts       | 993.17 kB | 
styles.css          | styles        | 184.83 kB | 
main.js             | main          | 107.11 kB | 
polyfills.js        | polyfills     |  90.20 kB | 

                    | Initial total |   1.38 MB

Application bundle generation complete. [0.155 seconds]

‚ùØ Changes detected. Rebuilding...
‚úî Changes detected. Rebuilding...
Application bundle generation failed. [0.230 seconds]

[31m‚úò [41;31m[[41;97mERROR[41;31m][0m [1mTS2654: Non-abstract class 'CadastroComponent' is missing implementations for the following members of 'Form': 'form', 'submitForm'.[0m [1m[35m[plugin angular-compiler][0m

    src/app/pages/auth/cadastro/cadastro.component.ts:10:13:
[37m      10 ‚îÇ export class [32mCadastroComponent[37m extends Form {
         ‚ïµ              [32m~~~~~~~~~~~~~~~~~[0m


‚ùØ Changes detected. Rebuilding...
‚úî Changes detected. Rebuilding...
Application bundle generation failed. [0.248 seconds]

[31m‚úò [41;31m[[41;97mERROR[41;31m][0m [1mTS2515: Non-abstract class 'CadastroComponent' does not implement inherited abstract member form from class 'Form'.[0m [1m[35m[plugin angular-compiler][0m

    src/app/pages/auth/cadastro/cadastro.component.ts:10:13:
[37m      10 ‚îÇ export class [32mCadastroComponent[37m extends Form {
         ‚ïµ              [32m~~~~~~~~~~~~~~~~~[0m


[31m‚úò [41;31m[[41;97mERROR[41;31m][0m [1mTS2416: Property 'submitForm' in type 'CadastroComponent' is not assignable to the same property in base type 'Form'.
  Type '() => void' is not assignable to type '() => {}'.
    Type 'void' is not assignable to type '{}'.[0m [1m[35m[plugin angular-compiler][0m

    src/app/pages/auth/cadastro/cadastro.component.ts:12:1:
[37m      12 ‚îÇ   [32msubmitForm[37m(){
         ‚ïµ   [32m~~~~~~~~~~[0m


‚ùØ Changes detected. Rebuilding...
‚úî Changes detected. Rebuilding...
Application bundle generation failed. [0.351 seconds]

[31m‚úò [41;31m[[41;97mERROR[41;31m][0m [1mTS2416: Property 'submitForm' in type 'CadastroComponent' is not assignable to the same property in base type 'Form'.
  Type '() => void' is not assignable to type '() => {}'.
    Type 'void' is not assignable to type '{}'.[0m [1m[35m[plugin angular-compiler][0m

    src/app/pages/auth/cadastro/cadastro.component.ts:13:2:
[37m      13 ‚îÇ   [32msubmitForm[37m() {}
         ‚ïµ   [32m~~~~~~~~~~[0m


‚ùØ Changes detected. Rebuilding...
‚úî Changes detected. Rebuilding...
Application bundle generation failed. [0.160 seconds]

[31m‚úò [41;31m[[41;97mERROR[41;31m][0m [1mTS2416: Property 'submitForm' in type 'CadastroComponent' is not assignable to the same property in base type 'Form'.
  Type '() => void' is not assignable to type '() => {}'.
    Type 'void' is not assignable to type '{}'.[0m [1m[35m[plugin angular-compiler][0m

    src/app/pages/auth/cadastro/cadastro.component.ts:13:2:
[37m      13 ‚îÇ   [32msubmitForm[37m() {
         ‚ïµ   [32m~~~~~~~~~~[0m


‚ùØ Changes detected. Rebuilding...
‚úî Changes detected. Rebuilding...
Initial chunk files | Names         |  Raw size
scripts.js          | scripts       | 993.17 kB | 
styles.css          | styles        | 184.83 kB | 
main.js             | main          | 107.53 kB | 
polyfills.js        | polyfills     |  90.20 kB | 

                    | Initial total |   1.38 MB

Application bundle generation complete. [0.303 seconds]

Page reload sent to client(s).
‚ùØ Changes detected. Rebuilding...
‚úî Changes detected. Rebuilding...

No output file changes.

Application bundle generation complete. [0.117 seconds]

‚ùØ Changes detected. Rebuilding...
‚úî Changes detected. Rebuilding...
Application bundle generation failed. [0.223 seconds]

[31m‚úò [41;31m[[41;97mERROR[41;31m][0m [1mTS2304: Cannot find name 'Validators'.[0m [1m[35m[plugin angular-compiler][0m

    src/app/pages/auth/cadastro/cadastro.component.ts:12:16:
[37m      12 ‚îÇ     name: ['', [[32mValidators[37m.required]],
         ‚ïµ                 [32m~~~~~~~~~~[0m


‚ùØ Changes detected. Rebuilding...
‚úî Changes detected. Rebuilding...
Application bundle generation failed. [0.176 seconds]

[31m‚úò [41;31m[[41;97mERROR[41;31m][0m [1mTS-991010: 'imports' must be an array of components, directives, pipes, or NgModules.
  Value could not be determined statically.[0m [1m[35m[plugin angular-compiler][0m

    src/app/pages/auth/cadastro/cadastro.component.ts:8:12:
[37m      8 ‚îÇ   imports: [[32mCommonModule[37m, RouterLink, ReactiveFormsModule],
        ‚ïµ             [32m~~~~~~~~~~~~[0m

  Unknown reference.

    src/app/pages/auth/cadastro/cadastro.component.ts:8:12:
[37m      8 ‚îÇ   imports: [[32mCommonModule[37m, RouterLink, ReactiveFormsModule],
        ‚ïµ             [32m~~~~~~~~~~~~[0m


[31m‚úò [41;31m[[41;97mERROR[41;31m][0m [1mTS2304: Cannot find name 'CommonModule'.[0m [1m[35m[plugin angular-compiler][0m

    src/app/pages/auth/cadastro/cadastro.component.ts:8:12:
[37m      8 ‚îÇ   imports: [[32mCommonModule[37m, RouterLink, ReactiveFormsModule],
        ‚ïµ             [32m~~~~~~~~~~~~[0m


[31m‚úò [41;31m[[41;97mERROR[41;31m][0m [1mTS2304: Cannot find name 'Validators'.[0m [1m[35m[plugin angular-compiler][0m

    src/app/pages/auth/cadastro/cadastro.component.ts:14:16:
[37m      14 ‚îÇ     name: ['', [[32mValidators[37m.required]],
         ‚ïµ                 [32m~~~~~~~~~~[0m


‚ùØ Changes detected. Rebuilding...
‚úî Changes detected. Rebuilding...
Application bundle generation failed. [0.168 seconds]

[31m‚úò [41;31m[[41;97mERROR[41;31m][0m [1mTS-991010: 'imports' must be an array of components, directives, pipes, or NgModules.
  Value could not be determined statically.[0m [1m[35m[plugin angular-compiler][0m

    src/app/pages/auth/cadastro/cadastro.component.ts:8:12:
[37m      8 ‚îÇ   imports: [[32mCommonModule[37m, RouterLink, ReactiveFormsModule],
        ‚ïµ             [32m~~~~~~~~~~~~[0m

  Unknown reference.

    src/app/pages/auth/cadastro/cadastro.component.ts:8:12:
[37m      8 ‚îÇ   imports: [[32mCommonModule[37m, RouterLink, ReactiveFormsModule],
        ‚ïµ             [32m~~~~~~~~~~~~[0m


[31m‚úò [41;31m[[41;97mERROR[41;31m][0m [1mTS2304: Cannot find name 'CommonModule'.[0m [1m[35m[plugin angular-compiler][0m

    src/app/pages/auth/cadastro/cadastro.component.ts:8:12:
[37m      8 ‚îÇ   imports: [[32mCommonModule[37m, RouterLink, ReactiveFormsModule],
        ‚ïµ             [32m~~~~~~~~~~~~[0m


‚ùØ Changes detected. Rebuilding...
‚úî Changes detected. Rebuilding...
Application bundle generation failed. [0.071 seconds]

[31m‚úò [41;31m[[41;97mERROR[41;31m][0m [1mTS2304: Cannot find name 'CommonModule'.[0m [1m[35m[plugin angular-compiler][0m

    src/app/pages/auth/cadastro/cadastro.component.ts:8:12:
[37m      8 ‚îÇ   imports: [[32mCommonModule[37m, RouterLink, ReactiveFormsModule],
        ‚ïµ             [32m~~~~~~~~~~~~[0m


‚ùØ Changes detected. Rebuilding...
‚úî Changes detected. Rebuilding...
Initial chunk files | Names         |  Raw size
scripts.js          | scripts       | 993.17 kB | 
styles.css          | styles        | 184.83 kB | 
main.js             | main          | 109.12 kB | 
polyfills.js        | polyfills     |  90.20 kB | 

                    | Initial total |   1.38 MB

Application bundle generation complete. [0.177 seconds]

[33m‚ñ≤ [43;33m[[43;30mWARNING[43;33m][0m [1mTS-998113: RouterLink is not used within the template of CadastroComponent[0m [1m[35m[plugin angular-compiler][0m

    src/app/pages/auth/cadastro/cadastro.component.ts:9:26:
[37m      9 ‚îÇ   imports: [CommonModule, [32mRouterLink[37m, ReactiveFormsModule],
        ‚ïµ                           [32m~~~~~~~~~~[0m


Page reload sent to client(s).
‚ùØ Changes detected. Rebuilding...
‚úî Changes detected. Rebuilding...

No output file changes.

Application bundle generation complete. [0.115 seconds]

[33m‚ñ≤ [43;33m[[43;30mWARNING[43;33m][0m [1mTS-998113: RouterLink is not used within the template of CadastroComponent[0m [1m[35m[plugin angular-compiler][0m

    src/app/pages/auth/cadastro/cadastro.component.ts:9:26:
[37m      9 ‚îÇ   imports: [CommonModule, [32mRouterLink[37m, ReactiveFormsModule],
        ‚ïµ                           [32m~~~~~~~~~~[0m


‚ùØ Changes detected. Rebuilding...
‚úî Changes detected. Rebuilding...
Initial chunk files | Names |  Raw size
main.js             | main  | 109.29 kB | 

Application bundle generation complete. [0.394 seconds]

[33m‚ñ≤ [43;33m[[43;30mWARNING[43;33m][0m [1mTS-998113: RouterLink is not used within the template of CadastroComponent[0m [1m[35m[plugin angular-compiler][0m

    src/app/pages/auth/cadastro/cadastro.component.ts:9:26:
[37m      9 ‚îÇ   imports: [CommonModule, [32mRouterLink[37m, ReactiveFormsModule],
        ‚ïµ                           [32m~~~~~~~~~~[0m


Page reload sent to client(s).
‚ùØ Changes detected. Rebuilding...
‚úî Changes detected. Rebuilding...
Application bundle generation failed. [0.308 seconds]

[33m‚ñ≤ [43;33m[[43;30mWARNING[43;33m][0m [1mTS-998113: RouterLink is not used within the template of CadastroComponent[0m [1m[35m[plugin angular-compiler][0m

    src/app/pages/auth/cadastro/cadastro.component.ts:9:26:
[37m      9 ‚îÇ   imports: [CommonModule, [32mRouterLink[37m, ReactiveFormsModule],
        ‚ïµ                           [32m~~~~~~~~~~[0m


[31m‚úò [41;31m[[41;97mERROR[41;31m][0m [1mTS2304: Cannot find name 'AuthService'.[0m [1m[35m[plugin angular-compiler][0m

    src/app/pages/auth/cadastro/cadastro.component.ts:15:16:
[37m      15 ‚îÇ   auth = inject([32mAuthService[37m);
         ‚ïµ                 [32m~~~~~~~~~~~[0m


‚ùØ Changes detected. Rebuilding...
‚úî Changes detected. Rebuilding...
Application bundle generation failed. [0.150 seconds]

[33m‚ñ≤ [43;33m[[43;30mWARNING[43;33m][0m [1mTS-998113: RouterLink is not used within the template of CadastroComponent[0m [1m[35m[plugin angular-compiler][0m

    src/app/pages/auth/cadastro/cadastro.component.ts:10:26:
[37m      10 ‚îÇ   imports: [CommonModule, [32mRouterLink[37m, ReactiveFormsModule],
         ‚ïµ                           [32m~~~~~~~~~~[0m


[31m‚úò [41;31m[[41;97mERROR[41;31m][0m [1mTS2307: Cannot find module '../../../services/auth.service' or its corresponding type declarations.[0m [1m[35m[plugin angular-compiler][0m

    src/app/pages/auth/cadastro/cadastro.component.ts:6:27:
[37m      6 ‚îÇ import { AuthService} from [32m'../../../services/auth.service'[37m;
        ‚ïµ                            [32m~~~~~~~~~~~~~~~~~~~~~~~~~~~~~~~~[0m


[31m‚úò [41;31m[[41;97mERROR[41;31m][0m [1mCould not resolve "../../../services/auth.service"[0m

    src/app/pages/auth/cadastro/cadastro.component.ts:6:28:
[37m      6 ‚îÇ import { AuthService } from [32m'../../../services/auth.service'[37m;
        ‚ïµ                             [32m~~~~~~~~~~~~~~~~~~~~~~~~~~~~~~~~[0m


‚ùØ Changes detected. Rebuilding...
‚úî Changes detected. Rebuilding...
Initial chunk files | Names         |  Raw size
scripts.js          | scripts       | 993.17 kB | 
styles.css          | styles        | 184.83 kB | 
main.js             | main          | 109.40 kB | 
polyfills.js        | polyfills     |  90.20 kB | 

                    | Initial total |   1.38 MB

Application bundle generation complete. [0.289 seconds]

[33m‚ñ≤ [43;33m[[43;30mWARNING[43;33m][0m [1mTS-998113: RouterLink is not used within the template of CadastroComponent[0m [1m[35m[plugin angular-compiler][0m

    src/app/pages/auth/cadastro/cadastro.component.ts:10:26:
[37m      10 ‚îÇ   imports: [CommonModule, [32mRouterLink[37m, ReactiveFormsModule],
         ‚ïµ                           [32m~~~~~~~~~~[0m


Page reload sent to client(s).
‚ùØ Changes detected. Rebuilding...
‚úî Changes detected. Rebuilding...

No output file changes.

Application bundle generation complete. [0.155 seconds]

[33m‚ñ≤ [43;33m[[43;30mWARNING[43;33m][0m [1mTS-998113: RouterLink is not used within the template of CadastroComponent[0m [1m[35m[plugin angular-compiler][0m

    src/app/pages/auth/cadastro/cadastro.component.ts:10:26:
[37m      10 ‚îÇ   imports: [CommonModule, [32mRouterLink[37m, ReactiveFormsModule],
         ‚ïµ                           [32m~~~~~~~~~~[0m


‚ùØ Changes detected. Rebuilding...
‚úî Changes detected. Rebuilding...
Application bundle generation failed. [0.357 seconds]

[33m‚ñ≤ [43;33m[[43;30mWARNING[43;33m][0m [1mTS-998113: RouterLink is not used within the template of CadastroComponent[0m [1m[35m[plugin angular-compiler][0m

    src/app/pages/auth/cadastro/cadastro.component.ts:10:26:
[37m      10 ‚îÇ   imports: [CommonModule, [32mRouterLink[37m, ReactiveFormsModule],
         ‚ïµ                           [32m~~~~~~~~~~[0m


[31m‚úò [41;31m[[41;97mERROR[41;31m][0m [1mTS2420: Class 'CadastroComponent' incorrectly implements interface 'OnInit'.
  Property 'ngOnInit' is missing in type 'CadastroComponent' but required in type 'OnInit'.[0m [1m[35m[plugin angular-compiler][0m

    src/app/pages/auth/cadastro/cadastro.component.ts:14:13:
[37m      14 ‚îÇ export class [32mCadastroComponent[37m extends Form implements OnInit {
         ‚ïµ              [32m~~~~~~~~~~~~~~~~~[0m

  'ngOnInit' is declared here.

    node_modules/@angular/core/index.d.ts:6128:4:
[37m      6128 ‚îÇ     [32mngOnInit(): void;[37m
           ‚ïµ     [32m~~~~~~~~~~~~~~~~~[0m


‚ùØ Changes detected. Rebuilding...
‚úî Changes detected. Rebuilding...
Initial chunk files | Names         |  Raw size
scripts.js          | scripts       | 993.17 kB | 
styles.css          | styles        | 184.83 kB | 
main.js             | main          | 109.42 kB | 
polyfills.js        | polyfills     |  90.20 kB | 

                    | Initial total |   1.38 MB

Application bundle generation complete. [0.216 seconds]

[33m‚ñ≤ [43;33m[[43;30mWARNING[43;33m][0m [1mTS-998113: RouterLink is not used within the template of CadastroComponent[0m [1m[35m[plugin angular-compiler][0m

    src/app/pages/auth/cadastro/cadastro.component.ts:10:26:
[37m      10 ‚îÇ   imports: [CommonModule, [32mRouterLink[37m, ReactiveFormsModule],
         ‚ïµ                           [32m~~~~~~~~~~[0m


Page reload sent to client(s).
‚ùØ Changes detected. Rebuilding...
‚úî Changes detected. Rebuilding...
Application bundle generation failed. [0.137 seconds]

[33m‚ñ≤ [43;33m[[43;30mWARNING[43;33m][0m [1mTS-998113: RouterLink is not used within the template of CadastroComponent[0m [1m[35m[plugin angular-compiler][0m

    src/app/pages/auth/cadastro/cadastro.component.ts:10:26:
[37m      10 ‚îÇ   imports: [CommonModule, [32mRouterLink[37m, ReactiveFormsModule],
         ‚ïµ                           [32m~~~~~~~~~~[0m


[31m‚úò [41;31m[[41;97mERROR[41;31m][0m [1mTS2551: Property 'nagivagate' does not exist on type 'Router'. Did you mean 'navigate'?[0m [1m[35m[plugin angular-compiler][0m

    src/app/pages/auth/cadastro/cadastro.component.ts:27:18:
[37m      27 ‚îÇ       this.router.[32mnagivagate[37m(['/dashboard']);
         ‚ïµ                   [32m~~~~~~~~~~[0m

  'navigate' is declared here.

    node_modules/@angular/router/router_module.d-BivBj8FC.d.ts:3207:4:
[37m      3207 ‚îÇ     [32mnavigate[37m(commands: any[], extras?: NavigationExtras): Promis...
           ‚ïµ     [32m~~~~~~~~[0m


‚ùØ Changes detected. Rebuilding...
‚úî Changes detected. Rebuilding...
Initial chunk files | Names         |  Raw size
scripts.js          | scripts       | 993.17 kB | 
styles.css          | styles        | 184.83 kB | 
main.js             | main          | 109.51 kB | 
polyfills.js        | polyfills     |  90.20 kB | 

                    | Initial total |   1.38 MB

Application bundle generation complete. [0.162 seconds]

[33m‚ñ≤ [43;33m[[43;30mWARNING[43;33m][0m [1mTS-998113: RouterLink is not used within the template of CadastroComponent[0m [1m[35m[plugin angular-compiler][0m

    src/app/pages/auth/cadastro/cadastro.component.ts:10:26:
[37m      10 ‚îÇ   imports: [CommonModule, [32mRouterLink[37m, ReactiveFormsModule],
         ‚ïµ                           [32m~~~~~~~~~~[0m


Page reload sent to client(s).
‚ùØ Changes detected. Rebuilding...
‚úî Changes detected. Rebuilding...
Application bundle generation failed. [0.357 seconds]

[31m‚úò [41;31m[[41;97mERROR[41;31m][0m [1mNG9: Property 'signinForm' does not exist on type 'CadastroComponent'.[0m [1m[35m[plugin angular-compiler][0m

    src/app/pages/auth/cadastro/cadastro.component.html:19:22:
[37m      19 ‚îÇ       <form [formGroup]="[32msigninForm[37m" (ngSubmit)="onSubmit()">
         ‚ïµ                          [32m~~~~~~~~~~[0m

  Error occurs in the template of component CadastroComponent.

    src/app/pages/auth/cadastro/cadastro.component.ts:11:15:
[37m      11 ‚îÇ   templateUrl: [32m'./cadastro.component.html'[37m,
         ‚ïµ                [32m~~~~~~~~~~~~~~~~~~~~~~~~~~~[0m


[31m‚úò [41;31m[[41;97mERROR[41;31m][0m [1mNG9: Property 'onSubmit' does not exist on type 'CadastroComponent'.[0m [1m[35m[plugin angular-compiler][0m

    src/app/pages/auth/cadastro/cadastro.component.html:19:46:
[37m      19 ‚îÇ       <form [formGroup]="signinForm" (ngSubmit)="[32monSubmit[37m()">
         ‚ïµ                                                  [32m~~~~~~~~[0m

  Error occurs in the template of component CadastroComponent.

    src/app/pages/auth/cadastro/cadastro.component.ts:11:15:
[37m      11 ‚îÇ   templateUrl: [32m'./cadastro.component.html'[37m,
         ‚ïµ                [32m~~~~~~~~~~~~~~~~~~~~~~~~~~~[0m


[31m‚úò [41;31m[[41;97mERROR[41;31m][0m [1mNG9: Property 'signinForm' does not exist on type 'CadastroComponent'.[0m [1m[35m[plugin angular-compiler][0m

    src/app/pages/auth/cadastro/cadastro.component.html:32:33:
[37m      32 ‚îÇ ... <div class="error" *ngIf="[32msigninForm[37m.get('name')?.touched && s...
         ‚ïµ                               [32m~~~~~~~~~~[0m

  Error occurs in the template of component CadastroComponent.

    src/app/pages/auth/cadastro/cadastro.component.ts:11:15:
[37m      11 ‚îÇ   templateUrl: [32m'./cadastro.component.html'[37m,
         ‚ïµ                [32m~~~~~~~~~~~~~~~~~~~~~~~~~~~[0m


[31m‚úò [41;31m[[41;97mERROR[41;31m][0m [1mNG9: Property 'signinForm' does not exist on type 'CadastroComponent'.[0m [1m[35m[plugin angular-compiler][0m

    src/app/pages/auth/cadastro/cadastro.component.html:32:68:
[37m      32 ‚îÇ ...gninForm.get('name')?.touched && [32msigninForm[37m.get('name')?.invalid">
         ‚ïµ                                     [32m~~~~~~~~~~[0m

  Error occurs in the template of component CadastroComponent.

    src/app/pages/auth/cadastro/cadastro.component.ts:11:15:
[37m      11 ‚îÇ   templateUrl: [32m'./cadastro.component.html'[37m,
         ‚ïµ                [32m~~~~~~~~~~~~~~~~~~~~~~~~~~~[0m


[31m‚úò [41;31m[[41;97mERROR[41;31m][0m [1mNG9: Property 'signinForm' does not exist on type 'CadastroComponent'.[0m [1m[35m[plugin angular-compiler][0m

    src/app/pages/auth/cadastro/cadastro.component.html:33:22:
[37m      33 ‚îÇ                 <small *ngIf="[32msigninForm[37m.get('name')?.errors?.['re...
         ‚ïµ                               [32m~~~~~~~~~~[0m

  Error occurs in the template of component CadastroComponent.

    src/app/pages/auth/cadastro/cadastro.component.ts:11:15:
[37m      11 ‚îÇ   templateUrl: [32m'./cadastro.component.html'[37m,
         ‚ïµ                [32m~~~~~~~~~~~~~~~~~~~~~~~~~~~[0m


[31m‚úò [41;31m[[41;97mERROR[41;31m][0m [1mNG9: Property 'signinForm' does not exist on type 'CadastroComponent'.[0m [1m[35m[plugin angular-compiler][0m

    src/app/pages/auth/cadastro/cadastro.component.html:41:34:
[37m      41 ‚îÇ ...<div class="error" *ngIf="([32msigninForm[37m.get('email')?.touched && ...
         ‚ïµ                               [32m~~~~~~~~~~[0m

  Error occurs in the template of component CadastroComponent.

    src/app/pages/auth/cadastro/cadastro.component.ts:11:15:
[37m      11 ‚îÇ   templateUrl: [32m'./cadastro.component.html'[37m,
         ‚ïµ                [32m~~~~~~~~~~~~~~~~~~~~~~~~~~~[0m


[31m‚úò [41;31m[[41;97mERROR[41;31m][0m [1mNG9: Property 'signinForm' does not exist on type 'CadastroComponent'.[0m [1m[35m[plugin angular-compiler][0m

    src/app/pages/auth/cadastro/cadastro.component.html:41:70:
[37m      41 ‚îÇ ...nForm.get('email')?.touched && [32msigninForm[37m.get('email')?.invalid)">
         ‚ïµ                                   [32m~~~~~~~~~~[0m

  Error occurs in the template of component CadastroComponent.

    src/app/pages/auth/cadastro/cadastro.component.ts:11:15:
[37m      11 ‚îÇ   templateUrl: [32m'./cadastro.component.html'[37m,
         ‚ïµ                [32m~~~~~~~~~~~~~~~~~~~~~~~~~~~[0m


[31m‚úò [41;31m[[41;97mERROR[41;31m][0m [1mNG9: Property 'signinForm' does not exist on type 'CadastroComponent'.[0m [1m[35m[plugin angular-compiler][0m

    src/app/pages/auth/cadastro/cadastro.component.html:42:22:
[37m      42 ‚îÇ                 <small *ngIf="[32msigninForm[37m.get('email')?.errors?.['r...
         ‚ïµ                               [32m~~~~~~~~~~[0m

  Error occurs in the template of component CadastroComponent.

    src/app/pages/auth/cadastro/cadastro.component.ts:11:15:
[37m      11 ‚îÇ   templateUrl: [32m'./cadastro.component.html'[37m,
         ‚ïµ                [32m~~~~~~~~~~~~~~~~~~~~~~~~~~~[0m


[31m‚úò [41;31m[[41;97mERROR[41;31m][0m [1mNG9: Property 'signinForm' does not exist on type 'CadastroComponent'.[0m [1m[35m[plugin angular-compiler][0m

    src/app/pages/auth/cadastro/cadastro.component.html:43:22:
[37m      43 ‚îÇ                 <small *ngIf="[32msigninForm[37m.get('email')?.errors?.['e...
         ‚ïµ                               [32m~~~~~~~~~~[0m

  Error occurs in the template of component CadastroComponent.

    src/app/pages/auth/cadastro/cadastro.component.ts:11:15:
[37m      11 ‚îÇ   templateUrl: [32m'./cadastro.component.html'[37m,
         ‚ïµ                [32m~~~~~~~~~~~~~~~~~~~~~~~~~~~[0m


[31m‚úò [41;31m[[41;97mERROR[41;31m][0m [1mNG9: Property 'signinForm' does not exist on type 'CadastroComponent'.[0m [1m[35m[plugin angular-compiler][0m

    src/app/pages/auth/cadastro/cadastro.component.html:44:22:
[37m      44 ‚îÇ                 <small *ngIf="[32msigninForm[37m.get('email')?.hasError('e...
         ‚ïµ                               [32m~~~~~~~~~~[0m

  Error occurs in the template of component CadastroComponent.

    src/app/pages/auth/cadastro/cadastro.component.ts:11:15:
[37m      11 ‚îÇ   templateUrl: [32m'./cadastro.component.html'[37m,
         ‚ïµ                [32m~~~~~~~~~~~~~~~~~~~~~~~~~~~[0m


[31m‚úò [41;31m[[41;97mERROR[41;31m][0m [1mNG9: Property 'signinForm' does not exist on type 'CadastroComponent'.[0m [1m[35m[plugin angular-compiler][0m

    src/app/pages/auth/cadastro/cadastro.component.html:52:33:
[37m      52 ‚îÇ ... <div class="error" *ngIf="[32msigninForm[37m.get('password')?.invalid ...
         ‚ïµ                               [32m~~~~~~~~~~[0m

  Error occurs in the template of component CadastroComponent.

    src/app/pages/auth/cadastro/cadastro.component.ts:11:15:
[37m      11 ‚îÇ   templateUrl: [32m'./cadastro.component.html'[37m,
         ‚ïµ                [32m~~~~~~~~~~~~~~~~~~~~~~~~~~~[0m


[31m‚úò [41;31m[[41;97mERROR[41;31m][0m [1mNG9: Property 'signinForm' does not exist on type 'CadastroComponent'.[0m [1m[35m[plugin angular-compiler][0m

    src/app/pages/auth/cadastro/cadastro.component.html:52:73:
[37m      52 ‚îÇ ...t('password')?.invalid && ([32msigninForm[37m.get('password')?.dirty ||...
         ‚ïµ                               [32m~~~~~~~~~~[0m

  Error occurs in the template of component CadastroComponent.

    src/app/pages/auth/cadastro/cadastro.component.ts:11:15:
[37m      11 ‚îÇ   templateUrl: [32m'./cadastro.component.html'[37m,
         ‚ïµ                [32m~~~~~~~~~~~~~~~~~~~~~~~~~~~[0m


[31m‚úò [41;31m[[41;97mERROR[41;31m][0m [1mNG9: Property 'signinForm' does not exist on type 'CadastroComponent'.[0m [1m[35m[plugin angular-compiler][0m

    src/app/pages/auth/cadastro/cadastro.component.html:52:110:
[37m      52 ‚îÇ ...m.get('password')?.dirty || [32msigninForm[37m.get('password')?.touched)">
         ‚ïµ                                [32m~~~~~~~~~~[0m

  Error occurs in the template of component CadastroComponent.

    src/app/pages/auth/cadastro/cadastro.component.ts:11:15:
[37m      11 ‚îÇ   templateUrl: [32m'./cadastro.component.html'[37m,
         ‚ïµ                [32m~~~~~~~~~~~~~~~~~~~~~~~~~~~[0m


[31m‚úò [41;31m[[41;97mERROR[41;31m][0m [1mNG9: Property 'signinForm' does not exist on type 'CadastroComponent'.[0m [1m[35m[plugin angular-compiler][0m

    src/app/pages/auth/cadastro/cadastro.component.html:53:22:
[37m      53 ‚îÇ                 <small *ngIf="[32msigninForm[37m.get('password')?.errors?....
         ‚ïµ                               [32m~~~~~~~~~~[0m

  Error occurs in the template of component CadastroComponent.

    src/app/pages/auth/cadastro/cadastro.component.ts:11:15:
[37m      11 ‚îÇ   templateUrl: [32m'./cadastro.component.html'[37m,
         ‚ïµ                [32m~~~~~~~~~~~~~~~~~~~~~~~~~~~[0m


[31m‚úò [41;31m[[41;97mERROR[41;31m][0m [1mNG9: Property 'signinForm' does not exist on type 'CadastroComponent'.[0m [1m[35m[plugin angular-compiler][0m

    src/app/pages/auth/cadastro/cadastro.component.html:54:22:
[37m      54 ‚îÇ                 <small *ngIf="[32msigninForm[37m.get('password')?.errors?....
         ‚ïµ                               [32m~~~~~~~~~~[0m

  Error occurs in the template of component CadastroComponent.

    src/app/pages/auth/cadastro/cadastro.component.ts:11:15:
[37m      11 ‚îÇ   templateUrl: [32m'./cadastro.component.html'[37m,
         ‚ïµ                [32m~~~~~~~~~~~~~~~~~~~~~~~~~~~[0m


[31m‚úò [41;31m[[41;97mERROR[41;31m][0m [1mNG9: Property 'signinForm' does not exist on type 'CadastroComponent'.[0m [1m[35m[plugin angular-compiler][0m

    src/app/pages/auth/cadastro/cadastro.component.html:62:33:
[37m      62 ‚îÇ ... <div class="error" *ngIf="[32msigninForm[37m.get('password_confirmatio...
         ‚ïµ                               [32m~~~~~~~~~~[0m

  Error occurs in the template of component CadastroComponent.

    src/app/pages/auth/cadastro/cadastro.component.ts:11:15:
[37m      11 ‚îÇ   templateUrl: [32m'./cadastro.component.html'[37m,
         ‚ïµ                [32m~~~~~~~~~~~~~~~~~~~~~~~~~~~[0m


[31m‚úò [41;31m[[41;97mERROR[41;31m][0m [1mNG9: Property 'signinForm' does not exist on type 'CadastroComponent'.[0m [1m[35m[plugin angular-compiler][0m

    src/app/pages/auth/cadastro/cadastro.component.html:62:86:
[37m      62 ‚îÇ ...onfirmation')?.invalid && ([32msigninForm[37m.get('password_confirmatio...
         ‚ïµ                               [32m~~~~~~~~~~[0m

  Error occurs in the template of component CadastroComponent.

    src/app/pages/auth/cadastro/cadastro.component.ts:11:15:
[37m      11 ‚îÇ   templateUrl: [32m'./cadastro.component.html'[37m,
         ‚ïµ                [32m~~~~~~~~~~~~~~~~~~~~~~~~~~~[0m


[31m‚úò [41;31m[[41;97mERROR[41;31m][0m [1mNG9: Property 'signinForm' does not exist on type 'CadastroComponent'.[0m [1m[35m[plugin angular-compiler][0m

    src/app/pages/auth/cadastro/cadastro.component.html:62:136:
[37m      62 ‚îÇ ...d_confirmation')?.dirty || [32msigninForm[37m.get('password_confirmatio...
         ‚ïµ                               [32m~~~~~~~~~~[0m

  Error occurs in the template of component CadastroComponent.

    src/app/pages/auth/cadastro/cadastro.component.ts:11:15:
[37m      11 ‚îÇ   templateUrl: [32m'./cadastro.component.html'[37m,
         ‚ïµ                [32m~~~~~~~~~~~~~~~~~~~~~~~~~~~[0m


[31m‚úò [41;31m[[41;97mERROR[41;31m][0m [1mNG9: Property 'signinForm' does not exist on type 'CadastroComponent'.[0m [1m[35m[plugin angular-compiler][0m

    src/app/pages/auth/cadastro/cadastro.component.html:63:22:
[37m      63 ‚îÇ                 <small *ngIf="[32msigninForm[37m.get('password_confirmatio...
         ‚ïµ                               [32m~~~~~~~~~~[0m

  Error occurs in the template of component CadastroComponent.

    src/app/pages/auth/cadastro/cadastro.component.ts:11:15:
[37m      11 ‚îÇ   templateUrl: [32m'./cadastro.component.html'[37m,
         ‚ïµ                [32m~~~~~~~~~~~~~~~~~~~~~~~~~~~[0m


[31m‚úò [41;31m[[41;97mERROR[41;31m][0m [1mNG9: Property 'signinForm' does not exist on type 'CadastroComponent'.[0m [1m[35m[plugin angular-compiler][0m

    src/app/pages/auth/cadastro/cadastro.component.html:64:22:
[37m      64 ‚îÇ                 <small *ngIf="[32msigninForm[37m.get('password_confirmatio...
         ‚ïµ                               [32m~~~~~~~~~~[0m

  Error occurs in the template of component CadastroComponent.

    src/app/pages/auth/cadastro/cadastro.component.ts:11:15:
[37m      11 ‚îÇ   templateUrl: [32m'./cadastro.component.html'[37m,
         ‚ïµ                [32m~~~~~~~~~~~~~~~~~~~~~~~~~~~[0m


[31m‚úò [41;31m[[41;97mERROR[41;31m][0m [1mNG9: Property 'signinForm' does not exist on type 'CadastroComponent'.[0m [1m[35m[plugin angular-compiler][0m

    src/app/pages/auth/cadastro/cadastro.component.html:74:98:
[37m      74 ‚îÇ ...n btn-large waves-effect col s12" [disabled]="[32msigninForm[37m.invalid">
         ‚ïµ                                                  [32m~~~~~~~~~~[0m

  Error occurs in the template of component CadastroComponent.

    src/app/pages/auth/cadastro/cadastro.component.ts:11:15:
[37m      11 ‚îÇ   templateUrl: [32m'./cadastro.component.html'[37m,
         ‚ïµ                [32m~~~~~~~~~~~~~~~~~~~~~~~~~~~[0m


‚ùØ Changes detected. Rebuilding...
‚úî Changes detected. Rebuilding...
Application bundle generation failed. [0.500 seconds]

[31m‚úò [41;31m[[41;97mERROR[41;31m][0m [1mNG9: Property 'onSubmit' does not exist on type 'CadastroComponent'.[0m [1m[35m[plugin angular-compiler][0m

    src/app/pages/auth/cadastro/cadastro.component.html:19:40:
[37m      19 ‚îÇ       <form [formGroup]="form" (ngSubmit)="[32monSubmit[37m()">
         ‚ïµ                                            [32m~~~~~~~~[0m

  Error occurs in the template of component CadastroComponent.

    src/app/pages/auth/cadastro/cadastro.component.ts:11:15:
[37m      11 ‚îÇ   templateUrl: [32m'./cadastro.component.html'[37m,
         ‚ïµ                [32m~~~~~~~~~~~~~~~~~~~~~~~~~~~[0m


‚ùØ Changes detected. Rebuilding...
‚úî Changes detected. Rebuilding...
Application bundle generation failed. [0.391 seconds]

[31m‚úò [41;31m[[41;97mERROR[41;31m][0m [1mNG9: Property 'onSubmit' does not exist on type 'CadastroComponent'.[0m [1m[35m[plugin angular-compiler][0m

    src/app/pages/auth/cadastro/cadastro.component.html:19:40:
[37m      19 ‚îÇ       <form [formGroup]="form" (ngSubmit)="[32monSubmit[37m()">
         ‚ïµ                                            [32m~~~~~~~~[0m

  Error occurs in the template of component CadastroComponent.

    src/app/pages/auth/cadastro/cadastro.component.ts:11:15:
[37m      11 ‚îÇ   templateUrl: [32m'./cadastro.component.html'[37m,
         ‚ïµ                [32m~~~~~~~~~~~~~~~~~~~~~~~~~~~[0m


‚ùØ Changes detected. Rebuilding...
‚úî Changes detected. Rebuilding...
Initial chunk files | Names         |  Raw size
scripts.js          | scripts       | 993.17 kB | 
styles.css          | styles        | 184.83 kB | 
main.js             | main          | 123.13 kB | 
polyfills.js        | polyfills     |  90.20 kB | 

                    | Initial total |   1.39 MB

Application bundle generation complete. [0.248 seconds]

Page reload sent to client(s).
‚ùØ Changes detected. Rebuilding...
‚úî Changes detected. Rebuilding...
Application bundle generation failed. [0.471 seconds]

[31m‚úò [41;31m[[41;97mERROR[41;31m][0m [1mNG8002: Can't bind to 'formGroup' since it isn't a known property of 'form'.[0m [1m[35m[plugin angular-compiler][0m

    src/app/pages/auth/cadastro/cadastro.component.html:19:9:
[37m      19 ‚îÇ       <form [32m[formGroup]="form"[37m (ngSubmit)="submitForm()">
         ‚ïµ             [32m~~~~~~~~~~~~~~~~~~[0m

  Error occurs in the template of component CadastroComponent.

    src/app/pages/auth/cadastro/cadastro.component.ts:11:15:
[37m      11 ‚îÇ   templateUrl: [32m'./cadastro.component.html'[37m,
         ‚ïµ                [32m~~~~~~~~~~~~~~~~~~~~~~~~~~~[0m


‚ùØ Changes detected. Rebuilding...
‚úî Changes detected. Rebuilding...
Initial chunk files | Names         |  Raw size
scripts.js          | scripts       | 993.17 kB | 
styles.css          | styles        | 184.83 kB | 
main.js             | main          | 123.13 kB | 
polyfills.js        | polyfills     |  90.20 kB | 

                    | Initial total |   1.39 MB

Application bundle generation complete. [0.322 seconds]

Page reload sent to client(s).
‚ùØ Changes detected. Rebuilding...
‚úî Changes detected. Rebuilding...
Initial chunk files | Names         |  Raw size
scripts.js          | scripts       | 993.17 kB | 
styles.css          | styles        | 184.83 kB | 
main.js             | main          | 123.13 kB | 
polyfills.js        | polyfills     |  90.20 kB | 

                    | Initial total |   1.39 MB

Application bundle generation complete. [0.369 seconds]

‚ùØ Changes detected. Rebuilding...
‚úî Changes detected. Rebuilding...

No output file changes.

Application bundle generation complete. [0.251 seconds]

‚ùØ Changes detected. Rebuilding...
‚úî Changes detected. Rebuilding...

No output file changes.

Application bundle generation complete. [0.224 seconds]

‚ùØ Changes detected. Rebuilding...
‚úî Changes detected. Rebuilding...
Initial chunk files | Names |  Raw size
main.js             | main  | 125.36 kB | 

Application bundle generation complete. [0.308 seconds]

Component update sent to client(s).
Component update failed: Cannot find control with name: 'password_confirmation'
Error: Cannot find control with name: 'password_confirmation'
    at _throwError (http://localhost:4200/@fs/home/alisson/www/accounter/.angular/cache/19.2.11/accounter/vite/deps/@angular_forms.js?v=bd4cc9c0:2826:9)
    at setUpControl (http://localhost:4200/@fs/home/alisson/www/accounter/.angular/cache/19.2.11/accounter/vite/deps/@angular_forms.js?v=bd4cc9c0:2688:19)
    at _FormGroupDirective.addControl (http://localhost:4200/@fs/home/alisson/www/accounter/.angular/cache/19.2.11/accounter/vite/deps/@angular_forms.js?v=bd4cc9c0:4457:5)
    at _FormControlName._setUpControl (http://localhost:4200/@fs/home/alisson/www/accounter/.angular/cache/19.2.11/accounter/vite/deps/@angular_forms.js?v=bd4cc9c0:5027:39)
    at _FormControlName.ngOnChanges (http://localhost:4200/@fs/home/alisson/www/accounter/.angular/cache/19.2.11/accounter/vite/deps/@angular_forms.js?v=bd4cc9c0:4983:28)
    at _FormControlName.rememberChangeHistoryAndInvokeOnChangesHook (http://localhost:4200/@fs/home/alisson/www/accounter/.angular/cache/19.2.11/accounter/vite/deps/chunk-OO74OAGZ.js?v=bd4cc9c0:3565:10)
    at callHookInternal (http://localhost:4200/@fs/home/alisson/www/accounter/.angular/cache/19.2.11/accounter/vite/deps/chunk-OO74OAGZ.js?v=bd4cc9c0:4169:10)
    at callHook (http://localhost:4200/@fs/home/alisson/www/accounter/.angular/cache/19.2.11/accounter/vite/deps/chunk-OO74OAGZ.js?v=bd4cc9c0:4187:5)
    at callHooks (http://localhost:4200/@fs/home/alisson/www/accounter/.angular/cache/19.2.11/accounter/vite/deps/chunk-OO74OAGZ.js?v=bd4cc9c0:4158:9)
    at executeInitAndCheckHooks (http://localhost:4200/@fs/home/alisson/www/accounter/.angular/cache/19.2.11/accounter/vite/deps/chunk-OO74OAGZ.js?v=bd4cc9c0:4127:5)
Please consider reporting the error at https://github.com/angular/angular-cli/issues
Page reload sent to client(s).
‚ùØ Changes detected. Rebuilding...
‚úî Changes detected. Rebuilding...
Initial chunk files | Names         |  Raw size
scripts.js          | scripts       | 993.17 kB | 
styles.css          | styles        | 184.83 kB | 
main.js             | main          | 125.36 kB | 
polyfills.js        | polyfills     |  90.20 kB | 

                    | Initial total |   1.39 MB

Application bundle generation complete. [0.371 seconds]

Component update sent to client(s).
Component update failed: Cannot find control with name: 'password_confirmation'
Error: Cannot find control with name: 'password_confirmation'
    at _throwError (http://localhost:4200/@fs/home/alisson/www/accounter/.angular/cache/19.2.11/accounter/vite/deps/@angular_forms.js?v=bd4cc9c0:2826:9)
    at setUpControl (http://localhost:4200/@fs/home/alisson/www/accounter/.angular/cache/19.2.11/accounter/vite/deps/@angular_forms.js?v=bd4cc9c0:2688:19)
    at _FormGroupDirective.addControl (http://localhost:4200/@fs/home/alisson/www/accounter/.angular/cache/19.2.11/accounter/vite/deps/@angular_forms.js?v=bd4cc9c0:4457:5)
    at _FormControlName._setUpControl (http://localhost:4200/@fs/home/alisson/www/accounter/.angular/cache/19.2.11/accounter/vite/deps/@angular_forms.js?v=bd4cc9c0:5027:39)
    at _FormControlName.ngOnChanges (http://localhost:4200/@fs/home/alisson/www/accounter/.angular/cache/19.2.11/accounter/vite/deps/@angular_forms.js?v=bd4cc9c0:4983:28)
    at _FormControlName.rememberChangeHistoryAndInvokeOnChangesHook (http://localhost:4200/@fs/home/alisson/www/accounter/.angular/cache/19.2.11/accounter/vite/deps/chunk-OO74OAGZ.js?v=bd4cc9c0:3565:10)
    at callHookInternal (http://localhost:4200/@fs/home/alisson/www/accounter/.angular/cache/19.2.11/accounter/vite/deps/chunk-OO74OAGZ.js?v=bd4cc9c0:4169:10)
    at callHook (http://localhost:4200/@fs/home/alisson/www/accounter/.angular/cache/19.2.11/accounter/vite/deps/chunk-OO74OAGZ.js?v=bd4cc9c0:4187:5)
    at callHooks (http://localhost:4200/@fs/home/alisson/www/accounter/.angular/cache/19.2.11/accounter/vite/deps/chunk-OO74OAGZ.js?v=bd4cc9c0:4158:9)
    at executeInitAndCheckHooks (http://localhost:4200/@fs/home/alisson/www/accounter/.angular/cache/19.2.11/accounter/vite/deps/chunk-OO74OAGZ.js?v=bd4cc9c0:4127:5)
Please consider reporting the error at https://github.com/angular/angular-cli/issues
Page reload sent to client(s).
‚ùØ Changes detected. Rebuilding...
‚úî Changes detected. Rebuilding...
Initial chunk files | Names |  Raw size
main.js             | main  | 125.40 kB | 

Application bundle generation complete. [0.374 seconds]

Component update sent to client(s).
Component update failed: Cannot find control with name: 'password_confirmation'
Error: Cannot find control with name: 'password_confirmation'
    at _throwError (http://localhost:4200/@fs/home/alisson/www/accounter/.angular/cache/19.2.11/accounter/vite/deps/@angular_forms.js?v=bd4cc9c0:2826:9)
    at setUpControl (http://localhost:4200/@fs/home/alisson/www/accounter/.angular/cache/19.2.11/accounter/vite/deps/@angular_forms.js?v=bd4cc9c0:2688:19)
    at _FormGroupDirective.addControl (http://localhost:4200/@fs/home/alisson/www/accounter/.angular/cache/19.2.11/accounter/vite/deps/@angular_forms.js?v=bd4cc9c0:4457:5)
    at _FormControlName._setUpControl (http://localhost:4200/@fs/home/alisson/www/accounter/.angular/cache/19.2.11/accounter/vite/deps/@angular_forms.js?v=bd4cc9c0:5027:39)
    at _FormControlName.ngOnChanges (http://localhost:4200/@fs/home/alisson/www/accounter/.angular/cache/19.2.11/accounter/vite/deps/@angular_forms.js?v=bd4cc9c0:4983:28)
    at _FormControlName.rememberChangeHistoryAndInvokeOnChangesHook (http://localhost:4200/@fs/home/alisson/www/accounter/.angular/cache/19.2.11/accounter/vite/deps/chunk-OO74OAGZ.js?v=bd4cc9c0:3565:10)
    at callHookInternal (http://localhost:4200/@fs/home/alisson/www/accounter/.angular/cache/19.2.11/accounter/vite/deps/chunk-OO74OAGZ.js?v=bd4cc9c0:4169:10)
    at callHook (http://localhost:4200/@fs/home/alisson/www/accounter/.angular/cache/19.2.11/accounter/vite/deps/chunk-OO74OAGZ.js?v=bd4cc9c0:4187:5)
    at callHooks (http://localhost:4200/@fs/home/alisson/www/accounter/.angular/cache/19.2.11/accounter/vite/deps/chunk-OO74OAGZ.js?v=bd4cc9c0:4158:9)
    at executeInitAndCheckHooks (http://localhost:4200/@fs/home/alisson/www/accounter/.angular/cache/19.2.11/accounter/vite/deps/chunk-OO74OAGZ.js?v=bd4cc9c0:4127:5)
Please consider reporting the error at https://github.com/angular/angular-cli/issues
Page reload sent to client(s).
‚ùØ Changes detected. Rebuilding...
‚úî Changes detected. Rebuilding...
Initial chunk files | Names         |  Raw size
scripts.js          | scripts       | 993.17 kB | 
styles.css          | styles        | 184.83 kB | 
main.js             | main          | 125.40 kB | 
polyfills.js        | polyfills     |  90.20 kB | 

                    | Initial total |   1.39 MB

Application bundle generation complete. [0.366 seconds]

Component update sent to client(s).
Component update failed: Cannot find control with name: 'password_confirmation'
Error: Cannot find control with name: 'password_confirmation'
    at _throwError (http://localhost:4200/@fs/home/alisson/www/accounter/.angular/cache/19.2.11/accounter/vite/deps/@angular_forms.js?v=bd4cc9c0:2826:9)
    at setUpControl (http://localhost:4200/@fs/home/alisson/www/accounter/.angular/cache/19.2.11/accounter/vite/deps/@angular_forms.js?v=bd4cc9c0:2688:19)
    at _FormGroupDirective.addControl (http://localhost:4200/@fs/home/alisson/www/accounter/.angular/cache/19.2.11/accounter/vite/deps/@angular_forms.js?v=bd4cc9c0:4457:5)
    at _FormControlName._setUpControl (http://localhost:4200/@fs/home/alisson/www/accounter/.angular/cache/19.2.11/accounter/vite/deps/@angular_forms.js?v=bd4cc9c0:5027:39)
    at _FormControlName.ngOnChanges (http://localhost:4200/@fs/home/alisson/www/accounter/.angular/cache/19.2.11/accounter/vite/deps/@angular_forms.js?v=bd4cc9c0:4983:28)
    at _FormControlName.rememberChangeHistoryAndInvokeOnChangesHook (http://localhost:4200/@fs/home/alisson/www/accounter/.angular/cache/19.2.11/accounter/vite/deps/chunk-OO74OAGZ.js?v=bd4cc9c0:3565:10)
    at callHookInternal (http://localhost:4200/@fs/home/alisson/www/accounter/.angular/cache/19.2.11/accounter/vite/deps/chunk-OO74OAGZ.js?v=bd4cc9c0:4169:10)
    at callHook (http://localhost:4200/@fs/home/alisson/www/accounter/.angular/cache/19.2.11/accounter/vite/deps/chunk-OO74OAGZ.js?v=bd4cc9c0:4187:5)
    at callHooks (http://localhost:4200/@fs/home/alisson/www/accounter/.angular/cache/19.2.11/accounter/vite/deps/chunk-OO74OAGZ.js?v=bd4cc9c0:4158:9)
    at executeInitAndCheckHooks (http://localhost:4200/@fs/home/alisson/www/accounter/.angular/cache/19.2.11/accounter/vite/deps/chunk-OO74OAGZ.js?v=bd4cc9c0:4127:5)
Please consider reporting the error at https://github.com/angular/angular-cli/issues
Page reload sent to client(s).
‚ùØ Changes detected. Rebuilding...
‚úî Changes detected. Rebuilding...
Initial chunk files | Names |  Raw size
main.js             | main  | 125.46 kB | 

Application bundle generation complete. [0.252 seconds]

Page reload sent to client(s).
‚ùØ Changes detected. Rebuilding...
‚úî Changes detected. Rebuilding...
Initial chunk files | Names |  Raw size
main.js             | main  | 125.45 kB | 

Application bundle generation complete. [0.336 seconds]

Page reload sent to client(s).
‚ùØ Changes detected. Rebuilding...
‚úî Changes detected. Rebuilding...
Initial chunk files | Names |  Raw size
main.js             | main  | 125.40 kB | 

Application bundle generation complete. [0.498 seconds]

Page reload sent to client(s).
‚ùØ Changes detected. Rebuilding...
‚úî Changes detected. Rebuilding...
Initial chunk files | Names |  Raw size
main.js             | main  | 125.40 kB | 

Application bundle generation complete. [0.262 seconds]

Component update sent to client(s).
‚ùØ Changes detected. Rebuilding...
‚úî Changes detected. Rebuilding...
Initial chunk files | Names         |  Raw size
scripts.js          | scripts       | 993.17 kB | 
styles.css          | styles        | 184.83 kB | 
main.js             | main          | 125.40 kB | 
polyfills.js        | polyfills     |  90.20 kB | 

                    | Initial total |   1.39 MB

Application bundle generation complete. [0.375 seconds]

Component update sent to client(s).
‚ùØ Changes detected. Rebuilding...
‚úî Changes detected. Rebuilding...
Initial chunk files | Names |  Raw size
main.js             | main  | 125.46 kB | 

Application bundle generation complete. [0.397 seconds]

Page reload sent to client(s).
‚ùØ Changes detected. Rebuilding...
‚úî Changes detected. Rebuilding...
Initial chunk files | Names |  Raw size
main.js             | main  | 125.59 kB | 

Application bundle generation complete. [0.350 seconds]

Page reload sent to client(s).
‚ùØ Changes detected. Rebuilding...
‚úî Changes detected. Rebuilding...
Initial chunk files | Names |  Raw size
main.js             | main  | 125.59 kB | 

Application bundle generation complete. [0.375 seconds]

Page reload sent to client(s).
‚ùØ Changes detected. Rebuilding...
‚úî Changes detected. Rebuilding...
Initial chunk files | Names |  Raw size
main.js             | main  | 125.59 kB | 

Application bundle generation complete. [0.275 seconds]

Page reload sent to client(s).
‚ùØ Changes detected. Rebuilding...
‚úî Changes detected. Rebuilding...
Application bundle generation failed. [0.361 seconds]

[31m‚úò [41;31m[[41;97mERROR[41;31m][0m [1mNG8001: 'app-preloader' is not a known element:
1. If 'app-preloader' is an Angular component, then verify that it is included in the '@Component.imports' of this component.
2. If 'app-preloader' is a Web Component then add 'CUSTOM_ELEMENTS_SCHEMA' to the '@Component.schemas' of this component to suppress this message.[0m [1m[35m[plugin angular-compiler][0m

    src/app/pages/auth/cadastro/cadastro.component.html:19:3:
[37m      19 ‚îÇ       [32m<app-preloader id="login-spinner">[37m
         ‚ïµ       [32m~~~~~~~~~~~~~~~~~~~~~~~~~~~~~~~~~~[0m

  Error occurs in the template of component CadastroComponent.

    src/app/pages/auth/cadastro/cadastro.component.ts:11:15:
[37m      11 ‚îÇ   templateUrl: [32m'./cadastro.component.html'[37m,
         ‚ïµ                [32m~~~~~~~~~~~~~~~~~~~~~~~~~~~[0m


‚ùØ Changes detected. Rebuilding...
‚úî Changes detected. Rebuilding...
Initial chunk files | Names         |  Raw size
scripts.js          | scripts       | 993.17 kB | 
styles.css          | styles        | 184.83 kB | 
main.js             | main          | 125.72 kB | 
polyfills.js        | polyfills     |  90.20 kB | 

                    | Initial total |   1.39 MB

Application bundle generation complete. [0.334 seconds]

Page reload sent to client(s).
‚ùØ Changes detected. Rebuilding...
‚úî Changes detected. Rebuilding...
Initial chunk files | Names |  Raw size
main.js             | main  | 125.78 kB | 

Application bundle generation complete. [0.419 seconds]

Component update sent to client(s).
‚ùØ Changes detected. Rebuilding...
‚úî Changes detected. Rebuilding...
Initial chunk files | Names |  Raw size
main.js             | main  | 125.78 kB | 

Application bundle generation complete. [0.323 seconds]

Component update sent to client(s).
