Node.js version v23.11.0 detected.
Odd numbered Node.js versions will not enter LTS status and should not be used for production. For more information, please see https://nodejs.org/en/about/previous-releases/.

Warning: This is a simple server for use in testing or debugging Angular applications
locally. It hasn't been reviewed for security issues.

Binding this server to an open connection can result in compromising your application or
computer. Using a different host than the one passed to the "--host" flag might result in
websocket connection issues. You might need to use "--disable-host-check" if that's the
case.
    
Component HMR has been enabled.
If you encounter application reload issues, you can manually reload the page to bypass HMR and/or disable this feature with the `--no-hmr` command line option.
Please consider reporting any issues you encounter here: https://github.com/angular/angular-cli/issues

â¯ Building...
âœ” Building...
Initial chunk files | Names         |  Raw size
scripts.js          | scripts       | 993.17 kB | 
main.js             | main          | 248.07 kB | 
styles.css          | styles        | 184.84 kB | 
polyfills.js        | polyfills     |  90.20 kB | 

                    | Initial total |   1.52 MB

Application bundle generation complete. [5.279 seconds]

Watch mode enabled. Watching for file changes...
NOTE: Raw file sizes do not reflect development server per-request transformations.
  âœ  Local:   http://localhost:4200/
  âœ  Network: http://10.255.255.254:4200/
  âœ  Network: http://192.168.210.231:4200/
â¯ Changes detected. Rebuilding...
âœ” Changes detected. Rebuilding...
Initial chunk files | Names |  Raw size
main.js             | main  | 248.89 kB | 

Application bundle generation complete. [2.159 seconds]

Component update sent to client(s).
â¯ Changes detected. Rebuilding...
âœ” Changes detected. Rebuilding...
Initial chunk files | Names         |  Raw size
scripts.js          | scripts       | 993.17 kB | 
main.js             | main          | 248.89 kB | 
styles.css          | styles        | 184.84 kB | 
polyfills.js        | polyfills     |  90.20 kB | 

                    | Initial total |   1.52 MB

Application bundle generation complete. [0.613 seconds]

Component update sent to client(s).
â¯ Changes detected. Rebuilding...
âœ” Changes detected. Rebuilding...
Initial chunk files | Names |  Raw size
main.js             | main  | 249.38 kB | 

Application bundle generation complete. [0.639 seconds]

Component update sent to client(s).
â¯ Changes detected. Rebuilding...
âœ” Changes detected. Rebuilding...
Initial chunk files | Names |  Raw size
main.js             | main  | 249.69 kB | 

Application bundle generation complete. [0.721 seconds]

Component update sent to client(s).
â¯ Changes detected. Rebuilding...
âœ” Changes detected. Rebuilding...
Initial chunk files | Names |  Raw size
main.js             | main  | 251.51 kB | 

Application bundle generation complete. [0.831 seconds]

Component update sent to client(s).
â¯ Changes detected. Rebuilding...
âœ” Changes detected. Rebuilding...
Initial chunk files | Names         |  Raw size
scripts.js          | scripts       | 993.17 kB | 
main.js             | main          | 251.51 kB | 
styles.css          | styles        | 184.84 kB | 
polyfills.js        | polyfills     |  90.20 kB | 

                    | Initial total |   1.52 MB

Application bundle generation complete. [0.476 seconds]

Component update sent to client(s).
â¯ Changes detected. Rebuilding...
âœ” Changes detected. Rebuilding...
Initial chunk files | Names |  Raw size
main.js             | main  | 251.48 kB | 

Application bundle generation complete. [0.500 seconds]

Component update sent to client(s).
â¯ Changes detected. Rebuilding...
âœ” Changes detected. Rebuilding...
Initial chunk files | Names |  Raw size
main.js             | main  | 251.46 kB | 

Application bundle generation complete. [0.590 seconds]

Component update sent to client(s).
â¯ Changes detected. Rebuilding...
âœ” Changes detected. Rebuilding...
Initial chunk files | Names |  Raw size
main.js             | main  | 251.49 kB | 

Application bundle generation complete. [0.748 seconds]

Component update sent to client(s).
â¯ Changes detected. Rebuilding...
âœ” Changes detected. Rebuilding...
Initial chunk files | Names |  Raw size
main.js             | main  | 251.51 kB | 

Application bundle generation complete. [0.586 seconds]

Component update sent to client(s).
â¯ Changes detected. Rebuilding...
âœ” Changes detected. Rebuilding...
Initial chunk files | Names |  Raw size
main.js             | main  | 251.48 kB | 

Application bundle generation complete. [0.549 seconds]

Component update sent to client(s).
â¯ Changes detected. Rebuilding...
âœ” Changes detected. Rebuilding...
Initial chunk files | Names |  Raw size
main.js             | main  | 251.53 kB | 

Application bundle generation complete. [0.620 seconds]

Component update sent to client(s).
â¯ Changes detected. Rebuilding...
âœ” Changes detected. Rebuilding...
Initial chunk files | Names |  Raw size
main.js             | main  | 251.61 kB | 

Application bundle generation complete. [0.645 seconds]

Component update sent to client(s).
â¯ Changes detected. Rebuilding...
âœ” Changes detected. Rebuilding...
Initial chunk files | Names |  Raw size
main.js             | main  | 251.58 kB | 

Application bundle generation complete. [0.569 seconds]

Component update sent to client(s).
â¯ Changes detected. Rebuilding...
âœ” Changes detected. Rebuilding...
Initial chunk files | Names |  Raw size
main.js             | main  | 251.62 kB | 

Application bundle generation complete. [0.602 seconds]

Component update sent to client(s).
â¯ Changes detected. Rebuilding...
âœ” Changes detected. Rebuilding...
Initial chunk files | Names |  Raw size
main.js             | main  | 251.62 kB | 

Application bundle generation complete. [0.613 seconds]

Component update sent to client(s).
â¯ Changes detected. Rebuilding...
âœ” Changes detected. Rebuilding...
Initial chunk files | Names |  Raw size
main.js             | main  | 251.62 kB | 

Application bundle generation complete. [0.547 seconds]

Component update sent to client(s).
â¯ Changes detected. Rebuilding...
âœ” Changes detected. Rebuilding...
Initial chunk files | Names |  Raw size
main.js             | main  | 251.62 kB | 

Application bundle generation complete. [0.436 seconds]

Component update sent to client(s).
â¯ Changes detected. Rebuilding...
âœ” Changes detected. Rebuilding...
Initial chunk files | Names |  Raw size
main.js             | main  | 251.67 kB | 

Application bundle generation complete. [0.502 seconds]

Component update sent to client(s).
â¯ Changes detected. Rebuilding...
âœ” Changes detected. Rebuilding...
Initial chunk files | Names |  Raw size
main.js             | main  | 251.62 kB | 

Application bundle generation complete. [0.506 seconds]

Component update sent to client(s).
â¯ Changes detected. Rebuilding...
âœ” Changes detected. Rebuilding...
Initial chunk files | Names |  Raw size
main.js             | main  | 251.69 kB | 

Application bundle generation complete. [0.542 seconds]

Component update sent to client(s).
â¯ Changes detected. Rebuilding...
âœ” Changes detected. Rebuilding...
Initial chunk files | Names |  Raw size
main.js             | main  | 251.69 kB | 

Application bundle generation complete. [0.485 seconds]

Component update sent to client(s).
â¯ Changes detected. Rebuilding...
âœ” Changes detected. Rebuilding...
Initial chunk files | Names |  Raw size
main.js             | main  | 251.69 kB | 

Application bundle generation complete. [0.714 seconds]

Component update sent to client(s).
â¯ Changes detected. Rebuilding...
âœ” Changes detected. Rebuilding...
Initial chunk files | Names |  Raw size
main.js             | main  | 251.69 kB | 

Application bundle generation complete. [0.432 seconds]

Component update sent to client(s).
â¯ Changes detected. Rebuilding...
âœ” Changes detected. Rebuilding...
Initial chunk files | Names |  Raw size
main.js             | main  | 251.69 kB | 

Application bundle generation complete. [0.528 seconds]

Component update sent to client(s).
â¯ Changes detected. Rebuilding...
âœ” Changes detected. Rebuilding...
Initial chunk files | Names |  Raw size
main.js             | main  | 251.69 kB | 

Application bundle generation complete. [0.468 seconds]

Component update sent to client(s).
â¯ Changes detected. Rebuilding...
âœ” Changes detected. Rebuilding...
Initial chunk files | Names |  Raw size
main.js             | main  | 251.69 kB | 

Application bundle generation complete. [0.588 seconds]

Component update sent to client(s).
â¯ Changes detected. Rebuilding...
âœ” Changes detected. Rebuilding...
Initial chunk files | Names |  Raw size
main.js             | main  | 251.69 kB | 

Application bundle generation complete. [0.648 seconds]

Component update sent to client(s).
â¯ Changes detected. Rebuilding...
âœ” Changes detected. Rebuilding...
Initial chunk files | Names |  Raw size
main.js             | main  | 251.69 kB | 

Application bundle generation complete. [0.613 seconds]

Component update sent to client(s).
â¯ Changes detected. Rebuilding...
âœ” Changes detected. Rebuilding...
Initial chunk files | Names |  Raw size
main.js             | main  | 251.69 kB | 

Application bundle generation complete. [0.539 seconds]

Component update sent to client(s).
â¯ Changes detected. Rebuilding...
âœ” Changes detected. Rebuilding...
Initial chunk files | Names |  Raw size
main.js             | main  | 251.69 kB | 

Application bundle generation complete. [0.501 seconds]

Component update sent to client(s).
â¯ Changes detected. Rebuilding...
âœ” Changes detected. Rebuilding...
Initial chunk files | Names |  Raw size
main.js             | main  | 251.69 kB | 

Application bundle generation complete. [0.620 seconds]

Component update sent to client(s).
â¯ Changes detected. Rebuilding...
âœ” Changes detected. Rebuilding...
Initial chunk files | Names |  Raw size
main.js             | main  | 251.70 kB | 

Application bundle generation complete. [0.488 seconds]

Component update sent to client(s).
â¯ Changes detected. Rebuilding...
âœ” Changes detected. Rebuilding...
Initial chunk files | Names |  Raw size
main.js             | main  | 251.64 kB | 

Application bundle generation complete. [0.514 seconds]

Component update sent to client(s).
â¯ Changes detected. Rebuilding...
âœ” Changes detected. Rebuilding...
Initial chunk files | Names |  Raw size
main.js             | main  | 252.06 kB | 

Application bundle generation complete. [0.559 seconds]

Component update sent to client(s).
â¯ Changes detected. Rebuilding...
âœ” Changes detected. Rebuilding...
Initial chunk files | Names |  Raw size
main.js             | main  | 252.40 kB | 

Application bundle generation complete. [1.116 seconds]

Page reload sent to client(s).
â¯ Changes detected. Rebuilding...
âœ” Changes detected. Rebuilding...
Initial chunk files | Names |  Raw size
main.js             | main  | 252.44 kB | 

Application bundle generation complete. [0.314 seconds]

Page reload sent to client(s).
â¯ Changes detected. Rebuilding...
âœ” Changes detected. Rebuilding...
Application bundle generation failed. [0.543 seconds]

[31mâœ˜ [41;31m[[41;97mERROR[41;31m][0m [1mTS2663: Cannot find name 'modalDialog'. Did you mean the instance member 'this.modalDialog'?[0m [1m[35m[plugin angular-compiler][0m

    src/app/pages/configuracoes/carteiras-digitais/carteiras-digitais.component.ts:108:25:
[37m      108 â”‚         let btn_delete = [32mmodalDialog[37m.querySelector('.btn-confirm');
          â•µ                          [32m~~~~~~~~~~~[0m


[31mâœ˜ [41;31m[[41;97mERROR[41;31m][0m [1mTS2663: Cannot find name 'modalDialog'. Did you mean the instance member 'this.modalDialog'?[0m [1m[35m[plugin angular-compiler][0m

    src/app/pages/configuracoes/carteiras-digitais/carteiras-digitais.component.ts:115:29:
[37m      115 â”‚     let modal = M.Modal.init([32mmodalDialog[37m, modalOptions);
          â•µ                              [32m~~~~~~~~~~~[0m


[31mâœ˜ [41;31m[[41;97mERROR[41;31m][0m [1mTS2339: Property 'removeCarteira' does not exist on type 'CarteiraService'.[0m [1m[35m[plugin angular-compiler][0m

    src/app/pages/configuracoes/carteiras-digitais/carteiras-digitais.component.ts:120:25:
[37m      120 â”‚     this.carteiraService.[32mremoveCarteira[37m(id).subscribe((ok: any) => {
          â•µ                          [32m~~~~~~~~~~~~~~[0m


â¯ Changes detected. Rebuilding...
âœ” Changes detected. Rebuilding...
Application bundle generation failed. [0.559 seconds]

[31mâœ˜ [41;31m[[41;97mERROR[41;31m][0m [1mTS2663: Cannot find name 'modalDialog'. Did you mean the instance member 'this.modalDialog'?[0m [1m[35m[plugin angular-compiler][0m

    src/app/pages/configuracoes/carteiras-digitais/carteiras-digitais.component.ts:115:29:
[37m      115 â”‚     let modal = M.Modal.init([32mmodalDialog[37m, modalOptions);
          â•µ                              [32m~~~~~~~~~~~[0m


[31mâœ˜ [41;31m[[41;97mERROR[41;31m][0m [1mTS2339: Property 'removeCarteira' does not exist on type 'CarteiraService'.[0m [1m[35m[plugin angular-compiler][0m

    src/app/pages/configuracoes/carteiras-digitais/carteiras-digitais.component.ts:120:25:
[37m      120 â”‚     this.carteiraService.[32mremoveCarteira[37m(id).subscribe((ok: any) => {
          â•µ                          [32m~~~~~~~~~~~~~~[0m


â¯ Changes detected. Rebuilding...
âœ” Changes detected. Rebuilding...
Application bundle generation failed. [0.524 seconds]

[31mâœ˜ [41;31m[[41;97mERROR[41;31m][0m [1mTS2339: Property 'removeCarteira' does not exist on type 'CarteiraService'.[0m [1m[35m[plugin angular-compiler][0m

    src/app/pages/configuracoes/carteiras-digitais/carteiras-digitais.component.ts:120:25:
[37m      120 â”‚     this.carteiraService.[32mremoveCarteira[37m(id).subscribe((ok: any) => {
          â•µ                          [32m~~~~~~~~~~~~~~[0m


â¯ Changes detected. Rebuilding...
âœ” Changes detected. Rebuilding...
Initial chunk files | Names         |  Raw size
scripts.js          | scripts       | 993.17 kB | 
main.js             | main          | 253.39 kB | 
styles.css          | styles        | 184.84 kB | 
polyfills.js        | polyfills     |  90.20 kB | 

                    | Initial total |   1.52 MB

Application bundle generation complete. [0.405 seconds]

Page reload sent to client(s).
â¯ Changes detected. Rebuilding...
âœ” Changes detected. Rebuilding...
Initial chunk files | Names |  Raw size
main.js             | main  | 255.51 kB | 

Application bundle generation complete. [0.498 seconds]

Component update sent to client(s).
â¯ Changes detected. Rebuilding...
âœ” Changes detected. Rebuilding...
Initial chunk files | Names |  Raw size
main.js             | main  | 255.22 kB | 

Application bundle generation complete. [0.963 seconds]

Component update sent to client(s).
â¯ Changes detected. Rebuilding...
âœ” Changes detected. Rebuilding...
Initial chunk files | Names |  Raw size
main.js             | main  | 255.22 kB | 

Application bundle generation complete. [0.708 seconds]

Page reload sent to client(s).
â¯ Changes detected. Rebuilding...
âœ” Changes detected. Rebuilding...
Initial chunk files | Names |  Raw size
main.js             | main  | 255.29 kB | 

Application bundle generation complete. [0.628 seconds]

Page reload sent to client(s).
â¯ Changes detected. Rebuilding...
âœ” Changes detected. Rebuilding...
Application bundle generation failed. [0.346 seconds]

[31mâœ˜ [41;31m[[41;97mERROR[41;31m][0m [1mTS2304: Cannot find name 'debounceTime'.[0m [1m[35m[plugin angular-compiler][0m

    src/app/pages/configuracoes/carteiras-digitais/carteiras-digitais.component.ts:53:12:
[37m      53 â”‚       .pipe([32mdebounceTime[37m(200), distinctUntilChanged())
         â•µ             [32m~~~~~~~~~~~~[0m


[31mâœ˜ [41;31m[[41;97mERROR[41;31m][0m [1mTS2304: Cannot find name 'distinctUntilChanged'.[0m [1m[35m[plugin angular-compiler][0m

    src/app/pages/configuracoes/carteiras-digitais/carteiras-digitais.component.ts:53:31:
[37m      53 â”‚       .pipe(debounceTime(200), [32mdistinctUntilChanged[37m())
         â•µ                                [32m~~~~~~~~~~~~~~~~~~~~[0m


[31mâœ˜ [41;31m[[41;97mERROR[41;31m][0m [1mTS2551: Property 'getCategorias' does not exist on type 'CarteirasDigitaisComponent'. Did you mean 'getCarteiras'?[0m [1m[35m[plugin angular-compiler][0m

    src/app/pages/configuracoes/carteiras-digitais/carteiras-digitais.component.ts:55:13:
[37m      55 â”‚         this.[32mgetCategorias[37m(valor);
         â•µ              [32m~~~~~~~~~~~~~[0m

  'getCarteiras' is declared here.

    src/app/pages/configuracoes/carteiras-digitais/carteiras-digitais.component.ts:47:10:
[37m      47 â”‚   private [32mgetCarteiras[37m(valor?: string) {
         â•µ           [32m~~~~~~~~~~~~[0m


â¯ Changes detected. Rebuilding...
âœ” Changes detected. Rebuilding...
Application bundle generation failed. [0.307 seconds]

[31mâœ˜ [41;31m[[41;97mERROR[41;31m][0m [1mTS2304: Cannot find name 'debounceTime'.[0m [1m[35m[plugin angular-compiler][0m

    src/app/pages/configuracoes/carteiras-digitais/carteiras-digitais.component.ts:48:12:
[37m      48 â”‚       .pipe([32mdebounceTime[37m(200), distinctUntilChanged())
         â•µ             [32m~~~~~~~~~~~~[0m


[31mâœ˜ [41;31m[[41;97mERROR[41;31m][0m [1mTS2304: Cannot find name 'distinctUntilChanged'.[0m [1m[35m[plugin angular-compiler][0m

    src/app/pages/configuracoes/carteiras-digitais/carteiras-digitais.component.ts:48:31:
[37m      48 â”‚       .pipe(debounceTime(200), [32mdistinctUntilChanged[37m())
         â•µ                                [32m~~~~~~~~~~~~~~~~~~~~[0m


[31mâœ˜ [41;31m[[41;97mERROR[41;31m][0m [1mTS2551: Property 'getCategorias' does not exist on type 'CarteirasDigitaisComponent'. Did you mean 'getCarteiras'?[0m [1m[35m[plugin angular-compiler][0m

    src/app/pages/configuracoes/carteiras-digitais/carteiras-digitais.component.ts:50:13:
[37m      50 â”‚         this.[32mgetCategorias[37m(valor);
         â•µ              [32m~~~~~~~~~~~~~[0m

  'getCarteiras' is declared here.

    src/app/pages/configuracoes/carteiras-digitais/carteiras-digitais.component.ts:54:10:
[37m      54 â”‚   private [32mgetCarteiras[37m(valor?: string) {
         â•µ           [32m~~~~~~~~~~~~[0m


â¯ Changes detected. Rebuilding...
âœ” Changes detected. Rebuilding...
Application bundle generation failed. [0.527 seconds]

[31mâœ˜ [41;31m[[41;97mERROR[41;31m][0m [1mTS2551: Property 'getCategorias' does not exist on type 'CarteirasDigitaisComponent'. Did you mean 'getCarteiras'?[0m [1m[35m[plugin angular-compiler][0m

    src/app/pages/configuracoes/carteiras-digitais/carteiras-digitais.component.ts:51:13:
[37m      51 â”‚         this.[32mgetCategorias[37m(valor);
         â•µ              [32m~~~~~~~~~~~~~[0m

  'getCarteiras' is declared here.

    src/app/pages/configuracoes/carteiras-digitais/carteiras-digitais.component.ts:55:10:
[37m      55 â”‚   private [32mgetCarteiras[37m(valor?: string) {
         â•µ           [32m~~~~~~~~~~~~[0m


â¯ Changes detected. Rebuilding...
âœ” Changes detected. Rebuilding...
Initial chunk files | Names         |  Raw size
scripts.js          | scripts       | 993.17 kB | 
main.js             | main          | 255.51 kB | 
styles.css          | styles        | 184.84 kB | 
polyfills.js        | polyfills     |  90.20 kB | 

                    | Initial total |   1.52 MB

Application bundle generation complete. [0.351 seconds]

Page reload sent to client(s).
â¯ Changes detected. Rebuilding...
âœ” Changes detected. Rebuilding...
Initial chunk files | Names |  Raw size
main.js             | main  | 255.71 kB | 

Application bundle generation complete. [0.632 seconds]

Component update sent to client(s).
â¯ Changes detected. Rebuilding...
âœ” Changes detected. Rebuilding...
Initial chunk files | Names         |  Raw size
scripts.js          | scripts       | 993.17 kB | 
main.js             | main          | 255.71 kB | 
styles.css          | styles        | 184.84 kB | 
polyfills.js        | polyfills     |  90.20 kB | 

                    | Initial total |   1.52 MB

Application bundle generation complete. [0.893 seconds]

â¯ Changes detected. Rebuilding...
âœ” Changes detected. Rebuilding...
Initial chunk files | Names |  Raw size
main.js             | main  | 255.74 kB | 

Application bundle generation complete. [0.582 seconds]

Page reload sent to client(s).
â¯ Changes detected. Rebuilding...
âœ” Changes detected. Rebuilding...
Application bundle generation failed. [0.582 seconds]

[31mâœ˜ [41;31m[[41;97mERROR[41;31m][0m [1mTS2339: Property 'atualizaStatus' does not exist on type 'CarteiraService'.[0m [1m[35m[plugin angular-compiler][0m

    src/app/pages/configuracoes/carteiras-digitais/carteiras-digitais.component.ts:119:7:
[37m      119 â”‚       .[32matualizaStatus[37m(item.id, { status: item.status })
          â•µ        [32m~~~~~~~~~~~~~~[0m


[31mâœ˜ [41;31m[[41;97mERROR[41;31m][0m [1mTS7006: Parameter 'error' implicitly has an 'any' type.[0m [1m[35m[plugin angular-compiler][0m

    src/app/pages/configuracoes/carteiras-digitais/carteiras-digitais.component.ts:126:9:
[37m      126 â”‚         ([32merror[37m) => {
          â•µ          [32m~~~~~[0m


â¯ Changes detected. Rebuilding...
âœ” Changes detected. Rebuilding...
Initial chunk files | Names         |  Raw size
scripts.js          | scripts       | 993.17 kB | 
main.js             | main          | 256.33 kB | 
styles.css          | styles        | 184.84 kB | 
polyfills.js        | polyfills     |  90.20 kB | 

                    | Initial total |   1.52 MB

Application bundle generation complete. [0.484 seconds]

Page reload sent to client(s).
â¯ Changes detected. Rebuilding...
âœ” Changes detected. Rebuilding...
Initial chunk files | Names         |  Raw size
scripts.js          | scripts       | 993.17 kB | 
main.js             | main          | 256.33 kB | 
styles.css          | styles        | 184.84 kB | 
polyfills.js        | polyfills     |  90.20 kB | 

                    | Initial total |   1.52 MB

Application bundle generation complete. [0.221 seconds]

â¯ Changes detected. Rebuilding...
âœ” Changes detected. Rebuilding...
Initial chunk files | Names |  Raw size
main.js             | main  | 256.70 kB | 

Application bundle generation complete. [0.387 seconds]

Component update sent to client(s).
â¯ Changes detected. Rebuilding...
âœ” Changes detected. Rebuilding...
Initial chunk files | Names |  Raw size
main.js             | main  | 256.71 kB | 

Application bundle generation complete. [0.596 seconds]

Page reload sent to client(s).
â¯ Changes detected. Rebuilding...
âœ” Changes detected. Rebuilding...
Initial chunk files | Names |  Raw size
main.js             | main  | 261.94 kB | 

Application bundle generation complete. [0.670 seconds]

Component update sent to client(s).
â¯ Changes detected. Rebuilding...
âœ” Changes detected. Rebuilding...
Initial chunk files | Names |  Raw size
main.js             | main  | 261.30 kB | 

Application bundle generation complete. [0.823 seconds]

Component update sent to client(s).
â¯ Changes detected. Rebuilding...
âœ” Changes detected. Rebuilding...
Initial chunk files | Names |  Raw size
main.js             | main  | 260.84 kB | 

Application bundle generation complete. [0.746 seconds]

Component update sent to client(s).
â¯ Changes detected. Rebuilding...
âœ” Changes detected. Rebuilding...
Initial chunk files | Names |  Raw size
main.js             | main  | 260.82 kB | 

Application bundle generation complete. [0.603 seconds]

Page reload sent to client(s).
â¯ Changes detected. Rebuilding...
âœ” Changes detected. Rebuilding...
Initial chunk files | Names |  Raw size
main.js             | main  | 256.69 kB | 

Application bundle generation complete. [0.392 seconds]

Component update sent to client(s).
â¯ Changes detected. Rebuilding...
âœ” Changes detected. Rebuilding...
Initial chunk files | Names |  Raw size
main.js             | main  | 256.68 kB | 

Application bundle generation complete. [0.576 seconds]

Component update sent to client(s).
â¯ Changes detected. Rebuilding...
âœ” Changes detected. Rebuilding...
Initial chunk files | Names |  Raw size
main.js             | main  | 256.63 kB | 

Application bundle generation complete. [0.768 seconds]

Page reload sent to client(s).
â¯ Changes detected. Rebuilding...
âœ” Changes detected. Rebuilding...
Initial chunk files | Names |  Raw size
main.js             | main  | 256.58 kB | 

Application bundle generation complete. [0.431 seconds]

Page reload sent to client(s).
â¯ Changes detected. Rebuilding...
âœ” Changes detected. Rebuilding...
Initial chunk files | Names |  Raw size
main.js             | main  | 256.71 kB | 

Application bundle generation complete. [0.422 seconds]

Page reload sent to client(s).
â¯ Changes detected. Rebuilding...
âœ” Changes detected. Rebuilding...
Application bundle generation failed. [0.678 seconds]

[31mâœ˜ [41;31m[[41;97mERROR[41;31m][0m [1mNG1: Property 'carteiras' does not exist on type 'CarteirasDigitaisComponent'. Did you mean 'carteiras$'?[0m [1m[35m[plugin angular-compiler][0m

    src/app/pages/configuracoes/carteiras-digitais/carteiras-digitais.component.html:24:14:
[37m      24 â”‚     <div *ngIf="[32mcarteiras[37m !== null; else noResults">
         â•µ                 [32m~~~~~~~~~[0m

  Error occurs in the template of component CarteirasDigitaisComponent.

    src/app/pages/configuracoes/carteiras-digitais/carteiras-digitais.component.ts:185:15:
[37m      185 â”‚   templateUrl: [32m'./carteiras-digitais.component.html'[37m,
          â•µ                [32m~~~~~~~~~~~~~~~~~~~~~~~~~~~~~~~~~~~~~[0m


[31mâœ˜ [41;31m[[41;97mERROR[41;31m][0m [1mNG1: Property 'carteiras' does not exist on type 'CarteirasDigitaisComponent'. Did you mean 'carteiras$'?[0m [1m[35m[plugin angular-compiler][0m

    src/app/pages/configuracoes/carteiras-digitais/carteiras-digitais.component.html:36:29:
[37m      36 â”‚           <tr *ngFor="let item of [32mcarteiras[37m">
         â•µ                                   [32m~~~~~~~~~[0m

  Error occurs in the template of component CarteirasDigitaisComponent.

    src/app/pages/configuracoes/carteiras-digitais/carteiras-digitais.component.ts:185:15:
[37m      185 â”‚   templateUrl: [32m'./carteiras-digitais.component.html'[37m,
          â•µ                [32m~~~~~~~~~~~~~~~~~~~~~~~~~~~~~~~~~~~~~[0m


[31mâœ˜ [41;31m[[41;97mERROR[41;31m][0m [1mNG9: Property 'updateStatus' does not exist on type 'CarteirasDigitaisComponent'.[0m [1m[35m[plugin angular-compiler][0m

    src/app/pages/configuracoes/carteiras-digitais/carteiras-digitais.component.html:48:100:
[37m      48 â”‚ ...t btn-small waves-effect btn-status" (click)="[32mupdateStatus[37m(item)">
         â•µ                                                  [32m~~~~~~~~~~~~[0m

  Error occurs in the template of component CarteirasDigitaisComponent.

    src/app/pages/configuracoes/carteiras-digitais/carteiras-digitais.component.ts:185:15:
[37m      185 â”‚   templateUrl: [32m'./carteiras-digitais.component.html'[37m,
          â•µ                [32m~~~~~~~~~~~~~~~~~~~~~~~~~~~~~~~~~~~~~[0m


[31mâœ˜ [41;31m[[41;97mERROR[41;31m][0m [1mTS2345: Argument of type 'unknown' is not assignable to parameter of type 'any[]'.[0m [1m[35m[plugin angular-compiler][0m

    src/app/pages/configuracoes/carteiras-digitais/carteiras-digitais.component.ts:219:29:
[37m      219 â”‚         this.carteiras$.next([32mresults[37m); // Atualiza o estado do Be...
          â•µ                              [32m~~~~~~~[0m


[31mâœ˜ [41;31m[[41;97mERROR[41;31m][0m [1mTS2339: Property 'updateCarteira' does not exist on type 'CarteiraService'.[0m [1m[35m[plugin angular-compiler][0m

    src/app/pages/configuracoes/carteiras-digitais/carteiras-digitais.component.ts:259:25:
[37m      259 â”‚     this.carteiraService.[32mupdateCarteira[37m(updatedCarteira).subscribe(
          â•µ                          [32m~~~~~~~~~~~~~~[0m


â¯ Changes detected. Rebuilding...
âœ” Changes detected. Rebuilding...
Application bundle generation failed. [0.609 seconds]

[31mâœ˜ [41;31m[[41;97mERROR[41;31m][0m [1mNG2: Type 'BehaviorSubject<any[]>' is not assignable to type 'NgIterable<any> | null | undefined'.
  Type 'BehaviorSubject<any[]>' is missing the following properties from type 'any[]': length, pop, push, concat, and 28 more.[0m [1m[35m[plugin angular-compiler][0m

    src/app/pages/configuracoes/carteiras-digitais/carteiras-digitais.component.html:36:26:
[37m      36 â”‚           <tr *ngFor="let item [32mof[37m carteiras$">
         â•µ                                [32m~~[0m

  Error occurs in the template of component CarteirasDigitaisComponent.

    src/app/pages/configuracoes/carteiras-digitais/carteiras-digitais.component.ts:185:15:
[37m      185 â”‚   templateUrl: [32m'./carteiras-digitais.component.html'[37m,
          â•µ                [32m~~~~~~~~~~~~~~~~~~~~~~~~~~~~~~~~~~~~~[0m


[31mâœ˜ [41;31m[[41;97mERROR[41;31m][0m [1mNG9: Property 'updateStatus' does not exist on type 'CarteirasDigitaisComponent'.[0m [1m[35m[plugin angular-compiler][0m

    src/app/pages/configuracoes/carteiras-digitais/carteiras-digitais.component.html:48:100:
[37m      48 â”‚ ...t btn-small waves-effect btn-status" (click)="[32mupdateStatus[37m(item)">
         â•µ                                                  [32m~~~~~~~~~~~~[0m

  Error occurs in the template of component CarteirasDigitaisComponent.

    src/app/pages/configuracoes/carteiras-digitais/carteiras-digitais.component.ts:185:15:
[37m      185 â”‚   templateUrl: [32m'./carteiras-digitais.component.html'[37m,
          â•µ                [32m~~~~~~~~~~~~~~~~~~~~~~~~~~~~~~~~~~~~~[0m


[31mâœ˜ [41;31m[[41;97mERROR[41;31m][0m [1mTS2345: Argument of type 'unknown' is not assignable to parameter of type 'any[]'.[0m [1m[35m[plugin angular-compiler][0m

    src/app/pages/configuracoes/carteiras-digitais/carteiras-digitais.component.ts:219:29:
[37m      219 â”‚         this.carteiras$.next([32mresults[37m); // Atualiza o estado do Be...
          â•µ                              [32m~~~~~~~[0m


[31mâœ˜ [41;31m[[41;97mERROR[41;31m][0m [1mTS2339: Property 'updateCarteira' does not exist on type 'CarteiraService'.[0m [1m[35m[plugin angular-compiler][0m

    src/app/pages/configuracoes/carteiras-digitais/carteiras-digitais.component.ts:259:25:
[37m      259 â”‚     this.carteiraService.[32mupdateCarteira[37m(updatedCarteira).subscribe(
          â•µ                          [32m~~~~~~~~~~~~~~[0m


â¯ Changes detected. Rebuilding...
âœ” Changes detected. Rebuilding...
Application bundle generation failed. [0.761 seconds]

[31mâœ˜ [41;31m[[41;97mERROR[41;31m][0m [1mNG2: Type 'BehaviorSubject<any[]>' is not assignable to type 'NgIterable<any> | null | undefined'.
  Type 'BehaviorSubject<any[]>' is missing the following properties from type 'any[]': length, pop, push, concat, and 28 more.[0m [1m[35m[plugin angular-compiler][0m

    src/app/pages/configuracoes/carteiras-digitais/carteiras-digitais.component.html:36:26:
[37m      36 â”‚           <tr *ngFor="let item [32mof[37m carteiras$">
         â•µ                                [32m~~[0m

  Error occurs in the template of component CarteirasDigitaisComponent.

    src/app/pages/configuracoes/carteiras-digitais/carteiras-digitais.component.ts:185:15:
[37m      185 â”‚   templateUrl: [32m'./carteiras-digitais.component.html'[37m,
          â•µ                [32m~~~~~~~~~~~~~~~~~~~~~~~~~~~~~~~~~~~~~[0m


[31mâœ˜ [41;31m[[41;97mERROR[41;31m][0m [1mNG9: Property 'updateStatus' does not exist on type 'CarteirasDigitaisComponent'.[0m [1m[35m[plugin angular-compiler][0m

    src/app/pages/configuracoes/carteiras-digitais/carteiras-digitais.component.html:48:100:
[37m      48 â”‚ ...t btn-small waves-effect btn-status" (click)="[32mupdateStatus[37m(item)">
         â•µ                                                  [32m~~~~~~~~~~~~[0m

  Error occurs in the template of component CarteirasDigitaisComponent.

    src/app/pages/configuracoes/carteiras-digitais/carteiras-digitais.component.ts:185:15:
[37m      185 â”‚   templateUrl: [32m'./carteiras-digitais.component.html'[37m,
          â•µ                [32m~~~~~~~~~~~~~~~~~~~~~~~~~~~~~~~~~~~~~[0m


[31mâœ˜ [41;31m[[41;97mERROR[41;31m][0m [1mTS2345: Argument of type 'unknown' is not assignable to parameter of type 'any[]'.[0m [1m[35m[plugin angular-compiler][0m

    src/app/pages/configuracoes/carteiras-digitais/carteiras-digitais.component.ts:219:29:
[37m      219 â”‚         this.carteiras$.next([32mresults[37m); // Atualiza o estado do Be...
          â•µ                              [32m~~~~~~~[0m


[31mâœ˜ [41;31m[[41;97mERROR[41;31m][0m [1mTS2339: Property 'updateCarteira' does not exist on type 'CarteiraService'.[0m [1m[35m[plugin angular-compiler][0m

    src/app/pages/configuracoes/carteiras-digitais/carteiras-digitais.component.ts:259:25:
[37m      259 â”‚     this.carteiraService.[32mupdateCarteira[37m(updatedCarteira).subscribe(
          â•µ                          [32m~~~~~~~~~~~~~~[0m


â¯ Changes detected. Rebuilding...
âœ” Changes detected. Rebuilding...
Application bundle generation failed. [0.412 seconds]

[31mâœ˜ [41;31m[[41;97mERROR[41;31m][0m [1mNG2: Type 'Observable<any[]>' is not assignable to type 'NgIterable<any> | null | undefined'.
  Type 'Observable<any[]>' is missing the following properties from type 'any[]': length, pop, push, concat, and 28 more.[0m [1m[35m[plugin angular-compiler][0m

    src/app/pages/configuracoes/carteiras-digitais/carteiras-digitais.component.html:36:26:
[37m      36 â”‚           <tr *ngFor="let item [32mof[37m carteiras$.asObservable()">
         â•µ                                [32m~~[0m

  Error occurs in the template of component CarteirasDigitaisComponent.

    src/app/pages/configuracoes/carteiras-digitais/carteiras-digitais.component.ts:185:15:
[37m      185 â”‚   templateUrl: [32m'./carteiras-digitais.component.html'[37m,
          â•µ                [32m~~~~~~~~~~~~~~~~~~~~~~~~~~~~~~~~~~~~~[0m


[31mâœ˜ [41;31m[[41;97mERROR[41;31m][0m [1mNG9: Property 'updateStatus' does not exist on type 'CarteirasDigitaisComponent'.[0m [1m[35m[plugin angular-compiler][0m

    src/app/pages/configuracoes/carteiras-digitais/carteiras-digitais.component.html:48:100:
[37m      48 â”‚ ...t btn-small waves-effect btn-status" (click)="[32mupdateStatus[37m(item)">
         â•µ                                                  [32m~~~~~~~~~~~~[0m

  Error occurs in the template of component CarteirasDigitaisComponent.

    src/app/pages/configuracoes/carteiras-digitais/carteiras-digitais.component.ts:185:15:
[37m      185 â”‚   templateUrl: [32m'./carteiras-digitais.component.html'[37m,
          â•µ                [32m~~~~~~~~~~~~~~~~~~~~~~~~~~~~~~~~~~~~~[0m


[31mâœ˜ [41;31m[[41;97mERROR[41;31m][0m [1mTS2345: Argument of type 'unknown' is not assignable to parameter of type 'any[]'.[0m [1m[35m[plugin angular-compiler][0m

    src/app/pages/configuracoes/carteiras-digitais/carteiras-digitais.component.ts:219:29:
[37m      219 â”‚         this.carteiras$.next([32mresults[37m); // Atualiza o estado do Be...
          â•µ                              [32m~~~~~~~[0m


[31mâœ˜ [41;31m[[41;97mERROR[41;31m][0m [1mTS2339: Property 'updateCarteira' does not exist on type 'CarteiraService'.[0m [1m[35m[plugin angular-compiler][0m

    src/app/pages/configuracoes/carteiras-digitais/carteiras-digitais.component.ts:259:25:
[37m      259 â”‚     this.carteiraService.[32mupdateCarteira[37m(updatedCarteira).subscribe(
          â•µ                          [32m~~~~~~~~~~~~~~[0m


â¯ Changes detected. Rebuilding...
âœ” Changes detected. Rebuilding...
Application bundle generation failed. [0.633 seconds]

[31mâœ˜ [41;31m[[41;97mERROR[41;31m][0m [1mNG2: Type 'Observable<any[]>' is not assignable to type 'NgIterable<any> | null | undefined'.
  Type 'Observable<any[]>' is missing the following properties from type 'any[]': length, pop, push, concat, and 28 more.[0m [1m[35m[plugin angular-compiler][0m

    src/app/pages/configuracoes/carteiras-digitais/carteiras-digitais.component.html:36:26:
[37m      36 â”‚           <tr *ngFor="let item [32mof[37m carteiras$.asObservable()">
         â•µ                                [32m~~[0m

  Error occurs in the template of component CarteirasDigitaisComponent.

    src/app/pages/configuracoes/carteiras-digitais/carteiras-digitais.component.ts:185:15:
[37m      185 â”‚   templateUrl: [32m'./carteiras-digitais.component.html'[37m,
          â•µ                [32m~~~~~~~~~~~~~~~~~~~~~~~~~~~~~~~~~~~~~[0m


[31mâœ˜ [41;31m[[41;97mERROR[41;31m][0m [1mNG9: Property 'updateStatus' does not exist on type 'CarteirasDigitaisComponent'.[0m [1m[35m[plugin angular-compiler][0m

    src/app/pages/configuracoes/carteiras-digitais/carteiras-digitais.component.html:48:100:
[37m      48 â”‚ ...t btn-small waves-effect btn-status" (click)="[32mupdateStatus[37m(item)">
         â•µ                                                  [32m~~~~~~~~~~~~[0m

  Error occurs in the template of component CarteirasDigitaisComponent.

    src/app/pages/configuracoes/carteiras-digitais/carteiras-digitais.component.ts:185:15:
[37m      185 â”‚   templateUrl: [32m'./carteiras-digitais.component.html'[37m,
          â•µ                [32m~~~~~~~~~~~~~~~~~~~~~~~~~~~~~~~~~~~~~[0m


[31mâœ˜ [41;31m[[41;97mERROR[41;31m][0m [1mTS2345: Argument of type 'unknown' is not assignable to parameter of type 'any[]'.[0m [1m[35m[plugin angular-compiler][0m

    src/app/pages/configuracoes/carteiras-digitais/carteiras-digitais.component.ts:219:29:
[37m      219 â”‚         this.carteiras$.next([32mresults[37m); // Atualiza o estado do Be...
          â•µ                              [32m~~~~~~~[0m


[31mâœ˜ [41;31m[[41;97mERROR[41;31m][0m [1mTS2339: Property 'updateCarteira' does not exist on type 'CarteiraService'.[0m [1m[35m[plugin angular-compiler][0m

    src/app/pages/configuracoes/carteiras-digitais/carteiras-digitais.component.ts:259:25:
[37m      259 â”‚     this.carteiraService.[32mupdateCarteira[37m(updatedCarteira).subscribe(
          â•µ                          [32m~~~~~~~~~~~~~~[0m


â¯ Changes detected. Rebuilding...
âœ” Changes detected. Rebuilding...
Application bundle generation failed. [0.448 seconds]

[31mâœ˜ [41;31m[[41;97mERROR[41;31m][0m [1mNG2: Type 'Observable<any[]>' is not assignable to type 'NgIterable<any> | null | undefined'.
  Type 'Observable<any[]>' is missing the following properties from type 'any[]': length, pop, push, concat, and 28 more.[0m [1m[35m[plugin angular-compiler][0m

    src/app/pages/configuracoes/carteiras-digitais/carteiras-digitais.component.html:36:26:
[37m      36 â”‚           <tr *ngFor="let item [32mof[37m this.carteiras$.asObservable()">
         â•µ                                [32m~~[0m

  Error occurs in the template of component CarteirasDigitaisComponent.

    src/app/pages/configuracoes/carteiras-digitais/carteiras-digitais.component.ts:185:15:
[37m      185 â”‚   templateUrl: [32m'./carteiras-digitais.component.html'[37m,
          â•µ                [32m~~~~~~~~~~~~~~~~~~~~~~~~~~~~~~~~~~~~~[0m


[31mâœ˜ [41;31m[[41;97mERROR[41;31m][0m [1mNG9: Property 'updateStatus' does not exist on type 'CarteirasDigitaisComponent'.[0m [1m[35m[plugin angular-compiler][0m

    src/app/pages/configuracoes/carteiras-digitais/carteiras-digitais.component.html:48:100:
[37m      48 â”‚ ...t btn-small waves-effect btn-status" (click)="[32mupdateStatus[37m(item)">
         â•µ                                                  [32m~~~~~~~~~~~~[0m

  Error occurs in the template of component CarteirasDigitaisComponent.

    src/app/pages/configuracoes/carteiras-digitais/carteiras-digitais.component.ts:185:15:
[37m      185 â”‚   templateUrl: [32m'./carteiras-digitais.component.html'[37m,
          â•µ                [32m~~~~~~~~~~~~~~~~~~~~~~~~~~~~~~~~~~~~~[0m


[31mâœ˜ [41;31m[[41;97mERROR[41;31m][0m [1mTS2345: Argument of type 'unknown' is not assignable to parameter of type 'any[]'.[0m [1m[35m[plugin angular-compiler][0m

    src/app/pages/configuracoes/carteiras-digitais/carteiras-digitais.component.ts:219:29:
[37m      219 â”‚         this.carteiras$.next([32mresults[37m); // Atualiza o estado do Be...
          â•µ                              [32m~~~~~~~[0m


[31mâœ˜ [41;31m[[41;97mERROR[41;31m][0m [1mTS2339: Property 'updateCarteira' does not exist on type 'CarteiraService'.[0m [1m[35m[plugin angular-compiler][0m

    src/app/pages/configuracoes/carteiras-digitais/carteiras-digitais.component.ts:259:25:
[37m      259 â”‚     this.carteiraService.[32mupdateCarteira[37m(updatedCarteira).subscribe(
          â•µ                          [32m~~~~~~~~~~~~~~[0m


â¯ Changes detected. Rebuilding...
âœ” Changes detected. Rebuilding...
Application bundle generation failed. [0.603 seconds]

[31mâœ˜ [41;31m[[41;97mERROR[41;31m][0m [1mNG1: Object is possibly 'null'.[0m [1m[35m[plugin angular-compiler][0m

    src/app/pages/configuracoes/carteiras-digitais/carteiras-digitais.component.html:24:35:
[37m      24 â”‚     <div *ngIf="(carteiras$ | async).[32mlength[37m > 0; else noResults">
         â•µ                                      [32m~~~~~~[0m

  Error occurs in the template of component CarteirasDigitaisComponent.

    src/app/pages/configuracoes/carteiras-digitais/carteiras-digitais.component.ts:185:15:
[37m      185 â”‚   templateUrl: [32m'./carteiras-digitais.component.html'[37m,
          â•µ                [32m~~~~~~~~~~~~~~~~~~~~~~~~~~~~~~~~~~~~~[0m


[31mâœ˜ [41;31m[[41;97mERROR[41;31m][0m [1mNG1: Property 'carteiras' does not exist on type 'CarteirasDigitaisComponent'. Did you mean 'carteiras$'?[0m [1m[35m[plugin angular-compiler][0m

    src/app/pages/configuracoes/carteiras-digitais/carteiras-digitais.component.html:36:29:
[37m      36 â”‚           <tr *ngFor="let item of [32mcarteiras[37m">
         â•µ                                   [32m~~~~~~~~~[0m

  Error occurs in the template of component CarteirasDigitaisComponent.

    src/app/pages/configuracoes/carteiras-digitais/carteiras-digitais.component.ts:185:15:
[37m      185 â”‚   templateUrl: [32m'./carteiras-digitais.component.html'[37m,
          â•µ                [32m~~~~~~~~~~~~~~~~~~~~~~~~~~~~~~~~~~~~~[0m


[31mâœ˜ [41;31m[[41;97mERROR[41;31m][0m [1mNG9: Property 'updateStatus' does not exist on type 'CarteirasDigitaisComponent'.[0m [1m[35m[plugin angular-compiler][0m

    src/app/pages/configuracoes/carteiras-digitais/carteiras-digitais.component.html:48:100:
[37m      48 â”‚ ...t btn-small waves-effect btn-status" (click)="[32mupdateStatus[37m(item)">
         â•µ                                                  [32m~~~~~~~~~~~~[0m

  Error occurs in the template of component CarteirasDigitaisComponent.

    src/app/pages/configuracoes/carteiras-digitais/carteiras-digitais.component.ts:185:15:
[37m      185 â”‚   templateUrl: [32m'./carteiras-digitais.component.html'[37m,
          â•µ                [32m~~~~~~~~~~~~~~~~~~~~~~~~~~~~~~~~~~~~~[0m


[31mâœ˜ [41;31m[[41;97mERROR[41;31m][0m [1mTS2345: Argument of type 'unknown' is not assignable to parameter of type 'any[]'.[0m [1m[35m[plugin angular-compiler][0m

    src/app/pages/configuracoes/carteiras-digitais/carteiras-digitais.component.ts:219:29:
[37m      219 â”‚         this.carteiras$.next([32mresults[37m); // Atualiza o estado do Be...
          â•µ                              [32m~~~~~~~[0m


[31mâœ˜ [41;31m[[41;97mERROR[41;31m][0m [1mTS2339: Property 'updateCarteira' does not exist on type 'CarteiraService'.[0m [1m[35m[plugin angular-compiler][0m

    src/app/pages/configuracoes/carteiras-digitais/carteiras-digitais.component.ts:259:25:
[37m      259 â”‚     this.carteiraService.[32mupdateCarteira[37m(updatedCarteira).subscribe(
          â•µ                          [32m~~~~~~~~~~~~~~[0m


â¯ Changes detected. Rebuilding...
âœ” Changes detected. Rebuilding...
Application bundle generation failed. [0.609 seconds]

[31mâœ˜ [41;31m[[41;97mERROR[41;31m][0m [1mNG2: Object is possibly 'undefined'.[0m [1m[35m[plugin angular-compiler][0m

    src/app/pages/configuracoes/carteiras-digitais/carteiras-digitais.component.html:24:14:
[37m      24 â”‚     <div *ngIf="[32m(carteiras$ | async)?.length > 0[37m; else noResults">
         â•µ                 [32m~~~~~~~~~~~~~~~~~~~~~~~~~~~~~~~~[0m

  Error occurs in the template of component CarteirasDigitaisComponent.

    src/app/pages/configuracoes/carteiras-digitais/carteiras-digitais.component.ts:185:15:
[37m      185 â”‚   templateUrl: [32m'./carteiras-digitais.component.html'[37m,
          â•µ                [32m~~~~~~~~~~~~~~~~~~~~~~~~~~~~~~~~~~~~~[0m


[31mâœ˜ [41;31m[[41;97mERROR[41;31m][0m [1mNG1: Property 'carteiras' does not exist on type 'CarteirasDigitaisComponent'. Did you mean 'carteiras$'?[0m [1m[35m[plugin angular-compiler][0m

    src/app/pages/configuracoes/carteiras-digitais/carteiras-digitais.component.html:36:29:
[37m      36 â”‚           <tr *ngFor="let item of [32mcarteiras[37m">
         â•µ                                   [32m~~~~~~~~~[0m

  Error occurs in the template of component CarteirasDigitaisComponent.

    src/app/pages/configuracoes/carteiras-digitais/carteiras-digitais.component.ts:185:15:
[37m      185 â”‚   templateUrl: [32m'./carteiras-digitais.component.html'[37m,
          â•µ                [32m~~~~~~~~~~~~~~~~~~~~~~~~~~~~~~~~~~~~~[0m


[31mâœ˜ [41;31m[[41;97mERROR[41;31m][0m [1mNG9: Property 'updateStatus' does not exist on type 'CarteirasDigitaisComponent'.[0m [1m[35m[plugin angular-compiler][0m

    src/app/pages/configuracoes/carteiras-digitais/carteiras-digitais.component.html:48:100:
[37m      48 â”‚ ...t btn-small waves-effect btn-status" (click)="[32mupdateStatus[37m(item)">
         â•µ                                                  [32m~~~~~~~~~~~~[0m

  Error occurs in the template of component CarteirasDigitaisComponent.

    src/app/pages/configuracoes/carteiras-digitais/carteiras-digitais.component.ts:185:15:
[37m      185 â”‚   templateUrl: [32m'./carteiras-digitais.component.html'[37m,
          â•µ                [32m~~~~~~~~~~~~~~~~~~~~~~~~~~~~~~~~~~~~~[0m


[31mâœ˜ [41;31m[[41;97mERROR[41;31m][0m [1mTS2345: Argument of type 'unknown' is not assignable to parameter of type 'any[]'.[0m [1m[35m[plugin angular-compiler][0m

    src/app/pages/configuracoes/carteiras-digitais/carteiras-digitais.component.ts:219:29:
[37m      219 â”‚         this.carteiras$.next([32mresults[37m); // Atualiza o estado do Be...
          â•µ                              [32m~~~~~~~[0m


[31mâœ˜ [41;31m[[41;97mERROR[41;31m][0m [1mTS2339: Property 'updateCarteira' does not exist on type 'CarteiraService'.[0m [1m[35m[plugin angular-compiler][0m

    src/app/pages/configuracoes/carteiras-digitais/carteiras-digitais.component.ts:259:25:
[37m      259 â”‚     this.carteiraService.[32mupdateCarteira[37m(updatedCarteira).subscribe(
          â•µ                          [32m~~~~~~~~~~~~~~[0m


â¯ Changes detected. Rebuilding...
âœ” Changes detected. Rebuilding...
Application bundle generation failed. [0.509 seconds]

[31mâœ˜ [41;31m[[41;97mERROR[41;31m][0m [1mNG2: Object is possibly 'undefined'.[0m [1m[35m[plugin angular-compiler][0m

    src/app/pages/configuracoes/carteiras-digitais/carteiras-digitais.component.html:24:14:
[37m      24 â”‚     <div *ngIf="[32m(carteiras$ | async)?.length > 0[37m; else noResults">
         â•µ                 [32m~~~~~~~~~~~~~~~~~~~~~~~~~~~~~~~~[0m

  Error occurs in the template of component CarteirasDigitaisComponent.

    src/app/pages/configuracoes/carteiras-digitais/carteiras-digitais.component.ts:185:15:
[37m      185 â”‚   templateUrl: [32m'./carteiras-digitais.component.html'[37m,
          â•µ                [32m~~~~~~~~~~~~~~~~~~~~~~~~~~~~~~~~~~~~~[0m


[31mâœ˜ [41;31m[[41;97mERROR[41;31m][0m [1mNG9: Property 'updateStatus' does not exist on type 'CarteirasDigitaisComponent'.[0m [1m[35m[plugin angular-compiler][0m

    src/app/pages/configuracoes/carteiras-digitais/carteiras-digitais.component.html:48:100:
[37m      48 â”‚ ...t btn-small waves-effect btn-status" (click)="[32mupdateStatus[37m(item)">
         â•µ                                                  [32m~~~~~~~~~~~~[0m

  Error occurs in the template of component CarteirasDigitaisComponent.

    src/app/pages/configuracoes/carteiras-digitais/carteiras-digitais.component.ts:185:15:
[37m      185 â”‚   templateUrl: [32m'./carteiras-digitais.component.html'[37m,
          â•µ                [32m~~~~~~~~~~~~~~~~~~~~~~~~~~~~~~~~~~~~~[0m


[31mâœ˜ [41;31m[[41;97mERROR[41;31m][0m [1mTS2345: Argument of type 'unknown' is not assignable to parameter of type 'any[]'.[0m [1m[35m[plugin angular-compiler][0m

    src/app/pages/configuracoes/carteiras-digitais/carteiras-digitais.component.ts:219:29:
[37m      219 â”‚         this.carteiras$.next([32mresults[37m); // Atualiza o estado do Be...
          â•µ                              [32m~~~~~~~[0m


[31mâœ˜ [41;31m[[41;97mERROR[41;31m][0m [1mTS2339: Property 'updateCarteira' does not exist on type 'CarteiraService'.[0m [1m[35m[plugin angular-compiler][0m

    src/app/pages/configuracoes/carteiras-digitais/carteiras-digitais.component.ts:259:25:
[37m      259 â”‚     this.carteiraService.[32mupdateCarteira[37m(updatedCarteira).subscribe(
          â•µ                          [32m~~~~~~~~~~~~~~[0m


â¯ Changes detected. Rebuilding...
âœ” Changes detected. Rebuilding...
Application bundle generation failed. [0.453 seconds]

[31mâœ˜ [41;31m[[41;97mERROR[41;31m][0m [1mNG2: Object is possibly 'undefined'.[0m [1m[35m[plugin angular-compiler][0m

    src/app/pages/configuracoes/carteiras-digitais/carteiras-digitais.component.html:24:14:
[37m      24 â”‚     <div *ngIf="[32m(carteiras$ | async)?.length > 0[37m; else noResults">
         â•µ                 [32m~~~~~~~~~~~~~~~~~~~~~~~~~~~~~~~~[0m

  Error occurs in the template of component CarteirasDigitaisComponent.

    src/app/pages/configuracoes/carteiras-digitais/carteiras-digitais.component.ts:185:15:
[37m      185 â”‚   templateUrl: [32m'./carteiras-digitais.component.html'[37m,
          â•µ                [32m~~~~~~~~~~~~~~~~~~~~~~~~~~~~~~~~~~~~~[0m


[31mâœ˜ [41;31m[[41;97mERROR[41;31m][0m [1mNG9: Property 'updateStatus' does not exist on type 'CarteirasDigitaisComponent'.[0m [1m[35m[plugin angular-compiler][0m

    src/app/pages/configuracoes/carteiras-digitais/carteiras-digitais.component.html:48:100:
[37m      48 â”‚ ...t btn-small waves-effect btn-status" (click)="[32mupdateStatus[37m(item)">
         â•µ                                                  [32m~~~~~~~~~~~~[0m

  Error occurs in the template of component CarteirasDigitaisComponent.

    src/app/pages/configuracoes/carteiras-digitais/carteiras-digitais.component.ts:185:15:
[37m      185 â”‚   templateUrl: [32m'./carteiras-digitais.component.html'[37m,
          â•µ                [32m~~~~~~~~~~~~~~~~~~~~~~~~~~~~~~~~~~~~~[0m


[31mâœ˜ [41;31m[[41;97mERROR[41;31m][0m [1mTS2345: Argument of type 'unknown' is not assignable to parameter of type 'any[]'.[0m [1m[35m[plugin angular-compiler][0m

    src/app/pages/configuracoes/carteiras-digitais/carteiras-digitais.component.ts:219:29:
[37m      219 â”‚         this.carteiras$.next([32mresults[37m); // Atualiza o estado do Be...
          â•µ                              [32m~~~~~~~[0m


[31mâœ˜ [41;31m[[41;97mERROR[41;31m][0m [1mTS2339: Property 'updateCarteira' does not exist on type 'CarteiraService'.[0m [1m[35m[plugin angular-compiler][0m

    src/app/pages/configuracoes/carteiras-digitais/carteiras-digitais.component.ts:259:25:
[37m      259 â”‚     this.carteiraService.[32mupdateCarteira[37m(updatedCarteira).subscribe(
          â•µ                          [32m~~~~~~~~~~~~~~[0m


â¯ Changes detected. Rebuilding...
âœ” Changes detected. Rebuilding...
Application bundle generation failed. [0.410 seconds]

[31mâœ˜ [41;31m[[41;97mERROR[41;31m][0m [1mNG2: Object is possibly 'undefined'.[0m [1m[35m[plugin angular-compiler][0m

    src/app/pages/configuracoes/carteiras-digitais/carteiras-digitais.component.html:24:16:
[37m      24 â”‚     <div *ngIf="[32m(carteiras$ | async)?.length > 0[37m; else noResults">
         â•µ                 [32m~~~~~~~~~~~~~~~~~~~~~~~~~~~~~~~~[0m

  Error occurs in the template of component CarteirasDigitaisComponent.

    src/app/pages/configuracoes/carteiras-digitais/carteiras-digitais.component.ts:185:15:
[37m      185 â”‚   templateUrl: [32m'./carteiras-digitais.component.html'[37m,
          â•µ                [32m~~~~~~~~~~~~~~~~~~~~~~~~~~~~~~~~~~~~~[0m


[31mâœ˜ [41;31m[[41;97mERROR[41;31m][0m [1mNG9: Property 'updateStatus' does not exist on type 'CarteirasDigitaisComponent'.[0m [1m[35m[plugin angular-compiler][0m

    src/app/pages/configuracoes/carteiras-digitais/carteiras-digitais.component.html:46:107:
[37m      46 â”‚ ...t btn-small waves-effect btn-status" (click)="[32mupdateStatus[37m(item)">
         â•µ                                                  [32m~~~~~~~~~~~~[0m

  Error occurs in the template of component CarteirasDigitaisComponent.

    src/app/pages/configuracoes/carteiras-digitais/carteiras-digitais.component.ts:185:15:
[37m      185 â”‚   templateUrl: [32m'./carteiras-digitais.component.html'[37m,
          â•µ                [32m~~~~~~~~~~~~~~~~~~~~~~~~~~~~~~~~~~~~~[0m


[31mâœ˜ [41;31m[[41;97mERROR[41;31m][0m [1mTS2345: Argument of type 'unknown' is not assignable to parameter of type 'any[]'.[0m [1m[35m[plugin angular-compiler][0m

    src/app/pages/configuracoes/carteiras-digitais/carteiras-digitais.component.ts:219:29:
[37m      219 â”‚         this.carteiras$.next([32mresults[37m); // Atualiza o estado do Be...
          â•µ                              [32m~~~~~~~[0m


[31mâœ˜ [41;31m[[41;97mERROR[41;31m][0m [1mTS2339: Property 'updateCarteira' does not exist on type 'CarteiraService'.[0m [1m[35m[plugin angular-compiler][0m

    src/app/pages/configuracoes/carteiras-digitais/carteiras-digitais.component.ts:259:25:
[37m      259 â”‚     this.carteiraService.[32mupdateCarteira[37m(updatedCarteira).subscribe(
          â•µ                          [32m~~~~~~~~~~~~~~[0m


â¯ Changes detected. Rebuilding...
âœ” Changes detected. Rebuilding...
Application bundle generation failed. [0.723 seconds]

[31mâœ˜ [41;31m[[41;97mERROR[41;31m][0m [1mNG2: Object is possibly 'undefined'.[0m [1m[35m[plugin angular-compiler][0m

    src/app/pages/configuracoes/carteiras-digitais/carteiras-digitais.component.html:24:16:
[37m      24 â”‚     <div *ngIf="[32m(carteiras$ | async)?.length > 0[37m; else noResults">
         â•µ                 [32m~~~~~~~~~~~~~~~~~~~~~~~~~~~~~~~~[0m

  Error occurs in the template of component CarteirasDigitaisComponent.

    src/app/pages/configuracoes/carteiras-digitais/carteiras-digitais.component.ts:185:15:
[37m      185 â”‚   templateUrl: [32m'./carteiras-digitais.component.html'[37m,
          â•µ                [32m~~~~~~~~~~~~~~~~~~~~~~~~~~~~~~~~~~~~~[0m


[31mâœ˜ [41;31m[[41;97mERROR[41;31m][0m [1mNG9: Property 'updateStatus' does not exist on type 'CarteirasDigitaisComponent'.[0m [1m[35m[plugin angular-compiler][0m

    src/app/pages/configuracoes/carteiras-digitais/carteiras-digitais.component.html:46:107:
[37m      46 â”‚ ...t btn-small waves-effect btn-status" (click)="[32mupdateStatus[37m(item)">
         â•µ                                                  [32m~~~~~~~~~~~~[0m

  Error occurs in the template of component CarteirasDigitaisComponent.

    src/app/pages/configuracoes/carteiras-digitais/carteiras-digitais.component.ts:185:15:
[37m      185 â”‚   templateUrl: [32m'./carteiras-digitais.component.html'[37m,
          â•µ                [32m~~~~~~~~~~~~~~~~~~~~~~~~~~~~~~~~~~~~~[0m


[31mâœ˜ [41;31m[[41;97mERROR[41;31m][0m [1mTS2345: Argument of type 'unknown' is not assignable to parameter of type 'any[]'.[0m [1m[35m[plugin angular-compiler][0m

    src/app/pages/configuracoes/carteiras-digitais/carteiras-digitais.component.ts:220:29:
[37m      220 â”‚         this.carteiras$.next([32mresults[37m); // Atualiza o estado do Be...
          â•µ                              [32m~~~~~~~[0m


[31mâœ˜ [41;31m[[41;97mERROR[41;31m][0m [1mTS2339: Property 'updateCarteira' does not exist on type 'CarteiraService'.[0m [1m[35m[plugin angular-compiler][0m

    src/app/pages/configuracoes/carteiras-digitais/carteiras-digitais.component.ts:260:25:
[37m      260 â”‚     this.carteiraService.[32mupdateCarteira[37m(updatedCarteira).subscribe(
          â•µ                          [32m~~~~~~~~~~~~~~[0m


â¯ Changes detected. Rebuilding...
âœ” Changes detected. Rebuilding...
Application bundle generation failed. [0.474 seconds]

[31mâœ˜ [41;31m[[41;97mERROR[41;31m][0m [1mNG5002: Parser Error: Missing expected ) at column 21 in [(carteiras$ | async ??[])?.length > 0; else noResults] in /home/alisson/www/accounter/src/app/pages/configuracoes/carteiras-digitais/carteiras-digitais.component.html@23:7[0m [1m[35m[plugin angular-compiler][0m

    src/app/pages/configuracoes/carteiras-digitais/carteiras-digitais.component.html:24:7:
[37m      24 â”‚     <div [32m*ngIf="(carteiras$ | async ??[])?.length > 0; else noResu[37m...
         â•µ          [32m~~~~~~~~~~~~~~~~~~~~~~~~~~~~~~~~~~~~~~~~~~~~~~~~~~~~~~~~~[0m

  Error occurs in the template of component CarteirasDigitaisComponent.

    src/app/pages/configuracoes/carteiras-digitais/carteiras-digitais.component.ts:185:15:
[37m      185 â”‚   templateUrl: [32m'./carteiras-digitais.component.html'[37m,
          â•µ                [32m~~~~~~~~~~~~~~~~~~~~~~~~~~~~~~~~~~~~~[0m


[31mâœ˜ [41;31m[[41;97mERROR[41;31m][0m [1mNG5002: Parser Error: Missing expected ) at column 21 in [(carteiras$ | async ??[])?.length > 0; else noResults] in /home/alisson/www/accounter/src/app/pages/configuracoes/carteiras-digitais/carteiras-digitais.component.html@23:7[0m [1m[35m[plugin angular-compiler][0m

    src/app/pages/configuracoes/carteiras-digitais/carteiras-digitais.component.html:35:9:
[37m      35 â”‚           <tr [32m*ngFor="let item of carteiras$ | async"[37m>
         â•µ               [32m~~~~~~~~~~~~~~~~~~~~~~~~~~~~~~~~~~~~~~~[0m

  Error occurs in the template of component CarteirasDigitaisComponent.

    src/app/pages/configuracoes/carteiras-digitais/carteiras-digitais.component.ts:185:15:
[37m      185 â”‚   templateUrl: [32m'./carteiras-digitais.component.html'[37m,
          â•µ                [32m~~~~~~~~~~~~~~~~~~~~~~~~~~~~~~~~~~~~~[0m


[31mâœ˜ [41;31m[[41;97mERROR[41;31m][0m [1mNG5002: Parser Error: Missing expected ) at column 21 in [(carteiras$ | async ??[])?.length > 0; else noResults] in /home/alisson/www/accounter/src/app/pages/configuracoes/carteiras-digitais/carteiras-digitais.component.html@23:7[0m [1m[35m[plugin angular-compiler][0m

    src/app/pages/configuracoes/carteiras-digitais/carteiras-digitais.component.html:36:10:
[37m      36 â”‚             <td>[32m{{ item.titulo }}[37m</td>
         â•µ                 [32m~~~~~~~~~~~~~~~~~[0m

  Error occurs in the template of component CarteirasDigitaisComponent.

    src/app/pages/configuracoes/carteiras-digitais/carteiras-digitais.component.ts:185:15:
[37m      185 â”‚   templateUrl: [32m'./carteiras-digitais.component.html'[37m,
          â•µ                [32m~~~~~~~~~~~~~~~~~~~~~~~~~~~~~~~~~~~~~[0m


[31mâœ˜ [41;31m[[41;97mERROR[41;31m][0m [1mNG5002: Parser Error: Missing expected ) at column 21 in [(carteiras$ | async ??[])?.length > 0; else noResults] in /home/alisson/www/accounter/src/app/pages/configuracoes/carteiras-digitais/carteiras-digitais.component.html@23:7[0m [1m[35m[plugin angular-compiler][0m

    src/app/pages/configuracoes/carteiras-digitais/carteiras-digitais.component.html:37:31:
[37m      37 â”‚             <td class="center-align">[32m{{ item.saldo_atual }}[37m</td>
         â•µ                                      [32m~~~~~~~~~~~~~~~~~~~~~~[0m

  Error occurs in the template of component CarteirasDigitaisComponent.

    src/app/pages/configuracoes/carteiras-digitais/carteiras-digitais.component.ts:185:15:
[37m      185 â”‚   templateUrl: [32m'./carteiras-digitais.component.html'[37m,
          â•µ                [32m~~~~~~~~~~~~~~~~~~~~~~~~~~~~~~~~~~~~~[0m


[31mâœ˜ [41;31m[[41;97mERROR[41;31m][0m [1mNG5002: Parser Error: Missing expected ) at column 21 in [(carteiras$ | async ??[])?.length > 0; else noResults] in /home/alisson/www/accounter/src/app/pages/configuracoes/carteiras-digitais/carteiras-digitais.component.html@23:7[0m [1m[35m[plugin angular-compiler][0m

    src/app/pages/configuracoes/carteiras-digitais/carteiras-digitais.component.html:38:31:
[37m      38 â”‚             <td class="center-align">[32m{{ item.status }}[37m</td>
         â•µ                                      [32m~~~~~~~~~~~~~~~~~[0m

  Error occurs in the template of component CarteirasDigitaisComponent.

    src/app/pages/configuracoes/carteiras-digitais/carteiras-digitais.component.ts:185:15:
[37m      185 â”‚   templateUrl: [32m'./carteiras-digitais.component.html'[37m,
          â•µ                [32m~~~~~~~~~~~~~~~~~~~~~~~~~~~~~~~~~~~~~[0m


[31mâœ˜ [41;31m[[41;97mERROR[41;31m][0m [1mNG5002: Parser Error: Missing expected ) at column 21 in [(carteiras$ | async ??[])?.length > 0; else noResults] in /home/alisson/www/accounter/src/app/pages/configuracoes/carteiras-digitais/carteiras-digitais.component.html@23:7[0m [1m[35m[plugin angular-compiler][0m

    src/app/pages/configuracoes/carteiras-digitais/carteiras-digitais.component.html:40:138:
[37m      40 â”‚ ...gger" data-target="#modal-categoria" (click)="[32mopenModal(item.id)[37m">
         â•µ                                                  [32m~~~~~~~~~~~~~~~~~~[0m

  Error occurs in the template of component CarteirasDigitaisComponent.

    src/app/pages/configuracoes/carteiras-digitais/carteiras-digitais.component.ts:185:15:
[37m      185 â”‚   templateUrl: [32m'./carteiras-digitais.component.html'[37m,
          â•µ                [32m~~~~~~~~~~~~~~~~~~~~~~~~~~~~~~~~~~~~~[0m


[31mâœ˜ [41;31m[[41;97mERROR[41;31m][0m [1mNG5002: Parser Error: Missing expected ) at column 21 in [(carteiras$ | async ??[])?.length > 0; else noResults] in /home/alisson/www/accounter/src/app/pages/configuracoes/carteiras-digitais/carteiras-digitais.component.html@23:7[0m [1m[35m[plugin angular-compiler][0m

    src/app/pages/configuracoes/carteiras-digitais/carteiras-digitais.component.html:43:104:
[37m      43 â”‚ ...rent btn-small waves-effect btn-delete" (click)="[32mdialog(item.id)[37m">
         â•µ                                                     [32m~~~~~~~~~~~~~~~[0m

  Error occurs in the template of component CarteirasDigitaisComponent.

    src/app/pages/configuracoes/carteiras-digitais/carteiras-digitais.component.ts:185:15:
[37m      185 â”‚   templateUrl: [32m'./carteiras-digitais.component.html'[37m,
          â•µ                [32m~~~~~~~~~~~~~~~~~~~~~~~~~~~~~~~~~~~~~[0m


[31mâœ˜ [41;31m[[41;97mERROR[41;31m][0m [1mNG5002: Parser Error: Missing expected ) at column 21 in [(carteiras$ | async ??[])?.length > 0; else noResults] in /home/alisson/www/accounter/src/app/pages/configuracoes/carteiras-digitais/carteiras-digitais.component.html@23:7[0m [1m[35m[plugin angular-compiler][0m

    src/app/pages/configuracoes/carteiras-digitais/carteiras-digitais.component.html:46:100:
[37m      46 â”‚ ...t btn-small waves-effect btn-status" (click)="[32mupdateStatus(item)[37m">
         â•µ                                                  [32m~~~~~~~~~~~~~~~~~~[0m

  Error occurs in the template of component CarteirasDigitaisComponent.

    src/app/pages/configuracoes/carteiras-digitais/carteiras-digitais.component.ts:185:15:
[37m      185 â”‚   templateUrl: [32m'./carteiras-digitais.component.html'[37m,
          â•µ                [32m~~~~~~~~~~~~~~~~~~~~~~~~~~~~~~~~~~~~~[0m


[31mâœ˜ [41;31m[[41;97mERROR[41;31m][0m [1mNG9: Property 'updateStatus' does not exist on type 'CarteirasDigitaisComponent'.[0m [1m[35m[plugin angular-compiler][0m

    src/app/pages/configuracoes/carteiras-digitais/carteiras-digitais.component.html:46:100:
[37m      46 â”‚ ...t btn-small waves-effect btn-status" (click)="[32mupdateStatus[37m(item)">
         â•µ                                                  [32m~~~~~~~~~~~~[0m

  Error occurs in the template of component CarteirasDigitaisComponent.

    src/app/pages/configuracoes/carteiras-digitais/carteiras-digitais.component.ts:185:15:
[37m      185 â”‚   templateUrl: [32m'./carteiras-digitais.component.html'[37m,
          â•µ                [32m~~~~~~~~~~~~~~~~~~~~~~~~~~~~~~~~~~~~~[0m


[31mâœ˜ [41;31m[[41;97mERROR[41;31m][0m [1mNG5002: Parser Error: Missing expected ) at column 21 in [(carteiras$ | async ??[])?.length > 0; else noResults] in /home/alisson/www/accounter/src/app/pages/configuracoes/carteiras-digitais/carteiras-digitais.component.html@23:7[0m [1m[35m[plugin angular-compiler][0m

    src/app/pages/configuracoes/carteiras-digitais/carteiras-digitais.component.html:47:58:
[37m      47 â”‚ ...darken-1">[32m{{ item.status === 'ativa' ? 'visibility' : 'visibili[37m...
         â•µ              [32m~~~~~~~~~~~~~~~~~~~~~~~~~~~~~~~~~~~~~~~~~~~~~~~~~~~~~[0m

  Error occurs in the template of component CarteirasDigitaisComponent.

    src/app/pages/configuracoes/carteiras-digitais/carteiras-digitais.component.ts:185:15:
[37m      185 â”‚   templateUrl: [32m'./carteiras-digitais.component.html'[37m,
          â•µ                [32m~~~~~~~~~~~~~~~~~~~~~~~~~~~~~~~~~~~~~[0m


[31mâœ˜ [41;31m[[41;97mERROR[41;31m][0m [1mNG5002: Parser Error: Missing expected ) at column 21 in [(carteiras$ | async ??[])?.length > 0; else noResults] in /home/alisson/www/accounter/src/app/pages/configuracoes/carteiras-digitais/carteiras-digitais.component.html@23:7[0m [1m[35m[plugin angular-compiler][0m

    src/app/pages/configuracoes/carteiras-digitais/carteiras-digitais.component.html:81:19:
[37m      81 â”‚ <form [formGroup]="[32mcarteiraForm.getForm()[37m" (ngSubmit)="save()" aut...
         â•µ                    [32m~~~~~~~~~~~~~~~~~~~~~~[0m

  Error occurs in the template of component CarteirasDigitaisComponent.

    src/app/pages/configuracoes/carteiras-digitais/carteiras-digitais.component.ts:185:15:
[37m      185 â”‚   templateUrl: [32m'./carteiras-digitais.component.html'[37m,
          â•µ                [32m~~~~~~~~~~~~~~~~~~~~~~~~~~~~~~~~~~~~~[0m


[31mâœ˜ [41;31m[[41;97mERROR[41;31m][0m [1mNG5002: Parser Error: Missing expected ) at column 21 in [(carteiras$ | async ??[])?.length > 0; else noResults] in /home/alisson/www/accounter/src/app/pages/configuracoes/carteiras-digitais/carteiras-digitais.component.html@23:7[0m [1m[35m[plugin angular-compiler][0m

    src/app/pages/configuracoes/carteiras-digitais/carteiras-digitais.component.html:81:55:
[37m      81 â”‚ ...aForm.getForm()" (ngSubmit)="[32msave()[37m" autocomplete="off" autocap...
         â•µ                                 [32m~~~~~~[0m

  Error occurs in the template of component CarteirasDigitaisComponent.

    src/app/pages/configuracoes/carteiras-digitais/carteiras-digitais.component.ts:185:15:
[37m      185 â”‚   templateUrl: [32m'./carteiras-digitais.component.html'[37m,
          â•µ                [32m~~~~~~~~~~~~~~~~~~~~~~~~~~~~~~~~~~~~~[0m


[31mâœ˜ [41;31m[[41;97mERROR[41;31m][0m [1mNG5002: Parser Error: Missing expected ) at column 21 in [(carteiras$ | async ??[])?.length > 0; else noResults] in /home/alisson/www/accounter/src/app/pages/configuracoes/carteiras-digitais/carteiras-digitais.component.html@23:7[0m [1m[35m[plugin angular-compiler][0m

    src/app/pages/configuracoes/carteiras-digitais/carteiras-digitais.component.html:94:47:
[37m      94 â”‚ ...rolName="id" [32m*ngIf="this.carteiraForm.getForm().get('id')?.value"[37m>
         â•µ                 [32m~~~~~~~~~~~~~~~~~~~~~~~~~~~~~~~~~~~~~~~~~~~~~~~~~~~~[0m

  Error occurs in the template of component CarteirasDigitaisComponent.

    src/app/pages/configuracoes/carteiras-digitais/carteiras-digitais.component.ts:185:15:
[37m      185 â”‚   templateUrl: [32m'./carteiras-digitais.component.html'[37m,
          â•µ                [32m~~~~~~~~~~~~~~~~~~~~~~~~~~~~~~~~~~~~~[0m


[31mâœ˜ [41;31m[[41;97mERROR[41;31m][0m [1mNG5002: Parser Error: Missing expected ) at column 21 in [(carteiras$ | async ??[])?.length > 0; else noResults] in /home/alisson/www/accounter/src/app/pages/configuracoes/carteiras-digitais/carteiras-digitais.component.html@23:7[0m [1m[35m[plugin angular-compiler][0m

    src/app/pages/configuracoes/carteiras-digitais/carteiras-digitais.component.html:99:42:
[37m      99 â”‚ ...r.class]="[32mthis.carteiraForm.getForm().get('titulo')?.value ? 'a[37m...
         â•µ              [32m~~~~~~~~~~~~~~~~~~~~~~~~~~~~~~~~~~~~~~~~~~~~~~~~~~~~~[0m

  Error occurs in the template of component CarteirasDigitaisComponent.

    src/app/pages/configuracoes/carteiras-digitais/carteiras-digitais.component.ts:185:15:
[37m      185 â”‚   templateUrl: [32m'./carteiras-digitais.component.html'[37m,
          â•µ                [32m~~~~~~~~~~~~~~~~~~~~~~~~~~~~~~~~~~~~~[0m


[31mâœ˜ [41;31m[[41;97mERROR[41;31m][0m [1mNG5002: Parser Error: Missing expected ) at column 21 in [(carteiras$ | async ??[])?.length > 0; else noResults] in /home/alisson/www/accounter/src/app/pages/configuracoes/carteiras-digitais/carteiras-digitais.component.html@23:7[0m [1m[35m[plugin angular-compiler][0m

    src/app/pages/configuracoes/carteiras-digitais/carteiras-digitais.component.html:100:95:
[37m      100 â”‚ ...ulo" id="titulo" autofocus="autofocus" (input)="[32mreplaceTitulo()[37m">
          â•µ                                                    [32m~~~~~~~~~~~~~~~[0m

  Error occurs in the template of component CarteirasDigitaisComponent.

    src/app/pages/configuracoes/carteiras-digitais/carteiras-digitais.component.ts:185:15:
[37m      185 â”‚   templateUrl: [32m'./carteiras-digitais.component.html'[37m,
          â•µ                [32m~~~~~~~~~~~~~~~~~~~~~~~~~~~~~~~~~~~~~[0m


[31mâœ˜ [41;31m[[41;97mERROR[41;31m][0m [1mNG5002: Parser Error: Missing expected ) at column 21 in [(carteiras$ | async ??[])?.length > 0; else noResults] in /home/alisson/www/accounter/src/app/pages/configuracoes/carteiras-digitais/carteiras-digitais.component.html@23:7[0m [1m[35m[plugin angular-compiler][0m

    src/app/pages/configuracoes/carteiras-digitais/carteiras-digitais.component.html:109:47:
[37m      109 â”‚ ...r.class]="[32mthis.carteiraForm.getForm().get('saldo_atual')?.valu[37m...
          â•µ              [32m~~~~~~~~~~~~~~~~~~~~~~~~~~~~~~~~~~~~~~~~~~~~~~~~~~~~[0m

  Error occurs in the template of component CarteirasDigitaisComponent.

    src/app/pages/configuracoes/carteiras-digitais/carteiras-digitais.component.ts:185:15:
[37m      185 â”‚   templateUrl: [32m'./carteiras-digitais.component.html'[37m,
          â•µ                [32m~~~~~~~~~~~~~~~~~~~~~~~~~~~~~~~~~~~~~[0m


[31mâœ˜ [41;31m[[41;97mERROR[41;31m][0m [1mNG5002: Parser Error: Missing expected ) at column 21 in [(carteiras$ | async ??[])?.length > 0; else noResults] in /home/alisson/www/accounter/src/app/pages/configuracoes/carteiras-digitais/carteiras-digitais.component.html@23:7[0m [1m[35m[plugin angular-compiler][0m

    src/app/pages/configuracoes/carteiras-digitais/carteiras-digitais.component.html:145:70:
[37m      145 â”‚ ..." [disabled]="[32mcarteiraForm.invalid() || carteiraForm.submited()[37m">
          â•µ                  [32m~~~~~~~~~~~~~~~~~~~~~~~~~~~~~~~~~~~~~~~~~~~~~~~~~[0m

  Error occurs in the template of component CarteirasDigitaisComponent.

    src/app/pages/configuracoes/carteiras-digitais/carteiras-digitais.component.ts:185:15:
[37m      185 â”‚   templateUrl: [32m'./carteiras-digitais.component.html'[37m,
          â•µ                [32m~~~~~~~~~~~~~~~~~~~~~~~~~~~~~~~~~~~~~[0m


[31mâœ˜ [41;31m[[41;97mERROR[41;31m][0m [1mTS2345: Argument of type 'unknown' is not assignable to parameter of type 'any[]'.[0m [1m[35m[plugin angular-compiler][0m

    src/app/pages/configuracoes/carteiras-digitais/carteiras-digitais.component.ts:220:29:
[37m      220 â”‚         this.carteiras$.next([32mresults[37m); // Atualiza o estado do Be...
          â•µ                              [32m~~~~~~~[0m


[31mâœ˜ [41;31m[[41;97mERROR[41;31m][0m [1mTS2339: Property 'updateCarteira' does not exist on type 'CarteiraService'.[0m [1m[35m[plugin angular-compiler][0m

    src/app/pages/configuracoes/carteiras-digitais/carteiras-digitais.component.ts:260:25:
[37m      260 â”‚     this.carteiraService.[32mupdateCarteira[37m(updatedCarteira).subscribe(
          â•µ                          [32m~~~~~~~~~~~~~~[0m


â¯ Changes detected. Rebuilding...
âœ” Changes detected. Rebuilding...
Application bundle generation failed. [0.506 seconds]

[31mâœ˜ [41;31m[[41;97mERROR[41;31m][0m [1mNG5002: Parser Error: Missing expected ) at column 21 in [(carteiras$ | async ?? [])?.length > 0; else noResults] in /home/alisson/www/accounter/src/app/pages/configuracoes/carteiras-digitais/carteiras-digitais.component.html@23:7[0m [1m[35m[plugin angular-compiler][0m

    src/app/pages/configuracoes/carteiras-digitais/carteiras-digitais.component.html:24:7:
[37m      24 â”‚     <div [32m*ngIf="(carteiras$ | async ?? [])?.length > 0; else noRes[37m...
         â•µ          [32m~~~~~~~~~~~~~~~~~~~~~~~~~~~~~~~~~~~~~~~~~~~~~~~~~~~~~~~~~[0m

  Error occurs in the template of component CarteirasDigitaisComponent.

    src/app/pages/configuracoes/carteiras-digitais/carteiras-digitais.component.ts:185:15:
[37m      185 â”‚   templateUrl: [32m'./carteiras-digitais.component.html'[37m,
          â•µ                [32m~~~~~~~~~~~~~~~~~~~~~~~~~~~~~~~~~~~~~[0m


[31mâœ˜ [41;31m[[41;97mERROR[41;31m][0m [1mNG5002: Parser Error: Missing expected ) at column 21 in [(carteiras$ | async ?? [])?.length > 0; else noResults] in /home/alisson/www/accounter/src/app/pages/configuracoes/carteiras-digitais/carteiras-digitais.component.html@23:7[0m [1m[35m[plugin angular-compiler][0m

    src/app/pages/configuracoes/carteiras-digitais/carteiras-digitais.component.html:35:9:
[37m      35 â”‚           <tr [32m*ngFor="let item of carteiras$ | async"[37m>
         â•µ               [32m~~~~~~~~~~~~~~~~~~~~~~~~~~~~~~~~~~~~~~~[0m

  Error occurs in the template of component CarteirasDigitaisComponent.

    src/app/pages/configuracoes/carteiras-digitais/carteiras-digitais.component.ts:185:15:
[37m      185 â”‚   templateUrl: [32m'./carteiras-digitais.component.html'[37m,
          â•µ                [32m~~~~~~~~~~~~~~~~~~~~~~~~~~~~~~~~~~~~~[0m


[31mâœ˜ [41;31m[[41;97mERROR[41;31m][0m [1mNG5002: Parser Error: Missing expected ) at column 21 in [(carteiras$ | async ?? [])?.length > 0; else noResults] in /home/alisson/www/accounter/src/app/pages/configuracoes/carteiras-digitais/carteiras-digitais.component.html@23:7[0m [1m[35m[plugin angular-compiler][0m

    src/app/pages/configuracoes/carteiras-digitais/carteiras-digitais.component.html:36:10:
[37m      36 â”‚             <td>[32m{{ item.titulo }}[37m</td>
         â•µ                 [32m~~~~~~~~~~~~~~~~~[0m

  Error occurs in the template of component CarteirasDigitaisComponent.

    src/app/pages/configuracoes/carteiras-digitais/carteiras-digitais.component.ts:185:15:
[37m      185 â”‚   templateUrl: [32m'./carteiras-digitais.component.html'[37m,
          â•µ                [32m~~~~~~~~~~~~~~~~~~~~~~~~~~~~~~~~~~~~~[0m


[31mâœ˜ [41;31m[[41;97mERROR[41;31m][0m [1mNG5002: Parser Error: Missing expected ) at column 21 in [(carteiras$ | async ?? [])?.length > 0; else noResults] in /home/alisson/www/accounter/src/app/pages/configuracoes/carteiras-digitais/carteiras-digitais.component.html@23:7[0m [1m[35m[plugin angular-compiler][0m

    src/app/pages/configuracoes/carteiras-digitais/carteiras-digitais.component.html:37:31:
[37m      37 â”‚             <td class="center-align">[32m{{ item.saldo_atual }}[37m</td>
         â•µ                                      [32m~~~~~~~~~~~~~~~~~~~~~~[0m

  Error occurs in the template of component CarteirasDigitaisComponent.

    src/app/pages/configuracoes/carteiras-digitais/carteiras-digitais.component.ts:185:15:
[37m      185 â”‚   templateUrl: [32m'./carteiras-digitais.component.html'[37m,
          â•µ                [32m~~~~~~~~~~~~~~~~~~~~~~~~~~~~~~~~~~~~~[0m


[31mâœ˜ [41;31m[[41;97mERROR[41;31m][0m [1mNG5002: Parser Error: Missing expected ) at column 21 in [(carteiras$ | async ?? [])?.length > 0; else noResults] in /home/alisson/www/accounter/src/app/pages/configuracoes/carteiras-digitais/carteiras-digitais.component.html@23:7[0m [1m[35m[plugin angular-compiler][0m

    src/app/pages/configuracoes/carteiras-digitais/carteiras-digitais.component.html:38:31:
[37m      38 â”‚             <td class="center-align">[32m{{ item.status }}[37m</td>
         â•µ                                      [32m~~~~~~~~~~~~~~~~~[0m

  Error occurs in the template of component CarteirasDigitaisComponent.

    src/app/pages/configuracoes/carteiras-digitais/carteiras-digitais.component.ts:185:15:
[37m      185 â”‚   templateUrl: [32m'./carteiras-digitais.component.html'[37m,
          â•µ                [32m~~~~~~~~~~~~~~~~~~~~~~~~~~~~~~~~~~~~~[0m


[31mâœ˜ [41;31m[[41;97mERROR[41;31m][0m [1mNG5002: Parser Error: Missing expected ) at column 21 in [(carteiras$ | async ?? [])?.length > 0; else noResults] in /home/alisson/www/accounter/src/app/pages/configuracoes/carteiras-digitais/carteiras-digitais.component.html@23:7[0m [1m[35m[plugin angular-compiler][0m

    src/app/pages/configuracoes/carteiras-digitais/carteiras-digitais.component.html:40:138:
[37m      40 â”‚ ...gger" data-target="#modal-categoria" (click)="[32mopenModal(item.id)[37m">
         â•µ                                                  [32m~~~~~~~~~~~~~~~~~~[0m

  Error occurs in the template of component CarteirasDigitaisComponent.

    src/app/pages/configuracoes/carteiras-digitais/carteiras-digitais.component.ts:185:15:
[37m      185 â”‚   templateUrl: [32m'./carteiras-digitais.component.html'[37m,
          â•µ                [32m~~~~~~~~~~~~~~~~~~~~~~~~~~~~~~~~~~~~~[0m


[31mâœ˜ [41;31m[[41;97mERROR[41;31m][0m [1mNG5002: Parser Error: Missing expected ) at column 21 in [(carteiras$ | async ?? [])?.length > 0; else noResults] in /home/alisson/www/accounter/src/app/pages/configuracoes/carteiras-digitais/carteiras-digitais.component.html@23:7[0m [1m[35m[plugin angular-compiler][0m

    src/app/pages/configuracoes/carteiras-digitais/carteiras-digitais.component.html:43:104:
[37m      43 â”‚ ...rent btn-small waves-effect btn-delete" (click)="[32mdialog(item.id)[37m">
         â•µ                                                     [32m~~~~~~~~~~~~~~~[0m

  Error occurs in the template of component CarteirasDigitaisComponent.

    src/app/pages/configuracoes/carteiras-digitais/carteiras-digitais.component.ts:185:15:
[37m      185 â”‚   templateUrl: [32m'./carteiras-digitais.component.html'[37m,
          â•µ                [32m~~~~~~~~~~~~~~~~~~~~~~~~~~~~~~~~~~~~~[0m


[31mâœ˜ [41;31m[[41;97mERROR[41;31m][0m [1mNG5002: Parser Error: Missing expected ) at column 21 in [(carteiras$ | async ?? [])?.length > 0; else noResults] in /home/alisson/www/accounter/src/app/pages/configuracoes/carteiras-digitais/carteiras-digitais.component.html@23:7[0m [1m[35m[plugin angular-compiler][0m

    src/app/pages/configuracoes/carteiras-digitais/carteiras-digitais.component.html:46:100:
[37m      46 â”‚ ...t btn-small waves-effect btn-status" (click)="[32mupdateStatus(item)[37m">
         â•µ                                                  [32m~~~~~~~~~~~~~~~~~~[0m

  Error occurs in the template of component CarteirasDigitaisComponent.

    src/app/pages/configuracoes/carteiras-digitais/carteiras-digitais.component.ts:185:15:
[37m      185 â”‚   templateUrl: [32m'./carteiras-digitais.component.html'[37m,
          â•µ                [32m~~~~~~~~~~~~~~~~~~~~~~~~~~~~~~~~~~~~~[0m


[31mâœ˜ [41;31m[[41;97mERROR[41;31m][0m [1mNG9: Property 'updateStatus' does not exist on type 'CarteirasDigitaisComponent'.[0m [1m[35m[plugin angular-compiler][0m

    src/app/pages/configuracoes/carteiras-digitais/carteiras-digitais.component.html:46:100:
[37m      46 â”‚ ...t btn-small waves-effect btn-status" (click)="[32mupdateStatus[37m(item)">
         â•µ                                                  [32m~~~~~~~~~~~~[0m

  Error occurs in the template of component CarteirasDigitaisComponent.

    src/app/pages/configuracoes/carteiras-digitais/carteiras-digitais.component.ts:185:15:
[37m      185 â”‚   templateUrl: [32m'./carteiras-digitais.component.html'[37m,
          â•µ                [32m~~~~~~~~~~~~~~~~~~~~~~~~~~~~~~~~~~~~~[0m


[31mâœ˜ [41;31m[[41;97mERROR[41;31m][0m [1mNG5002: Parser Error: Missing expected ) at column 21 in [(carteiras$ | async ?? [])?.length > 0; else noResults] in /home/alisson/www/accounter/src/app/pages/configuracoes/carteiras-digitais/carteiras-digitais.component.html@23:7[0m [1m[35m[plugin angular-compiler][0m

    src/app/pages/configuracoes/carteiras-digitais/carteiras-digitais.component.html:47:58:
[37m      47 â”‚ ...darken-1">[32m{{ item.status === 'ativa' ? 'visibility' : 'visibili[37m...
         â•µ              [32m~~~~~~~~~~~~~~~~~~~~~~~~~~~~~~~~~~~~~~~~~~~~~~~~~~~~~[0m

  Error occurs in the template of component CarteirasDigitaisComponent.

    src/app/pages/configuracoes/carteiras-digitais/carteiras-digitais.component.ts:185:15:
[37m      185 â”‚   templateUrl: [32m'./carteiras-digitais.component.html'[37m,
          â•µ                [32m~~~~~~~~~~~~~~~~~~~~~~~~~~~~~~~~~~~~~[0m


[31mâœ˜ [41;31m[[41;97mERROR[41;31m][0m [1mNG5002: Parser Error: Missing expected ) at column 21 in [(carteiras$ | async ?? [])?.length > 0; else noResults] in /home/alisson/www/accounter/src/app/pages/configuracoes/carteiras-digitais/carteiras-digitais.component.html@23:7[0m [1m[35m[plugin angular-compiler][0m

    src/app/pages/configuracoes/carteiras-digitais/carteiras-digitais.component.html:81:19:
[37m      81 â”‚ <form [formGroup]="[32mcarteiraForm.getForm()[37m" (ngSubmit)="save()" aut...
         â•µ                    [32m~~~~~~~~~~~~~~~~~~~~~~[0m

  Error occurs in the template of component CarteirasDigitaisComponent.

    src/app/pages/configuracoes/carteiras-digitais/carteiras-digitais.component.ts:185:15:
[37m      185 â”‚   templateUrl: [32m'./carteiras-digitais.component.html'[37m,
          â•µ                [32m~~~~~~~~~~~~~~~~~~~~~~~~~~~~~~~~~~~~~[0m


[31mâœ˜ [41;31m[[41;97mERROR[41;31m][0m [1mNG5002: Parser Error: Missing expected ) at column 21 in [(carteiras$ | async ?? [])?.length > 0; else noResults] in /home/alisson/www/accounter/src/app/pages/configuracoes/carteiras-digitais/carteiras-digitais.component.html@23:7[0m [1m[35m[plugin angular-compiler][0m

    src/app/pages/configuracoes/carteiras-digitais/carteiras-digitais.component.html:81:55:
[37m      81 â”‚ ...aForm.getForm()" (ngSubmit)="[32msave()[37m" autocomplete="off" autocap...
         â•µ                                 [32m~~~~~~[0m

  Error occurs in the template of component CarteirasDigitaisComponent.

    src/app/pages/configuracoes/carteiras-digitais/carteiras-digitais.component.ts:185:15:
[37m      185 â”‚   templateUrl: [32m'./carteiras-digitais.component.html'[37m,
          â•µ                [32m~~~~~~~~~~~~~~~~~~~~~~~~~~~~~~~~~~~~~[0m


[31mâœ˜ [41;31m[[41;97mERROR[41;31m][0m [1mNG5002: Parser Error: Missing expected ) at column 21 in [(carteiras$ | async ?? [])?.length > 0; else noResults] in /home/alisson/www/accounter/src/app/pages/configuracoes/carteiras-digitais/carteiras-digitais.component.html@23:7[0m [1m[35m[plugin angular-compiler][0m

    src/app/pages/configuracoes/carteiras-digitais/carteiras-digitais.component.html:94:47:
[37m      94 â”‚ ...rolName="id" [32m*ngIf="this.carteiraForm.getForm().get('id')?.value"[37m>
         â•µ                 [32m~~~~~~~~~~~~~~~~~~~~~~~~~~~~~~~~~~~~~~~~~~~~~~~~~~~~[0m

  Error occurs in the template of component CarteirasDigitaisComponent.

    src/app/pages/configuracoes/carteiras-digitais/carteiras-digitais.component.ts:185:15:
[37m      185 â”‚   templateUrl: [32m'./carteiras-digitais.component.html'[37m,
          â•µ                [32m~~~~~~~~~~~~~~~~~~~~~~~~~~~~~~~~~~~~~[0m


[31mâœ˜ [41;31m[[41;97mERROR[41;31m][0m [1mNG5002: Parser Error: Missing expected ) at column 21 in [(carteiras$ | async ?? [])?.length > 0; else noResults] in /home/alisson/www/accounter/src/app/pages/configuracoes/carteiras-digitais/carteiras-digitais.component.html@23:7[0m [1m[35m[plugin angular-compiler][0m

    src/app/pages/configuracoes/carteiras-digitais/carteiras-digitais.component.html:99:42:
[37m      99 â”‚ ...r.class]="[32mthis.carteiraForm.getForm().get('titulo')?.value ? 'a[37m...
         â•µ              [32m~~~~~~~~~~~~~~~~~~~~~~~~~~~~~~~~~~~~~~~~~~~~~~~~~~~~~[0m

  Error occurs in the template of component CarteirasDigitaisComponent.

    src/app/pages/configuracoes/carteiras-digitais/carteiras-digitais.component.ts:185:15:
[37m      185 â”‚   templateUrl: [32m'./carteiras-digitais.component.html'[37m,
          â•µ                [32m~~~~~~~~~~~~~~~~~~~~~~~~~~~~~~~~~~~~~[0m


[31mâœ˜ [41;31m[[41;97mERROR[41;31m][0m [1mNG5002: Parser Error: Missing expected ) at column 21 in [(carteiras$ | async ?? [])?.length > 0; else noResults] in /home/alisson/www/accounter/src/app/pages/configuracoes/carteiras-digitais/carteiras-digitais.component.html@23:7[0m [1m[35m[plugin angular-compiler][0m

    src/app/pages/configuracoes/carteiras-digitais/carteiras-digitais.component.html:100:95:
[37m      100 â”‚ ...ulo" id="titulo" autofocus="autofocus" (input)="[32mreplaceTitulo()[37m">
          â•µ                                                    [32m~~~~~~~~~~~~~~~[0m

  Error occurs in the template of component CarteirasDigitaisComponent.

    src/app/pages/configuracoes/carteiras-digitais/carteiras-digitais.component.ts:185:15:
[37m      185 â”‚   templateUrl: [32m'./carteiras-digitais.component.html'[37m,
          â•µ                [32m~~~~~~~~~~~~~~~~~~~~~~~~~~~~~~~~~~~~~[0m


[31mâœ˜ [41;31m[[41;97mERROR[41;31m][0m [1mNG5002: Parser Error: Missing expected ) at column 21 in [(carteiras$ | async ?? [])?.length > 0; else noResults] in /home/alisson/www/accounter/src/app/pages/configuracoes/carteiras-digitais/carteiras-digitais.component.html@23:7[0m [1m[35m[plugin angular-compiler][0m

    src/app/pages/configuracoes/carteiras-digitais/carteiras-digitais.component.html:109:47:
[37m      109 â”‚ ...r.class]="[32mthis.carteiraForm.getForm().get('saldo_atual')?.valu[37m...
          â•µ              [32m~~~~~~~~~~~~~~~~~~~~~~~~~~~~~~~~~~~~~~~~~~~~~~~~~~~~[0m

  Error occurs in the template of component CarteirasDigitaisComponent.

    src/app/pages/configuracoes/carteiras-digitais/carteiras-digitais.component.ts:185:15:
[37m      185 â”‚   templateUrl: [32m'./carteiras-digitais.component.html'[37m,
          â•µ                [32m~~~~~~~~~~~~~~~~~~~~~~~~~~~~~~~~~~~~~[0m


[31mâœ˜ [41;31m[[41;97mERROR[41;31m][0m [1mNG5002: Parser Error: Missing expected ) at column 21 in [(carteiras$ | async ?? [])?.length > 0; else noResults] in /home/alisson/www/accounter/src/app/pages/configuracoes/carteiras-digitais/carteiras-digitais.component.html@23:7[0m [1m[35m[plugin angular-compiler][0m

    src/app/pages/configuracoes/carteiras-digitais/carteiras-digitais.component.html:145:70:
[37m      145 â”‚ ..." [disabled]="[32mcarteiraForm.invalid() || carteiraForm.submited()[37m">
          â•µ                  [32m~~~~~~~~~~~~~~~~~~~~~~~~~~~~~~~~~~~~~~~~~~~~~~~~~[0m

  Error occurs in the template of component CarteirasDigitaisComponent.

    src/app/pages/configuracoes/carteiras-digitais/carteiras-digitais.component.ts:185:15:
[37m      185 â”‚   templateUrl: [32m'./carteiras-digitais.component.html'[37m,
          â•µ                [32m~~~~~~~~~~~~~~~~~~~~~~~~~~~~~~~~~~~~~[0m


[31mâœ˜ [41;31m[[41;97mERROR[41;31m][0m [1mTS2345: Argument of type 'unknown' is not assignable to parameter of type 'any[]'.[0m [1m[35m[plugin angular-compiler][0m

    src/app/pages/configuracoes/carteiras-digitais/carteiras-digitais.component.ts:220:29:
[37m      220 â”‚         this.carteiras$.next([32mresults[37m); // Atualiza o estado do Be...
          â•µ                              [32m~~~~~~~[0m


[31mâœ˜ [41;31m[[41;97mERROR[41;31m][0m [1mTS2339: Property 'updateCarteira' does not exist on type 'CarteiraService'.[0m [1m[35m[plugin angular-compiler][0m

    src/app/pages/configuracoes/carteiras-digitais/carteiras-digitais.component.ts:260:25:
[37m      260 â”‚     this.carteiraService.[32mupdateCarteira[37m(updatedCarteira).subscribe(
          â•µ                          [32m~~~~~~~~~~~~~~[0m


â¯ Changes detected. Rebuilding...
âœ” Changes detected. Rebuilding...
Application bundle generation failed. [0.391 seconds]

[31mâœ˜ [41;31m[[41;97mERROR[41;31m][0m [1mNG5002: Parser Error: Missing expected ) at column 21 in [(carteiras$ | async ?? [])?.length > 0; else noResults] in /home/alisson/www/accounter/src/app/pages/configuracoes/carteiras-digitais/carteiras-digitais.component.html@23:7[0m [1m[35m[plugin angular-compiler][0m

    src/app/pages/configuracoes/carteiras-digitais/carteiras-digitais.component.html:24:7:
[37m      24 â”‚     <div [32m*ngIf="(carteiras$ | async ?? [])?.length > 0; else noRes[37m...
         â•µ          [32m~~~~~~~~~~~~~~~~~~~~~~~~~~~~~~~~~~~~~~~~~~~~~~~~~~~~~~~~~[0m

  Error occurs in the template of component CarteirasDigitaisComponent.

    src/app/pages/configuracoes/carteiras-digitais/carteiras-digitais.component.ts:185:15:
[37m      185 â”‚   templateUrl: [32m'./carteiras-digitais.component.html'[37m,
          â•µ                [32m~~~~~~~~~~~~~~~~~~~~~~~~~~~~~~~~~~~~~[0m


[31mâœ˜ [41;31m[[41;97mERROR[41;31m][0m [1mNG5002: Parser Error: Missing expected ) at column 21 in [(carteiras$ | async ?? [])?.length > 0; else noResults] in /home/alisson/www/accounter/src/app/pages/configuracoes/carteiras-digitais/carteiras-digitais.component.html@23:7[0m [1m[35m[plugin angular-compiler][0m

    src/app/pages/configuracoes/carteiras-digitais/carteiras-digitais.component.html:35:9:
[37m      35 â”‚           <tr [32m*ngFor="let item of carteiras$ | async"[37m>
         â•µ               [32m~~~~~~~~~~~~~~~~~~~~~~~~~~~~~~~~~~~~~~~[0m

  Error occurs in the template of component CarteirasDigitaisComponent.

    src/app/pages/configuracoes/carteiras-digitais/carteiras-digitais.component.ts:185:15:
[37m      185 â”‚   templateUrl: [32m'./carteiras-digitais.component.html'[37m,
          â•µ                [32m~~~~~~~~~~~~~~~~~~~~~~~~~~~~~~~~~~~~~[0m


[31mâœ˜ [41;31m[[41;97mERROR[41;31m][0m [1mNG5002: Parser Error: Missing expected ) at column 21 in [(carteiras$ | async ?? [])?.length > 0; else noResults] in /home/alisson/www/accounter/src/app/pages/configuracoes/carteiras-digitais/carteiras-digitais.component.html@23:7[0m [1m[35m[plugin angular-compiler][0m

    src/app/pages/configuracoes/carteiras-digitais/carteiras-digitais.component.html:36:10:
[37m      36 â”‚             <td>[32m{{ item.titulo }}[37m</td>
         â•µ                 [32m~~~~~~~~~~~~~~~~~[0m

  Error occurs in the template of component CarteirasDigitaisComponent.

    src/app/pages/configuracoes/carteiras-digitais/carteiras-digitais.component.ts:185:15:
[37m      185 â”‚   templateUrl: [32m'./carteiras-digitais.component.html'[37m,
          â•µ                [32m~~~~~~~~~~~~~~~~~~~~~~~~~~~~~~~~~~~~~[0m


[31mâœ˜ [41;31m[[41;97mERROR[41;31m][0m [1mNG5002: Parser Error: Missing expected ) at column 21 in [(carteiras$ | async ?? [])?.length > 0; else noResults] in /home/alisson/www/accounter/src/app/pages/configuracoes/carteiras-digitais/carteiras-digitais.component.html@23:7[0m [1m[35m[plugin angular-compiler][0m

    src/app/pages/configuracoes/carteiras-digitais/carteiras-digitais.component.html:37:31:
[37m      37 â”‚             <td class="center-align">[32m{{ item.saldo_atual }}[37m</td>
         â•µ                                      [32m~~~~~~~~~~~~~~~~~~~~~~[0m

  Error occurs in the template of component CarteirasDigitaisComponent.

    src/app/pages/configuracoes/carteiras-digitais/carteiras-digitais.component.ts:185:15:
[37m      185 â”‚   templateUrl: [32m'./carteiras-digitais.component.html'[37m,
          â•µ                [32m~~~~~~~~~~~~~~~~~~~~~~~~~~~~~~~~~~~~~[0m


[31mâœ˜ [41;31m[[41;97mERROR[41;31m][0m [1mNG5002: Parser Error: Missing expected ) at column 21 in [(carteiras$ | async ?? [])?.length > 0; else noResults] in /home/alisson/www/accounter/src/app/pages/configuracoes/carteiras-digitais/carteiras-digitais.component.html@23:7[0m [1m[35m[plugin angular-compiler][0m

    src/app/pages/configuracoes/carteiras-digitais/carteiras-digitais.component.html:38:31:
[37m      38 â”‚             <td class="center-align">[32m{{ item.status }}[37m</td>
         â•µ                                      [32m~~~~~~~~~~~~~~~~~[0m

  Error occurs in the template of component CarteirasDigitaisComponent.

    src/app/pages/configuracoes/carteiras-digitais/carteiras-digitais.component.ts:185:15:
[37m      185 â”‚   templateUrl: [32m'./carteiras-digitais.component.html'[37m,
          â•µ                [32m~~~~~~~~~~~~~~~~~~~~~~~~~~~~~~~~~~~~~[0m


[31mâœ˜ [41;31m[[41;97mERROR[41;31m][0m [1mNG5002: Parser Error: Missing expected ) at column 21 in [(carteiras$ | async ?? [])?.length > 0; else noResults] in /home/alisson/www/accounter/src/app/pages/configuracoes/carteiras-digitais/carteiras-digitais.component.html@23:7[0m [1m[35m[plugin angular-compiler][0m

    src/app/pages/configuracoes/carteiras-digitais/carteiras-digitais.component.html:40:138:
[37m      40 â”‚ ...gger" data-target="#modal-categoria" (click)="[32mopenModal(item.id)[37m">
         â•µ                                                  [32m~~~~~~~~~~~~~~~~~~[0m

  Error occurs in the template of component CarteirasDigitaisComponent.

    src/app/pages/configuracoes/carteiras-digitais/carteiras-digitais.component.ts:185:15:
[37m      185 â”‚   templateUrl: [32m'./carteiras-digitais.component.html'[37m,
          â•µ                [32m~~~~~~~~~~~~~~~~~~~~~~~~~~~~~~~~~~~~~[0m


[31mâœ˜ [41;31m[[41;97mERROR[41;31m][0m [1mNG5002: Parser Error: Missing expected ) at column 21 in [(carteiras$ | async ?? [])?.length > 0; else noResults] in /home/alisson/www/accounter/src/app/pages/configuracoes/carteiras-digitais/carteiras-digitais.component.html@23:7[0m [1m[35m[plugin angular-compiler][0m

    src/app/pages/configuracoes/carteiras-digitais/carteiras-digitais.component.html:43:104:
[37m      43 â”‚ ...rent btn-small waves-effect btn-delete" (click)="[32mdialog(item.id)[37m">
         â•µ                                                     [32m~~~~~~~~~~~~~~~[0m

  Error occurs in the template of component CarteirasDigitaisComponent.

    src/app/pages/configuracoes/carteiras-digitais/carteiras-digitais.component.ts:185:15:
[37m      185 â”‚   templateUrl: [32m'./carteiras-digitais.component.html'[37m,
          â•µ                [32m~~~~~~~~~~~~~~~~~~~~~~~~~~~~~~~~~~~~~[0m


[31mâœ˜ [41;31m[[41;97mERROR[41;31m][0m [1mNG5002: Parser Error: Missing expected ) at column 21 in [(carteiras$ | async ?? [])?.length > 0; else noResults] in /home/alisson/www/accounter/src/app/pages/configuracoes/carteiras-digitais/carteiras-digitais.component.html@23:7[0m [1m[35m[plugin angular-compiler][0m

    src/app/pages/configuracoes/carteiras-digitais/carteiras-digitais.component.html:46:100:
[37m      46 â”‚ ...t btn-small waves-effect btn-status" (click)="[32mupdateStatus(item)[37m">
         â•µ                                                  [32m~~~~~~~~~~~~~~~~~~[0m

  Error occurs in the template of component CarteirasDigitaisComponent.

    src/app/pages/configuracoes/carteiras-digitais/carteiras-digitais.component.ts:185:15:
[37m      185 â”‚   templateUrl: [32m'./carteiras-digitais.component.html'[37m,
          â•µ                [32m~~~~~~~~~~~~~~~~~~~~~~~~~~~~~~~~~~~~~[0m


[31mâœ˜ [41;31m[[41;97mERROR[41;31m][0m [1mNG9: Property 'updateStatus' does not exist on type 'CarteirasDigitaisComponent'.[0m [1m[35m[plugin angular-compiler][0m

    src/app/pages/configuracoes/carteiras-digitais/carteiras-digitais.component.html:46:100:
[37m      46 â”‚ ...t btn-small waves-effect btn-status" (click)="[32mupdateStatus[37m(item)">
         â•µ                                                  [32m~~~~~~~~~~~~[0m

  Error occurs in the template of component CarteirasDigitaisComponent.

    src/app/pages/configuracoes/carteiras-digitais/carteiras-digitais.component.ts:185:15:
[37m      185 â”‚   templateUrl: [32m'./carteiras-digitais.component.html'[37m,
          â•µ                [32m~~~~~~~~~~~~~~~~~~~~~~~~~~~~~~~~~~~~~[0m


[31mâœ˜ [41;31m[[41;97mERROR[41;31m][0m [1mNG5002: Parser Error: Missing expected ) at column 21 in [(carteiras$ | async ?? [])?.length > 0; else noResults] in /home/alisson/www/accounter/src/app/pages/configuracoes/carteiras-digitais/carteiras-digitais.component.html@23:7[0m [1m[35m[plugin angular-compiler][0m

    src/app/pages/configuracoes/carteiras-digitais/carteiras-digitais.component.html:47:58:
[37m      47 â”‚ ...darken-1">[32m{{ item.status === 'ativa' ? 'visibility' : 'visibili[37m...
         â•µ              [32m~~~~~~~~~~~~~~~~~~~~~~~~~~~~~~~~~~~~~~~~~~~~~~~~~~~~~[0m

  Error occurs in the template of component CarteirasDigitaisComponent.

    src/app/pages/configuracoes/carteiras-digitais/carteiras-digitais.component.ts:185:15:
[37m      185 â”‚   templateUrl: [32m'./carteiras-digitais.component.html'[37m,
          â•µ                [32m~~~~~~~~~~~~~~~~~~~~~~~~~~~~~~~~~~~~~[0m


[31mâœ˜ [41;31m[[41;97mERROR[41;31m][0m [1mNG5002: Parser Error: Missing expected ) at column 21 in [(carteiras$ | async ?? [])?.length > 0; else noResults] in /home/alisson/www/accounter/src/app/pages/configuracoes/carteiras-digitais/carteiras-digitais.component.html@23:7[0m [1m[35m[plugin angular-compiler][0m

    src/app/pages/configuracoes/carteiras-digitais/carteiras-digitais.component.html:81:19:
[37m      81 â”‚ <form [formGroup]="[32mcarteiraForm.getForm()[37m" (ngSubmit)="save()" aut...
         â•µ                    [32m~~~~~~~~~~~~~~~~~~~~~~[0m

  Error occurs in the template of component CarteirasDigitaisComponent.

    src/app/pages/configuracoes/carteiras-digitais/carteiras-digitais.component.ts:185:15:
[37m      185 â”‚   templateUrl: [32m'./carteiras-digitais.component.html'[37m,
          â•µ                [32m~~~~~~~~~~~~~~~~~~~~~~~~~~~~~~~~~~~~~[0m


[31mâœ˜ [41;31m[[41;97mERROR[41;31m][0m [1mNG5002: Parser Error: Missing expected ) at column 21 in [(carteiras$ | async ?? [])?.length > 0; else noResults] in /home/alisson/www/accounter/src/app/pages/configuracoes/carteiras-digitais/carteiras-digitais.component.html@23:7[0m [1m[35m[plugin angular-compiler][0m

    src/app/pages/configuracoes/carteiras-digitais/carteiras-digitais.component.html:81:55:
[37m      81 â”‚ ...aForm.getForm()" (ngSubmit)="[32msave()[37m" autocomplete="off" autocap...
         â•µ                                 [32m~~~~~~[0m

  Error occurs in the template of component CarteirasDigitaisComponent.

    src/app/pages/configuracoes/carteiras-digitais/carteiras-digitais.component.ts:185:15:
[37m      185 â”‚   templateUrl: [32m'./carteiras-digitais.component.html'[37m,
          â•µ                [32m~~~~~~~~~~~~~~~~~~~~~~~~~~~~~~~~~~~~~[0m


[31mâœ˜ [41;31m[[41;97mERROR[41;31m][0m [1mNG5002: Parser Error: Missing expected ) at column 21 in [(carteiras$ | async ?? [])?.length > 0; else noResults] in /home/alisson/www/accounter/src/app/pages/configuracoes/carteiras-digitais/carteiras-digitais.component.html@23:7[0m [1m[35m[plugin angular-compiler][0m

    src/app/pages/configuracoes/carteiras-digitais/carteiras-digitais.component.html:94:47:
[37m      94 â”‚ ...rolName="id" [32m*ngIf="this.carteiraForm.getForm().get('id')?.value"[37m>
         â•µ                 [32m~~~~~~~~~~~~~~~~~~~~~~~~~~~~~~~~~~~~~~~~~~~~~~~~~~~~[0m

  Error occurs in the template of component CarteirasDigitaisComponent.

    src/app/pages/configuracoes/carteiras-digitais/carteiras-digitais.component.ts:185:15:
[37m      185 â”‚   templateUrl: [32m'./carteiras-digitais.component.html'[37m,
          â•µ                [32m~~~~~~~~~~~~~~~~~~~~~~~~~~~~~~~~~~~~~[0m


[31mâœ˜ [41;31m[[41;97mERROR[41;31m][0m [1mNG5002: Parser Error: Missing expected ) at column 21 in [(carteiras$ | async ?? [])?.length > 0; else noResults] in /home/alisson/www/accounter/src/app/pages/configuracoes/carteiras-digitais/carteiras-digitais.component.html@23:7[0m [1m[35m[plugin angular-compiler][0m

    src/app/pages/configuracoes/carteiras-digitais/carteiras-digitais.component.html:99:42:
[37m      99 â”‚ ...r.class]="[32mthis.carteiraForm.getForm().get('titulo')?.value ? 'a[37m...
         â•µ              [32m~~~~~~~~~~~~~~~~~~~~~~~~~~~~~~~~~~~~~~~~~~~~~~~~~~~~~[0m

  Error occurs in the template of component CarteirasDigitaisComponent.

    src/app/pages/configuracoes/carteiras-digitais/carteiras-digitais.component.ts:185:15:
[37m      185 â”‚   templateUrl: [32m'./carteiras-digitais.component.html'[37m,
          â•µ                [32m~~~~~~~~~~~~~~~~~~~~~~~~~~~~~~~~~~~~~[0m


[31mâœ˜ [41;31m[[41;97mERROR[41;31m][0m [1mNG5002: Parser Error: Missing expected ) at column 21 in [(carteiras$ | async ?? [])?.length > 0; else noResults] in /home/alisson/www/accounter/src/app/pages/configuracoes/carteiras-digitais/carteiras-digitais.component.html@23:7[0m [1m[35m[plugin angular-compiler][0m

    src/app/pages/configuracoes/carteiras-digitais/carteiras-digitais.component.html:100:95:
[37m      100 â”‚ ...ulo" id="titulo" autofocus="autofocus" (input)="[32mreplaceTitulo()[37m">
          â•µ                                                    [32m~~~~~~~~~~~~~~~[0m

  Error occurs in the template of component CarteirasDigitaisComponent.

    src/app/pages/configuracoes/carteiras-digitais/carteiras-digitais.component.ts:185:15:
[37m      185 â”‚   templateUrl: [32m'./carteiras-digitais.component.html'[37m,
          â•µ                [32m~~~~~~~~~~~~~~~~~~~~~~~~~~~~~~~~~~~~~[0m


[31mâœ˜ [41;31m[[41;97mERROR[41;31m][0m [1mNG5002: Parser Error: Missing expected ) at column 21 in [(carteiras$ | async ?? [])?.length > 0; else noResults] in /home/alisson/www/accounter/src/app/pages/configuracoes/carteiras-digitais/carteiras-digitais.component.html@23:7[0m [1m[35m[plugin angular-compiler][0m

    src/app/pages/configuracoes/carteiras-digitais/carteiras-digitais.component.html:109:47:
[37m      109 â”‚ ...r.class]="[32mthis.carteiraForm.getForm().get('saldo_atual')?.valu[37m...
          â•µ              [32m~~~~~~~~~~~~~~~~~~~~~~~~~~~~~~~~~~~~~~~~~~~~~~~~~~~~[0m

  Error occurs in the template of component CarteirasDigitaisComponent.

    src/app/pages/configuracoes/carteiras-digitais/carteiras-digitais.component.ts:185:15:
[37m      185 â”‚   templateUrl: [32m'./carteiras-digitais.component.html'[37m,
          â•µ                [32m~~~~~~~~~~~~~~~~~~~~~~~~~~~~~~~~~~~~~[0m


[31mâœ˜ [41;31m[[41;97mERROR[41;31m][0m [1mNG5002: Parser Error: Missing expected ) at column 21 in [(carteiras$ | async ?? [])?.length > 0; else noResults] in /home/alisson/www/accounter/src/app/pages/configuracoes/carteiras-digitais/carteiras-digitais.component.html@23:7[0m [1m[35m[plugin angular-compiler][0m

    src/app/pages/configuracoes/carteiras-digitais/carteiras-digitais.component.html:145:70:
[37m      145 â”‚ ..." [disabled]="[32mcarteiraForm.invalid() || carteiraForm.submited()[37m">
          â•µ                  [32m~~~~~~~~~~~~~~~~~~~~~~~~~~~~~~~~~~~~~~~~~~~~~~~~~[0m

  Error occurs in the template of component CarteirasDigitaisComponent.

    src/app/pages/configuracoes/carteiras-digitais/carteiras-digitais.component.ts:185:15:
[37m      185 â”‚   templateUrl: [32m'./carteiras-digitais.component.html'[37m,
          â•µ                [32m~~~~~~~~~~~~~~~~~~~~~~~~~~~~~~~~~~~~~[0m


[31mâœ˜ [41;31m[[41;97mERROR[41;31m][0m [1mTS2345: Argument of type 'unknown' is not assignable to parameter of type 'any[]'.[0m [1m[35m[plugin angular-compiler][0m

    src/app/pages/configuracoes/carteiras-digitais/carteiras-digitais.component.ts:220:29:
[37m      220 â”‚         this.carteiras$.next([32mresults[37m); // Atualiza o estado do Be...
          â•µ                              [32m~~~~~~~[0m


[31mâœ˜ [41;31m[[41;97mERROR[41;31m][0m [1mTS2339: Property 'updateCarteira' does not exist on type 'CarteiraService'.[0m [1m[35m[plugin angular-compiler][0m

    src/app/pages/configuracoes/carteiras-digitais/carteiras-digitais.component.ts:260:25:
[37m      260 â”‚     this.carteiraService.[32mupdateCarteira[37m(updatedCarteira).subscribe(
          â•µ                          [32m~~~~~~~~~~~~~~[0m


â¯ Changes detected. Rebuilding...
âœ” Changes detected. Rebuilding...
Application bundle generation failed. [0.382 seconds]

[31mâœ˜ [41;31m[[41;97mERROR[41;31m][0m [1mNG2: Object is possibly 'undefined'.[0m [1m[35m[plugin angular-compiler][0m

    src/app/pages/configuracoes/carteiras-digitais/carteiras-digitais.component.html:24:16:
[37m      24 â”‚     <div *ngIf="[32m(carteiras$ | async)?.length > 0[37m; else noResults">
         â•µ                 [32m~~~~~~~~~~~~~~~~~~~~~~~~~~~~~~~~[0m

  Error occurs in the template of component CarteirasDigitaisComponent.

    src/app/pages/configuracoes/carteiras-digitais/carteiras-digitais.component.ts:185:15:
[37m      185 â”‚   templateUrl: [32m'./carteiras-digitais.component.html'[37m,
          â•µ                [32m~~~~~~~~~~~~~~~~~~~~~~~~~~~~~~~~~~~~~[0m


[31mâœ˜ [41;31m[[41;97mERROR[41;31m][0m [1mNG9: Property 'updateStatus' does not exist on type 'CarteirasDigitaisComponent'.[0m [1m[35m[plugin angular-compiler][0m

    src/app/pages/configuracoes/carteiras-digitais/carteiras-digitais.component.html:46:107:
[37m      46 â”‚ ...t btn-small waves-effect btn-status" (click)="[32mupdateStatus[37m(item)">
         â•µ                                                  [32m~~~~~~~~~~~~[0m

  Error occurs in the template of component CarteirasDigitaisComponent.

    src/app/pages/configuracoes/carteiras-digitais/carteiras-digitais.component.ts:185:15:
[37m      185 â”‚   templateUrl: [32m'./carteiras-digitais.component.html'[37m,
          â•µ                [32m~~~~~~~~~~~~~~~~~~~~~~~~~~~~~~~~~~~~~[0m


[31mâœ˜ [41;31m[[41;97mERROR[41;31m][0m [1mTS2345: Argument of type 'unknown' is not assignable to parameter of type 'any[]'.[0m [1m[35m[plugin angular-compiler][0m

    src/app/pages/configuracoes/carteiras-digitais/carteiras-digitais.component.ts:220:29:
[37m      220 â”‚         this.carteiras$.next([32mresults[37m); // Atualiza o estado do Be...
          â•µ                              [32m~~~~~~~[0m


[31mâœ˜ [41;31m[[41;97mERROR[41;31m][0m [1mTS2339: Property 'updateCarteira' does not exist on type 'CarteiraService'.[0m [1m[35m[plugin angular-compiler][0m

    src/app/pages/configuracoes/carteiras-digitais/carteiras-digitais.component.ts:260:25:
[37m      260 â”‚     this.carteiraService.[32mupdateCarteira[37m(updatedCarteira).subscribe(
          â•µ                          [32m~~~~~~~~~~~~~~[0m


â¯ Changes detected. Rebuilding...
âœ” Changes detected. Rebuilding...
Application bundle generation failed. [0.532 seconds]

[31mâœ˜ [41;31m[[41;97mERROR[41;31m][0m [1mNG2: Object is possibly 'undefined'.[0m [1m[35m[plugin angular-compiler][0m

    src/app/pages/configuracoes/carteiras-digitais/carteiras-digitais.component.html:24:16:
[37m      24 â”‚     <div *ngIf="[32m(carteiras$ | async)?.length > 0[37m; else noResults">
         â•µ                 [32m~~~~~~~~~~~~~~~~~~~~~~~~~~~~~~~~[0m

  Error occurs in the template of component CarteirasDigitaisComponent.

    src/app/pages/configuracoes/carteiras-digitais/carteiras-digitais.component.ts:185:15:
[37m      185 â”‚   templateUrl: [32m'./carteiras-digitais.component.html'[37m,
          â•µ                [32m~~~~~~~~~~~~~~~~~~~~~~~~~~~~~~~~~~~~~[0m


[31mâœ˜ [41;31m[[41;97mERROR[41;31m][0m [1mNG9: Property 'updateStatus' does not exist on type 'CarteirasDigitaisComponent'.[0m [1m[35m[plugin angular-compiler][0m

    src/app/pages/configuracoes/carteiras-digitais/carteiras-digitais.component.html:46:107:
[37m      46 â”‚ ...t btn-small waves-effect btn-status" (click)="[32mupdateStatus[37m(item)">
         â•µ                                                  [32m~~~~~~~~~~~~[0m

  Error occurs in the template of component CarteirasDigitaisComponent.

    src/app/pages/configuracoes/carteiras-digitais/carteiras-digitais.component.ts:185:15:
[37m      185 â”‚   templateUrl: [32m'./carteiras-digitais.component.html'[37m,
          â•µ                [32m~~~~~~~~~~~~~~~~~~~~~~~~~~~~~~~~~~~~~[0m


[31mâœ˜ [41;31m[[41;97mERROR[41;31m][0m [1mTS2345: Argument of type 'unknown' is not assignable to parameter of type 'any[]'.[0m [1m[35m[plugin angular-compiler][0m

    src/app/pages/configuracoes/carteiras-digitais/carteiras-digitais.component.ts:220:29:
[37m      220 â”‚         this.carteiras$.next([32mresults[37m); // Atualiza o estado do Be...
          â•µ                              [32m~~~~~~~[0m


â¯ Changes detected. Rebuilding...
âœ” Changes detected. Rebuilding...
Application bundle generation failed. [0.467 seconds]

[31mâœ˜ [41;31m[[41;97mERROR[41;31m][0m [1mNG2: Object is possibly 'undefined'.[0m [1m[35m[plugin angular-compiler][0m

    src/app/pages/configuracoes/carteiras-digitais/carteiras-digitais.component.html:24:16:
[37m      24 â”‚     <div *ngIf="[32m(carteiras$ | async)?.length > 0[37m; else noResults">
         â•µ                 [32m~~~~~~~~~~~~~~~~~~~~~~~~~~~~~~~~[0m

  Error occurs in the template of component CarteirasDigitaisComponent.

    src/app/pages/configuracoes/carteiras-digitais/carteiras-digitais.component.ts:185:15:
[37m      185 â”‚   templateUrl: [32m'./carteiras-digitais.component.html'[37m,
          â•µ                [32m~~~~~~~~~~~~~~~~~~~~~~~~~~~~~~~~~~~~~[0m


[31mâœ˜ [41;31m[[41;97mERROR[41;31m][0m [1mNG9: Property 'updateStatus' does not exist on type 'CarteirasDigitaisComponent'.[0m [1m[35m[plugin angular-compiler][0m

    src/app/pages/configuracoes/carteiras-digitais/carteiras-digitais.component.html:46:107:
[37m      46 â”‚ ...t btn-small waves-effect btn-status" (click)="[32mupdateStatus[37m(item)">
         â•µ                                                  [32m~~~~~~~~~~~~[0m

  Error occurs in the template of component CarteirasDigitaisComponent.

    src/app/pages/configuracoes/carteiras-digitais/carteiras-digitais.component.ts:185:15:
[37m      185 â”‚   templateUrl: [32m'./carteiras-digitais.component.html'[37m,
          â•µ                [32m~~~~~~~~~~~~~~~~~~~~~~~~~~~~~~~~~~~~~[0m


â¯ Changes detected. Rebuilding...
âœ” Changes detected. Rebuilding...
Application bundle generation failed. [0.789 seconds]

[31mâœ˜ [41;31m[[41;97mERROR[41;31m][0m [1mNG2: Object is possibly 'undefined'.[0m [1m[35m[plugin angular-compiler][0m

    src/app/pages/configuracoes/carteiras-digitais/carteiras-digitais.component.html:24:16:
[37m      24 â”‚     <div *ngIf="[32m(carteiras$ | async)?.length > 0[37m; else noResults">
         â•µ                 [32m~~~~~~~~~~~~~~~~~~~~~~~~~~~~~~~~[0m

  Error occurs in the template of component CarteirasDigitaisComponent.

    src/app/pages/configuracoes/carteiras-digitais/carteiras-digitais.component.ts:185:15:
[37m      185 â”‚   templateUrl: [32m'./carteiras-digitais.component.html'[37m,
          â•µ                [32m~~~~~~~~~~~~~~~~~~~~~~~~~~~~~~~~~~~~~[0m


â¯ Changes detected. Rebuilding...
âœ” Changes detected. Rebuilding...
Initial chunk files | Names         |  Raw size
scripts.js          | scripts       | 993.17 kB | 
main.js             | main          | 257.34 kB | 
styles.css          | styles        | 184.84 kB | 
polyfills.js        | polyfills     |  90.20 kB | 

                    | Initial total |   1.53 MB

Application bundle generation complete. [0.333 seconds]

Page reload sent to client(s).
â¯ Changes detected. Rebuilding...
âœ” Changes detected. Rebuilding...
Initial chunk files | Names |  Raw size
main.js             | main  | 257.26 kB | 

Application bundle generation complete. [0.510 seconds]

Component update sent to client(s).
â¯ Changes detected. Rebuilding...
âœ” Changes detected. Rebuilding...
Initial chunk files | Names |  Raw size
main.js             | main  | 257.26 kB | 

Application bundle generation complete. [0.937 seconds]

Component update sent to client(s).
â¯ Changes detected. Rebuilding...
âœ” Changes detected. Rebuilding...
Initial chunk files | Names |  Raw size
main.js             | main  | 256.61 kB | 

Application bundle generation complete. [0.662 seconds]

Component update sent to client(s).
â¯ Changes detected. Rebuilding...
âœ” Changes detected. Rebuilding...

No output file changes.

Application bundle generation complete. [0.744 seconds]

â¯ Changes detected. Rebuilding...
âœ” Changes detected. Rebuilding...
Initial chunk files | Names         |  Raw size
scripts.js          | scripts       | 993.17 kB | 
main.js             | main          | 256.61 kB | 
styles.css          | styles        | 184.84 kB | 
polyfills.js        | polyfills     |  90.20 kB | 

                    | Initial total |   1.52 MB

Application bundle generation complete. [0.269 seconds]

â¯ Changes detected. Rebuilding...
âœ” Changes detected. Rebuilding...
Initial chunk files | Names         |  Raw size
scripts.js          | scripts       | 993.17 kB | 
main.js             | main          | 256.61 kB | 
styles.css          | styles        | 184.84 kB | 
polyfills.js        | polyfills     |  90.20 kB | 

                    | Initial total |   1.52 MB

Application bundle generation complete. [0.277 seconds]

â¯ Changes detected. Rebuilding...
âœ” Changes detected. Rebuilding...
Initial chunk files | Names |  Raw size
main.js             | main  | 257.09 kB | 

Application bundle generation complete. [0.509 seconds]

Page reload sent to client(s).
â¯ Changes detected. Rebuilding...
âœ” Changes detected. Rebuilding...
Application bundle generation failed. [0.480 seconds]

[31mâœ˜ [41;31m[[41;97mERROR[41;31m][0m [1mTS2304: Cannot find name 'updatedCarteira'.[0m [1m[35m[plugin angular-compiler][0m

    src/app/pages/configuracoes/carteiras-digitais/carteiras-digitais.component.ts:280:28:
[37m      280 â”‚       (item) => item.id === [32mupdatedCarteira[37m.id
          â•µ                             [32m~~~~~~~~~~~~~~~[0m


[31mâœ˜ [41;31m[[41;97mERROR[41;31m][0m [1mTS2304: Cannot find name 'updatedCarteira'.[0m [1m[35m[plugin angular-compiler][0m

    src/app/pages/configuracoes/carteiras-digitais/carteiras-digitais.component.ts:284:37:
[37m      284 â”‚       this.carteiras$.value[index] = [32mupdatedCarteira[37m;
          â•µ                                      [32m~~~~~~~~~~~~~~~[0m


â¯ Changes detected. Rebuilding...
âœ” Changes detected. Rebuilding...
Application bundle generation failed. [0.235 seconds]

[31mâœ˜ [41;31m[[41;97mERROR[41;31m][0m [1mTS2304: Cannot find name 'updatedCarteira'.[0m [1m[35m[plugin angular-compiler][0m

    src/app/pages/configuracoes/carteiras-digitais/carteiras-digitais.component.ts:280:28:
[37m      280 â”‚       (item) => item.id === [32mupdatedCarteira[37m.id
          â•µ                             [32m~~~~~~~~~~~~~~~[0m


[31mâœ˜ [41;31m[[41;97mERROR[41;31m][0m [1mTS2304: Cannot find name 'updatedCarteira'.[0m [1m[35m[plugin angular-compiler][0m

    src/app/pages/configuracoes/carteiras-digitais/carteiras-digitais.component.ts:284:37:
[37m      284 â”‚       this.carteiras$.value[index] = [32mupdatedCarteira[37m;
          â•µ                                      [32m~~~~~~~~~~~~~~~[0m


â¯ Changes detected. Rebuilding...
âœ” Changes detected. Rebuilding...
Application bundle generation failed. [0.523 seconds]

[31mâœ˜ [41;31m[[41;97mERROR[41;31m][0m [1mTS2551: Property 'updatedCarteira' does not exist on type 'CarteirasDigitaisComponent'. Did you mean 'updateCarteira'?[0m [1m[35m[plugin angular-compiler][0m

    src/app/pages/configuracoes/carteiras-digitais/carteiras-digitais.component.ts:280:33:
[37m      280 â”‚       (item) => item.id === this.[32mupdatedCarteira[37m.id
          â•µ                                  [32m~~~~~~~~~~~~~~~[0m

  'updateCarteira' is declared here.

    src/app/pages/configuracoes/carteiras-digitais/carteiras-digitais.component.ts:249:2:
[37m      249 â”‚   [32mupdateCarteira[37m(updatedCarteira: any) {
          â•µ   [32m~~~~~~~~~~~~~~[0m


[31mâœ˜ [41;31m[[41;97mERROR[41;31m][0m [1mTS2304: Cannot find name 'updatedCarteira'.[0m [1m[35m[plugin angular-compiler][0m

    src/app/pages/configuracoes/carteiras-digitais/carteiras-digitais.component.ts:284:37:
[37m      284 â”‚       this.carteiras$.value[index] = [32mupdatedCarteira[37m;
          â•µ                                      [32m~~~~~~~~~~~~~~~[0m


â¯ Changes detected. Rebuilding...
âœ” Changes detected. Rebuilding...
Application bundle generation failed. [0.512 seconds]

[31mâœ˜ [41;31m[[41;97mERROR[41;31m][0m [1mTS2304: Cannot find name 'updatedCarteira'.[0m [1m[35m[plugin angular-compiler][0m

    src/app/pages/configuracoes/carteiras-digitais/carteiras-digitais.component.ts:280:28:
[37m      280 â”‚       (item) => item.id === [32mupdatedCarteira[37m.id
          â•µ                             [32m~~~~~~~~~~~~~~~[0m


[31mâœ˜ [41;31m[[41;97mERROR[41;31m][0m [1mTS2304: Cannot find name 'updatedCarteira'.[0m [1m[35m[plugin angular-compiler][0m

    src/app/pages/configuracoes/carteiras-digitais/carteiras-digitais.component.ts:284:37:
[37m      284 â”‚       this.carteiras$.value[index] = [32mupdatedCarteira[37m;
          â•µ                                      [32m~~~~~~~~~~~~~~~[0m


â¯ Changes detected. Rebuilding...
âœ” Changes detected. Rebuilding...
Application bundle generation failed. [0.752 seconds]

[31mâœ˜ [41;31m[[41;97mERROR[41;31m][0m [1mTS2304: Cannot find name 'item'.[0m [1m[35m[plugin angular-compiler][0m

    src/app/pages/configuracoes/carteiras-digitais/carteiras-digitais.component.ts:276:27:
[37m      276 â”‚     const originalStatus = [32mitem[37m.status;
          â•µ                            [32m~~~~[0m


[31mâœ˜ [41;31m[[41;97mERROR[41;31m][0m [1mTS2304: Cannot find name 'item'.[0m [1m[35m[plugin angular-compiler][0m

    src/app/pages/configuracoes/carteiras-digitais/carteiras-digitais.component.ts:289:22:
[37m      289 â”‚       .atualizaStatus([32mitem[37m.id, { status: item.status })
          â•µ                       [32m~~~~[0m


[31mâœ˜ [41;31m[[41;97mERROR[41;31m][0m [1mTS2304: Cannot find name 'item'.[0m [1m[35m[plugin angular-compiler][0m

    src/app/pages/configuracoes/carteiras-digitais/carteiras-digitais.component.ts:289:41:
[37m      289 â”‚       .atualizaStatus(item.id, { status: [32mitem[37m.status })
          â•µ                                          [32m~~~~[0m


[31mâœ˜ [41;31m[[41;97mERROR[41;31m][0m [1mTS2304: Cannot find name 'item'.[0m [1m[35m[plugin angular-compiler][0m

    src/app/pages/configuracoes/carteiras-digitais/carteiras-digitais.component.ts:297:10:
[37m      297 â”‚           [32mitem[37m.status = originalStatus;
          â•µ           [32m~~~~[0m


â¯ Changes detected. Rebuilding...
âœ” Changes detected. Rebuilding...
Application bundle generation failed. [0.576 seconds]

[31mâœ˜ [41;31m[[41;97mERROR[41;31m][0m [1mTS2304: Cannot find name 'item'.[0m [1m[35m[plugin angular-compiler][0m

    src/app/pages/configuracoes/carteiras-digitais/carteiras-digitais.component.ts:289:22:
[37m      289 â”‚       .atualizaStatus([32mitem[37m.id, { status: item.status })
          â•µ                       [32m~~~~[0m


[31mâœ˜ [41;31m[[41;97mERROR[41;31m][0m [1mTS2304: Cannot find name 'item'.[0m [1m[35m[plugin angular-compiler][0m

    src/app/pages/configuracoes/carteiras-digitais/carteiras-digitais.component.ts:289:41:
[37m      289 â”‚       .atualizaStatus(item.id, { status: [32mitem[37m.status })
          â•µ                                          [32m~~~~[0m


[31mâœ˜ [41;31m[[41;97mERROR[41;31m][0m [1mTS2304: Cannot find name 'item'.[0m [1m[35m[plugin angular-compiler][0m

    src/app/pages/configuracoes/carteiras-digitais/carteiras-digitais.component.ts:297:10:
[37m      297 â”‚           [32mitem[37m.status = originalStatus;
          â•µ           [32m~~~~[0m


â¯ Changes detected. Rebuilding...
âœ” Changes detected. Rebuilding...
Application bundle generation failed. [0.491 seconds]

[31mâœ˜ [41;31m[[41;97mERROR[41;31m][0m [1mTS2304: Cannot find name 'item'.[0m [1m[35m[plugin angular-compiler][0m

    src/app/pages/configuracoes/carteiras-digitais/carteiras-digitais.component.ts:297:10:
[37m      297 â”‚           [32mitem[37m.status = originalStatus;
          â•µ           [32m~~~~[0m


â¯ Changes detected. Rebuilding...
âœ” Changes detected. Rebuilding...
Initial chunk files | Names         |  Raw size
scripts.js          | scripts       | 993.17 kB | 
main.js             | main          | 257.31 kB | 
styles.css          | styles        | 184.84 kB | 
polyfills.js        | polyfills     |  90.20 kB | 

                    | Initial total |   1.53 MB

Application bundle generation complete. [0.484 seconds]

Page reload sent to client(s).
â¯ Changes detected. Rebuilding...
âœ” Changes detected. Rebuilding...
Initial chunk files | Names |  Raw size
main.js             | main  | 257.07 kB | 

Application bundle generation complete. [0.643 seconds]

Page reload sent to client(s).
â¯ Changes detected. Rebuilding...
âœ” Changes detected. Rebuilding...
Initial chunk files | Names |  Raw size
main.js             | main  | 257.31 kB | 

Application bundle generation complete. [0.456 seconds]

Page reload sent to client(s).
â¯ Changes detected. Rebuilding...
âœ” Changes detected. Rebuilding...
Initial chunk files | Names |  Raw size
main.js             | main  | 257.08 kB | 

Application bundle generation complete. [0.685 seconds]

Page reload sent to client(s).
â¯ Changes detected. Rebuilding...
âœ” Changes detected. Rebuilding...
Application bundle generation failed. [0.662 seconds]

[31mâœ˜ [41;31m[[41;97mERROR[41;31m][0m [1mTS2304: Cannot find name 'updatedCarteira'.[0m [1m[35m[plugin angular-compiler][0m

    src/app/pages/configuracoes/carteiras-digitais/carteiras-digitais.component.ts:366:28:
[37m      366 â”‚       (item) => item.id === [32mupdatedCarteira[37m.id
          â•µ                             [32m~~~~~~~~~~~~~~~[0m


[31mâœ˜ [41;31m[[41;97mERROR[41;31m][0m [1mTS2304: Cannot find name 'updatedCarteira'.[0m [1m[35m[plugin angular-compiler][0m

    src/app/pages/configuracoes/carteiras-digitais/carteiras-digitais.component.ts:370:37:
[37m      370 â”‚       this.carteiras$.value[index] = [32mupdatedCarteira[37m;
          â•µ                                      [32m~~~~~~~~~~~~~~~[0m


[31mâœ˜ [41;31m[[41;97mERROR[41;31m][0m [1mTS2304: Cannot find name 'updatedCarteira'.[0m [1m[35m[plugin angular-compiler][0m

    src/app/pages/configuracoes/carteiras-digitais/carteiras-digitais.component.ts:375:38:
[37m      375 â”‚     this.carteiraService.saveCarteira([32mupdatedCarteira[37m).subscribe(
          â•µ                                       [32m~~~~~~~~~~~~~~~[0m


â¯ Changes detected. Rebuilding...
âœ” Changes detected. Rebuilding...
Initial chunk files | Names         |  Raw size
scripts.js          | scripts       | 993.17 kB | 
main.js             | main          | 256.71 kB | 
styles.css          | styles        | 184.84 kB | 
polyfills.js        | polyfills     |  90.20 kB | 

                    | Initial total |   1.52 MB

Application bundle generation complete. [0.535 seconds]

Page reload sent to client(s).
â¯ Changes detected. Rebuilding...
âœ” Changes detected. Rebuilding...
Initial chunk files | Names |  Raw size
main.js             | main  | 256.94 kB | 

Application bundle generation complete. [0.518 seconds]

Page reload sent to client(s).
â¯ Changes detected. Rebuilding...
âœ” Changes detected. Rebuilding...
Initial chunk files | Names |  Raw size
main.js             | main  | 256.93 kB | 

Application bundle generation complete. [0.576 seconds]

Page reload sent to client(s).
â¯ Changes detected. Rebuilding...
âœ” Changes detected. Rebuilding...
Initial chunk files | Names |  Raw size
main.js             | main  | 257.34 kB | 

Application bundle generation complete. [0.389 seconds]

Page reload sent to client(s).
â¯ Changes detected. Rebuilding...
âœ” Changes detected. Rebuilding...
Initial chunk files | Names |  Raw size
main.js             | main  | 256.93 kB | 

Application bundle generation complete. [0.470 seconds]

Page reload sent to client(s).
â¯ Changes detected. Rebuilding...
âœ” Changes detected. Rebuilding...
Initial chunk files | Names |  Raw size
main.js             | main  | 256.98 kB | 

Application bundle generation complete. [0.474 seconds]

Page reload sent to client(s).
â¯ Changes detected. Rebuilding...
âœ” Changes detected. Rebuilding...
Initial chunk files | Names |  Raw size
main.js             | main  | 257.11 kB | 

Application bundle generation complete. [0.340 seconds]

Page reload sent to client(s).
â¯ Changes detected. Rebuilding...
âœ” Changes detected. Rebuilding...
Initial chunk files | Names |  Raw size
main.js             | main  | 257.24 kB | 

Application bundle generation complete. [0.460 seconds]

Page reload sent to client(s).
â¯ Changes detected. Rebuilding...
âœ” Changes detected. Rebuilding...
Initial chunk files | Names         |  Raw size
scripts.js          | scripts       | 993.17 kB | 
main.js             | main          | 257.24 kB | 
styles.css          | styles        | 184.84 kB | 
polyfills.js        | polyfills     |  90.20 kB | 

                    | Initial total |   1.53 MB

Application bundle generation complete. [0.442 seconds]

â¯ Changes detected. Rebuilding...
âœ” Changes detected. Rebuilding...
Application bundle generation failed. [0.415 seconds]

[31mâœ˜ [41;31m[[41;97mERROR[41;31m][0m [1mTS2304: Cannot find name 'updatedCarteira'.[0m [1m[35m[plugin angular-compiler][0m

    src/app/pages/configuracoes/carteiras-digitais/carteiras-digitais.component.ts:389:38:
[37m      389 â”‚     this.carteiraService.saveCarteira([32mupdatedCarteira[37m).subscribe(
          â•µ                                       [32m~~~~~~~~~~~~~~~[0m


â¯ Changes detected. Rebuilding...
âœ” Changes detected. Rebuilding...
Initial chunk files | Names         |  Raw size
scripts.js          | scripts       | 993.17 kB | 
main.js             | main          | 257.47 kB | 
styles.css          | styles        | 184.84 kB | 
polyfills.js        | polyfills     |  90.20 kB | 

                    | Initial total |   1.53 MB

Application bundle generation complete. [0.372 seconds]

Page reload sent to client(s).
â¯ Changes detected. Rebuilding...
âœ” Changes detected. Rebuilding...

No output file changes.

Application bundle generation complete. [0.494 seconds]

â¯ Changes detected. Rebuilding...
âœ” Changes detected. Rebuilding...

No output file changes.

Application bundle generation complete. [0.437 seconds]

â¯ Changes detected. Rebuilding...
âœ” Changes detected. Rebuilding...
Application bundle generation failed. [0.799 seconds]

[31mâœ˜ [41;31m[[41;97mERROR[41;31m][0m [1mTS7030: Not all code paths return a value.[0m [1m[35m[plugin angular-compiler][0m

    src/app/pages/configuracoes/carteiras-digitais/carteiras-digitais.component.ts:345:2:
[37m      345 â”‚   [32msave[37m() {
          â•µ   [32m~~~~[0m


[31mâœ˜ [41;31m[[41;97mERROR[41;31m][0m [1mTS2304: Cannot find name 'novaCarteira'.[0m [1m[35m[plugin angular-compiler][0m

    src/app/pages/configuracoes/carteiras-digitais/carteiras-digitais.component.ts:353:54:
[37m      353 â”‚ ...  this.carteiras$.next([...this.carteiras$.value, [32mnovaCarteira[37m]);
          â•µ                                                      [32m~~~~~~~~~~~~[0m


[31mâœ˜ [41;31m[[41;97mERROR[41;31m][0m [1mTS2304: Cannot find name 'novaCarteira'.[0m [1m[35m[plugin angular-compiler][0m

    src/app/pages/configuracoes/carteiras-digitais/carteiras-digitais.component.ts:356:40:
[37m      356 â”‚       this.carteiraService.saveCarteira([32mnovaCarteira[37m).subscribe(
          â•µ                                         [32m~~~~~~~~~~~~[0m


[31mâœ˜ [41;31m[[41;97mERROR[41;31m][0m [1mTS2304: Cannot find name 'novaCarteira'.[0m [1m[35m[plugin angular-compiler][0m

    src/app/pages/configuracoes/carteiras-digitais/carteiras-digitais.component.ts:363:60:
[37m      363 â”‚ ...    this.carteiras$.value.filter((item) => item !== [32mnovaCarteira[37m)
          â•µ                                                        [32m~~~~~~~~~~~~[0m


â¯ Changes detected. Rebuilding...
âœ” Changes detected. Rebuilding...
Application bundle generation failed. [0.459 seconds]

[31mâœ˜ [41;31m[[41;97mERROR[41;31m][0m [1mTS7030: Not all code paths return a value.[0m [1m[35m[plugin angular-compiler][0m

    src/app/pages/configuracoes/carteiras-digitais/carteiras-digitais.component.ts:345:2:
[37m      345 â”‚   [32msave[37m() {
          â•µ   [32m~~~~[0m


â¯ Changes detected. Rebuilding...
âœ” Changes detected. Rebuilding...
Initial chunk files | Names         |  Raw size
scripts.js          | scripts       | 993.17 kB | 
main.js             | main          | 257.88 kB | 
styles.css          | styles        | 184.84 kB | 
polyfills.js        | polyfills     |  90.20 kB | 

                    | Initial total |   1.53 MB

Application bundle generation complete. [0.777 seconds]

Page reload sent to client(s).
â¯ Changes detected. Rebuilding...
âœ” Changes detected. Rebuilding...
Initial chunk files | Names |  Raw size
main.js             | main  | 257.87 kB | 

Application bundle generation complete. [0.428 seconds]

Page reload sent to client(s).
â¯ Changes detected. Rebuilding...
âœ” Changes detected. Rebuilding...
Initial chunk files | Names |  Raw size
main.js             | main  | 257.53 kB | 

Application bundle generation complete. [0.525 seconds]

Page reload sent to client(s).
â¯ Changes detected. Rebuilding...
âœ” Changes detected. Rebuilding...
Initial chunk files | Names         |  Raw size
scripts.js          | scripts       | 993.17 kB | 
main.js             | main          | 257.53 kB | 
styles.css          | styles        | 184.84 kB | 
polyfills.js        | polyfills     |  90.20 kB | 

                    | Initial total |   1.53 MB

Application bundle generation complete. [0.318 seconds]

â¯ Changes detected. Rebuilding...
âœ” Changes detected. Rebuilding...
Initial chunk files | Names         |  Raw size
scripts.js          | scripts       | 993.17 kB | 
main.js             | main          | 257.53 kB | 
styles.css          | styles        | 184.84 kB | 
polyfills.js        | polyfills     |  90.20 kB | 

                    | Initial total |   1.53 MB

Application bundle generation complete. [0.487 seconds]

â¯ Changes detected. Rebuilding...
âœ” Changes detected. Rebuilding...
Initial chunk files | Names         |  Raw size
scripts.js          | scripts       | 993.17 kB | 
main.js             | main          | 257.53 kB | 
styles.css          | styles        | 184.84 kB | 
polyfills.js        | polyfills     |  90.20 kB | 

                    | Initial total |   1.53 MB

Application bundle generation complete. [0.225 seconds]

â¯ Changes detected. Rebuilding...
âœ” Changes detected. Rebuilding...
Initial chunk files | Names |  Raw size
main.js             | main  | 257.59 kB | 

Application bundle generation complete. [0.355 seconds]

Page reload sent to client(s).
â¯ Changes detected. Rebuilding...
âœ” Changes detected. Rebuilding...
Initial chunk files | Names |  Raw size
main.js             | main  | 257.71 kB | 

Application bundle generation complete. [0.739 seconds]

Page reload sent to client(s).
â¯ Changes detected. Rebuilding...
âœ” Changes detected. Rebuilding...
Initial chunk files | Names |  Raw size
main.js             | main  | 257.75 kB | 

Application bundle generation complete. [0.618 seconds]

Page reload sent to client(s).
â¯ Changes detected. Rebuilding...
âœ” Changes detected. Rebuilding...
Application bundle generation failed. [0.559 seconds]

[31mâœ˜ [41;31m[[41;97mERROR[41;31m][0m [1mTS2339: Property 'id' does not exist on type 'any[]'.[0m [1m[35m[plugin angular-compiler][0m

    src/app/pages/configuracoes/carteiras-digitais/carteiras-digitais.component.ts:317:57:
[37m      317 â”‚ ...is.carteiraService.removeCarteira(updatedCarteiras.[32mid[37m).subscribe(
          â•µ                                                       [32m~~[0m


â¯ Changes detected. Rebuilding...
âœ” Changes detected. Rebuilding...
Initial chunk files | Names         |  Raw size
scripts.js          | scripts       | 993.17 kB | 
main.js             | main          | 257.75 kB | 
styles.css          | styles        | 184.84 kB | 
polyfills.js        | polyfills     |  90.20 kB | 

                    | Initial total |   1.53 MB

Application bundle generation complete. [0.683 seconds]

Page reload sent to client(s).
â¯ Changes detected. Rebuilding...
âœ” Changes detected. Rebuilding...
Initial chunk files | Names |  Raw size
main.js             | main  | 257.54 kB | 

Application bundle generation complete. [0.632 seconds]

Page reload sent to client(s).
â¯ Changes detected. Rebuilding...
âœ” Changes detected. Rebuilding...
Initial chunk files | Names |  Raw size
main.js             | main  | 257.54 kB | 

Application bundle generation complete. [0.627 seconds]

Page reload sent to client(s).
â¯ Changes detected. Rebuilding...
âœ” Changes detected. Rebuilding...
Initial chunk files | Names |  Raw size
main.js             | main  | 257.75 kB | 

Application bundle generation complete. [0.525 seconds]

Page reload sent to client(s).
â¯ Changes detected. Rebuilding...
âœ” Changes detected. Rebuilding...
Initial chunk files | Names |  Raw size
main.js             | main  | 257.78 kB | 

Application bundle generation complete. [0.551 seconds]

Page reload sent to client(s).
â¯ Changes detected. Rebuilding...
âœ” Changes detected. Rebuilding...
Initial chunk files | Names |  Raw size
main.js             | main  | 257.80 kB | 

Application bundle generation complete. [0.542 seconds]

Page reload sent to client(s).
â¯ Changes detected. Rebuilding...
âœ” Changes detected. Rebuilding...
Application bundle generation failed. [0.443 seconds]

[31mâœ˜ [41;31m[[41;97mERROR[41;31m][0m [1mTS7006: Parameter 'event' implicitly has an 'any' type.[0m [1m[35m[plugin angular-compiler][0m

    src/app/pages/configuracoes/carteiras-digitais/carteiras-digitais.component.ts:412:13:
[37m      412 â”‚             ([32mevent[37m) => this.deleteCarteira(id),
          â•µ              [32m~~~~~[0m


[31mâœ˜ [41;31m[[41;97mERROR[41;31m][0m [1mTS18048: 'event' is possibly 'undefined'.[0m [1m[35m[plugin angular-compiler][0m

    src/app/pages/configuracoes/carteiras-digitais/carteiras-digitais.component.ts:413:12:
[37m      413 â”‚             [32mevent[37m.stopPropagation()
          â•µ             [32m~~~~~[0m


â¯ Changes detected. Rebuilding...
âœ” Changes detected. Rebuilding...
Application bundle generation failed. [0.415 seconds]

[31mâœ˜ [41;31m[[41;97mERROR[41;31m][0m [1mTS2749: 'event' refers to a value, but is being used as a type here. Did you mean 'typeof event'?[0m [1m[35m[plugin angular-compiler][0m

    src/app/pages/configuracoes/carteiras-digitais/carteiras-digitais.component.ts:412:20:
[37m      412 â”‚             (event: [32mevent[37m) => this.deleteCarteira(id),
          â•µ                     [32m~~~~~[0m


[31mâœ˜ [41;31m[[41;97mERROR[41;31m][0m [1mTS18048: 'event' is possibly 'undefined'.[0m [1m[35m[plugin angular-compiler][0m

    src/app/pages/configuracoes/carteiras-digitais/carteiras-digitais.component.ts:413:12:
[37m      413 â”‚             [32mevent[37m.stopPropagation()
          â•µ             [32m~~~~~[0m


â¯ Changes detected. Rebuilding...
âœ” Changes detected. Rebuilding...
Application bundle generation failed. [0.597 seconds]

[31mâœ˜ [41;31m[[41;97mERROR[41;31m][0m [1mTS18048: 'event' is possibly 'undefined'.[0m [1m[35m[plugin angular-compiler][0m

    src/app/pages/configuracoes/carteiras-digitais/carteiras-digitais.component.ts:413:12:
[37m      413 â”‚             [32mevent[37m.stopPropagation()
          â•µ             [32m~~~~~[0m


â¯ Changes detected. Rebuilding...
âœ” Changes detected. Rebuilding...
Application bundle generation failed. [0.248 seconds]

[31mâœ˜ [41;31m[[41;97mERROR[41;31m][0m [1mTS18048: 'event' is possibly 'undefined'.[0m [1m[35m[plugin angular-compiler][0m

    src/app/pages/configuracoes/carteiras-digitais/carteiras-digitais.component.ts:413:12:
[37m      413 â”‚             [32mevent[37m.stopPropagation()
          â•µ             [32m~~~~~[0m


â¯ Changes detected. Rebuilding...
âœ” Changes detected. Rebuilding...
Initial chunk files | Names         |  Raw size
scripts.js          | scripts       | 993.17 kB | 
main.js             | main          | 257.87 kB | 
styles.css          | styles        | 184.84 kB | 
polyfills.js        | polyfills     |  90.20 kB | 

                    | Initial total |   1.53 MB

Application bundle generation complete. [0.427 seconds]

Page reload sent to client(s).
â¯ Changes detected. Rebuilding...
âœ” Changes detected. Rebuilding...
Initial chunk files | Names         |  Raw size
scripts.js          | scripts       | 993.17 kB | 
main.js             | main          | 257.87 kB | 
styles.css          | styles        | 184.84 kB | 
polyfills.js        | polyfills     |  90.20 kB | 

                    | Initial total |   1.53 MB

Application bundle generation complete. [0.309 seconds]

â¯ Changes detected. Rebuilding...
âœ” Changes detected. Rebuilding...
Initial chunk files | Names |  Raw size
main.js             | main  | 257.87 kB | 

Application bundle generation complete. [0.598 seconds]

Page reload sent to client(s).
â¯ Changes detected. Rebuilding...
âœ” Changes detected. Rebuilding...
Application bundle generation failed. [0.510 seconds]

[31mâœ˜ [41;31m[[41;97mERROR[41;31m][0m [1mNG9: Property 'confirmDelete' does not exist on type 'CarteirasDigitaisComponent'.[0m [1m[35m[plugin angular-compiler][0m

    src/app/pages/configuracoes/carteiras-digitais/carteiras-digitais.component.html:70:66:
[37m      70 â”‚ ... white grey-text modal-close left" (click)="[32mconfirmDelete[37m = true">
         â•µ                                                [32m~~~~~~~~~~~~~[0m

  Error occurs in the template of component CarteirasDigitaisComponent.

    src/app/pages/configuracoes/carteiras-digitais/carteiras-digitais.component.ts:185:15:
[37m      185 â”‚   templateUrl: [32m'./carteiras-digitais.component.html'[37m,
          â•µ                [32m~~~~~~~~~~~~~~~~~~~~~~~~~~~~~~~~~~~~~[0m


â¯ Changes detected. Rebuilding...
âœ” Changes detected. Rebuilding...
Initial chunk files | Names         |  Raw size
scripts.js          | scripts       | 993.17 kB | 
main.js             | main          | 258.23 kB | 
styles.css          | styles        | 184.84 kB | 
polyfills.js        | polyfills     |  90.20 kB | 

                    | Initial total |   1.53 MB

Application bundle generation complete. [0.650 seconds]

Page reload sent to client(s).
â¯ Changes detected. Rebuilding...
âœ” Changes detected. Rebuilding...
Initial chunk files | Names         |  Raw size
scripts.js          | scripts       | 993.17 kB | 
main.js             | main          | 258.23 kB | 
styles.css          | styles        | 184.84 kB | 
polyfills.js        | polyfills     |  90.20 kB | 

                    | Initial total |   1.53 MB

Application bundle generation complete. [0.549 seconds]

Component update sent to client(s).
â¯ Changes detected. Rebuilding...
âœ” Changes detected. Rebuilding...
Initial chunk files | Names         |  Raw size
scripts.js          | scripts       | 993.17 kB | 
main.js             | main          | 258.23 kB | 
styles.css          | styles        | 184.84 kB | 
polyfills.js        | polyfills     |  90.20 kB | 

                    | Initial total |   1.53 MB

Application bundle generation complete. [0.503 seconds]

Component update sent to client(s).
â¯ Changes detected. Rebuilding...
âœ” Changes detected. Rebuilding...
Application bundle generation failed. [0.436 seconds]

[31mâœ˜ [41;31m[[41;97mERROR[41;31m][0m [1mTS2663: Cannot find name 'confirmDelete'. Did you mean the instance member 'this.confirmDelete'?[0m [1m[35m[plugin angular-compiler][0m

    src/app/pages/configuracoes/carteiras-digitais/carteiras-digitais.component.ts:411:12:
[37m      411 â”‚         if ([32mconfirmDelete[37m) {
          â•µ             [32m~~~~~~~~~~~~~[0m


[31mâœ˜ [41;31m[[41;97mERROR[41;31m][0m [1mTS18048: 'event' is possibly 'undefined'.[0m [1m[35m[plugin angular-compiler][0m

    src/app/pages/configuracoes/carteiras-digitais/carteiras-digitais.component.ts:414:10:
[37m      414 â”‚           [32mevent[37m.stopPropagation();
          â•µ           [32m~~~~~[0m


â¯ Changes detected. Rebuilding...
âœ” Changes detected. Rebuilding...
Application bundle generation failed. [0.524 seconds]

[31mâœ˜ [41;31m[[41;97mERROR[41;31m][0m [1mTS18048: 'event' is possibly 'undefined'.[0m [1m[35m[plugin angular-compiler][0m

    src/app/pages/configuracoes/carteiras-digitais/carteiras-digitais.component.ts:414:10:
[37m      414 â”‚           [32mevent[37m.stopPropagation();
          â•µ           [32m~~~~~[0m


â¯ Changes detected. Rebuilding...
âœ” Changes detected. Rebuilding...
Initial chunk files | Names         |  Raw size
scripts.js          | scripts       | 993.17 kB | 
main.js             | main          | 258.12 kB | 
styles.css          | styles        | 184.84 kB | 
polyfills.js        | polyfills     |  90.20 kB | 

                    | Initial total |   1.53 MB

Application bundle generation complete. [0.677 seconds]

Page reload sent to client(s).
â¯ Changes detected. Rebuilding...
âœ” Changes detected. Rebuilding...
Application bundle generation failed. [0.741 seconds]

[31mâœ˜ [41;31m[[41;97mERROR[41;31m][0m [1mTS2300: Duplicate identifier 'confirmDelete'.[0m [1m[35m[plugin angular-compiler][0m

    src/app/pages/configuracoes/carteiras-digitais/carteiras-digitais.component.ts:400:2:
[37m      400 â”‚   [32mconfirmDelete[37m = false;
          â•µ   [32m~~~~~~~~~~~~~[0m


[31mâœ˜ [41;31m[[41;97mERROR[41;31m][0m [1mTS2300: Duplicate identifier 'confirmDelete'.[0m [1m[35m[plugin angular-compiler][0m

    src/app/pages/configuracoes/carteiras-digitais/carteiras-digitais.component.ts:402:2:
[37m      402 â”‚   [32mconfirmDelete[37m(v: boolean){
          â•µ   [32m~~~~~~~~~~~~~[0m


[31mâœ˜ [41;31m[[41;97mERROR[41;31m][0m [1mTS2300: Duplicate identifier 'confirmDelete'.[0m [1m[35m[plugin angular-compiler][0m

    src/app/pages/configuracoes/carteiras-digitais/carteiras-digitais.component.ts:402:2:
[37m      402 â”‚   [32mconfirmDelete[37m(v: boolean){
          â•µ   [32m~~~~~~~~~~~~~[0m


â¯ Changes detected. Rebuilding...
âœ” Changes detected. Rebuilding...
Application bundle generation failed. [0.476 seconds]

[31mâœ˜ [41;31m[[41;97mERROR[41;31m][0m [1mNG9: This expression is not callable.
  Type 'Boolean' has no call signatures.[0m [1m[35m[plugin angular-compiler][0m

    src/app/pages/configuracoes/carteiras-digitais/carteiras-digitais.component.html:70:66:
[37m      70 â”‚ ...n white grey-text modal-close left" (click)="[32mconfirmDelete[37m(true)">
         â•µ                                                 [32m~~~~~~~~~~~~~[0m

  Error occurs in the template of component CarteirasDigitaisComponent.

    src/app/pages/configuracoes/carteiras-digitais/carteiras-digitais.component.ts:185:15:
[37m      185 â”‚   templateUrl: [32m'./carteiras-digitais.component.html'[37m,
          â•µ                [32m~~~~~~~~~~~~~~~~~~~~~~~~~~~~~~~~~~~~~[0m


[31mâœ˜ [41;31m[[41;97mERROR[41;31m][0m [1mTS2300: Duplicate identifier 'confirmDelete'.[0m [1m[35m[plugin angular-compiler][0m

    src/app/pages/configuracoes/carteiras-digitais/carteiras-digitais.component.ts:400:2:
[37m      400 â”‚   [32mconfirmDelete[37m = false;
          â•µ   [32m~~~~~~~~~~~~~[0m


[31mâœ˜ [41;31m[[41;97mERROR[41;31m][0m [1mTS2300: Duplicate identifier 'confirmDelete'.[0m [1m[35m[plugin angular-compiler][0m

    src/app/pages/configuracoes/carteiras-digitais/carteiras-digitais.component.ts:402:2:
[37m      402 â”‚   [32mconfirmDelete[37m(v: boolean){
          â•µ   [32m~~~~~~~~~~~~~[0m


[31mâœ˜ [41;31m[[41;97mERROR[41;31m][0m [1mTS2300: Duplicate identifier 'confirmDelete'.[0m [1m[35m[plugin angular-compiler][0m

    src/app/pages/configuracoes/carteiras-digitais/carteiras-digitais.component.ts:402:2:
[37m      402 â”‚   [32mconfirmDelete[37m(v: boolean){
          â•µ   [32m~~~~~~~~~~~~~[0m


â¯ Changes detected. Rebuilding...
âœ” Changes detected. Rebuilding...
Application bundle generation failed. [0.758 seconds]

[31mâœ˜ [41;31m[[41;97mERROR[41;31m][0m [1mNG9: This expression is not callable.
  Type 'Boolean' has no call signatures.[0m [1m[35m[plugin angular-compiler][0m

    src/app/pages/configuracoes/carteiras-digitais/carteiras-digitais.component.html:70:66:
[37m      70 â”‚ ...n white grey-text modal-close left" (click)="[32mconfirmDelete[37m(true)">
         â•µ                                                 [32m~~~~~~~~~~~~~[0m

  Error occurs in the template of component CarteirasDigitaisComponent.

    src/app/pages/configuracoes/carteiras-digitais/carteiras-digitais.component.ts:185:15:
[37m      185 â”‚   templateUrl: [32m'./carteiras-digitais.component.html'[37m,
          â•µ                [32m~~~~~~~~~~~~~~~~~~~~~~~~~~~~~~~~~~~~~[0m


[31mâœ˜ [41;31m[[41;97mERROR[41;31m][0m [1mTS2300: Duplicate identifier 'confirmDelete'.[0m [1m[35m[plugin angular-compiler][0m

    src/app/pages/configuracoes/carteiras-digitais/carteiras-digitais.component.ts:400:2:
[37m      400 â”‚   [32mconfirmDelete[37m = false;
          â•µ   [32m~~~~~~~~~~~~~[0m


[31mâœ˜ [41;31m[[41;97mERROR[41;31m][0m [1mTS2300: Duplicate identifier 'confirmDelete'.[0m [1m[35m[plugin angular-compiler][0m

    src/app/pages/configuracoes/carteiras-digitais/carteiras-digitais.component.ts:402:2:
[37m      402 â”‚   [32mconfirmDelete[37m(v: any){
          â•µ   [32m~~~~~~~~~~~~~[0m


[31mâœ˜ [41;31m[[41;97mERROR[41;31m][0m [1mTS2300: Duplicate identifier 'confirmDelete'.[0m [1m[35m[plugin angular-compiler][0m

    src/app/pages/configuracoes/carteiras-digitais/carteiras-digitais.component.ts:402:2:
[37m      402 â”‚   [32mconfirmDelete[37m(v: any){
          â•µ   [32m~~~~~~~~~~~~~[0m


â¯ Changes detected. Rebuilding...
âœ” Changes detected. Rebuilding...
Application bundle generation failed. [0.667 seconds]

[31mâœ˜ [41;31m[[41;97mERROR[41;31m][0m [1mNG9: This expression is not callable.
  Type 'Boolean' has no call signatures.[0m [1m[35m[plugin angular-compiler][0m

    src/app/pages/configuracoes/carteiras-digitais/carteiras-digitais.component.html:70:66:
[37m      70 â”‚ ...n white grey-text modal-close left" (click)="[32mconfirmDelete[37m(true)">
         â•µ                                                 [32m~~~~~~~~~~~~~[0m

  Error occurs in the template of component CarteirasDigitaisComponent.

    src/app/pages/configuracoes/carteiras-digitais/carteiras-digitais.component.ts:185:15:
[37m      185 â”‚   templateUrl: [32m'./carteiras-digitais.component.html'[37m,
          â•µ                [32m~~~~~~~~~~~~~~~~~~~~~~~~~~~~~~~~~~~~~[0m


[31mâœ˜ [41;31m[[41;97mERROR[41;31m][0m [1mTS2300: Duplicate identifier 'confirmDelete'.[0m [1m[35m[plugin angular-compiler][0m

    src/app/pages/configuracoes/carteiras-digitais/carteiras-digitais.component.ts:400:2:
[37m      400 â”‚   [32mconfirmDelete[37m = false;
          â•µ   [32m~~~~~~~~~~~~~[0m


[31mâœ˜ [41;31m[[41;97mERROR[41;31m][0m [1mTS2300: Duplicate identifier 'confirmDelete'.[0m [1m[35m[plugin angular-compiler][0m

    src/app/pages/configuracoes/carteiras-digitais/carteiras-digitais.component.ts:402:2:
[37m      402 â”‚   [32mconfirmDelete[37m(v: boolean): Boolean{
          â•µ   [32m~~~~~~~~~~~~~[0m


[31mâœ˜ [41;31m[[41;97mERROR[41;31m][0m [1mTS2300: Duplicate identifier 'confirmDelete'.[0m [1m[35m[plugin angular-compiler][0m

    src/app/pages/configuracoes/carteiras-digitais/carteiras-digitais.component.ts:402:2:
[37m      402 â”‚   [32mconfirmDelete[37m(v: boolean): Boolean{
          â•µ   [32m~~~~~~~~~~~~~[0m


â¯ Changes detected. Rebuilding...
âœ” Changes detected. Rebuilding...
Application bundle generation failed. [0.651 seconds]

[31mâœ˜ [41;31m[[41;97mERROR[41;31m][0m [1mNG9: This expression is not callable.
  Type 'Boolean' has no call signatures.[0m [1m[35m[plugin angular-compiler][0m

    src/app/pages/configuracoes/carteiras-digitais/carteiras-digitais.component.html:70:66:
[37m      70 â”‚ ...n white grey-text modal-close left" (click)="[32mconfirmDelete[37m(true)">
         â•µ                                                 [32m~~~~~~~~~~~~~[0m

  Error occurs in the template of component CarteirasDigitaisComponent.

    src/app/pages/configuracoes/carteiras-digitais/carteiras-digitais.component.ts:185:15:
[37m      185 â”‚   templateUrl: [32m'./carteiras-digitais.component.html'[37m,
          â•µ                [32m~~~~~~~~~~~~~~~~~~~~~~~~~~~~~~~~~~~~~[0m


[31mâœ˜ [41;31m[[41;97mERROR[41;31m][0m [1mTS2300: Duplicate identifier 'confirmDelete'.[0m [1m[35m[plugin angular-compiler][0m

    src/app/pages/configuracoes/carteiras-digitais/carteiras-digitais.component.ts:400:2:
[37m      400 â”‚   [32mconfirmDelete[37m = false;
          â•µ   [32m~~~~~~~~~~~~~[0m


[31mâœ˜ [41;31m[[41;97mERROR[41;31m][0m [1mTS2300: Duplicate identifier 'confirmDelete'.[0m [1m[35m[plugin angular-compiler][0m

    src/app/pages/configuracoes/carteiras-digitais/carteiras-digitais.component.ts:402:2:
[37m      402 â”‚   [32mconfirmDelete[37m(v: boolean): boolean{
          â•µ   [32m~~~~~~~~~~~~~[0m


[31mâœ˜ [41;31m[[41;97mERROR[41;31m][0m [1mTS2300: Duplicate identifier 'confirmDelete'.[0m [1m[35m[plugin angular-compiler][0m

    src/app/pages/configuracoes/carteiras-digitais/carteiras-digitais.component.ts:402:2:
[37m      402 â”‚   [32mconfirmDelete[37m(v: boolean): boolean{
          â•µ   [32m~~~~~~~~~~~~~[0m


â¯ Changes detected. Rebuilding...
âœ” Changes detected. Rebuilding...
Application bundle generation failed. [0.541 seconds]

[31mâœ˜ [41;31m[[41;97mERROR[41;31m][0m [1mNG9: This expression is not callable.
  Type 'Boolean' has no call signatures.[0m [1m[35m[plugin angular-compiler][0m

    src/app/pages/configuracoes/carteiras-digitais/carteiras-digitais.component.html:70:66:
[37m      70 â”‚ ...n white grey-text modal-close left" (click)="[32mconfirmDelete[37m(true)">
         â•µ                                                 [32m~~~~~~~~~~~~~[0m

  Error occurs in the template of component CarteirasDigitaisComponent.

    src/app/pages/configuracoes/carteiras-digitais/carteiras-digitais.component.ts:185:15:
[37m      185 â”‚   templateUrl: [32m'./carteiras-digitais.component.html'[37m,
          â•µ                [32m~~~~~~~~~~~~~~~~~~~~~~~~~~~~~~~~~~~~~[0m


[31mâœ˜ [41;31m[[41;97mERROR[41;31m][0m [1mTS2300: Duplicate identifier 'confirmDelete'.[0m [1m[35m[plugin angular-compiler][0m

    src/app/pages/configuracoes/carteiras-digitais/carteiras-digitais.component.ts:400:2:
[37m      400 â”‚   [32mconfirmDelete[37m = false;
          â•µ   [32m~~~~~~~~~~~~~[0m


[31mâœ˜ [41;31m[[41;97mERROR[41;31m][0m [1mTS2300: Duplicate identifier 'confirmDelete'.[0m [1m[35m[plugin angular-compiler][0m

    src/app/pages/configuracoes/carteiras-digitais/carteiras-digitais.component.ts:402:2:
[37m      402 â”‚   [32mconfirmDelete[37m(v: boolean): boolean {
          â•µ   [32m~~~~~~~~~~~~~[0m


[31mâœ˜ [41;31m[[41;97mERROR[41;31m][0m [1mTS2300: Duplicate identifier 'confirmDelete'.[0m [1m[35m[plugin angular-compiler][0m

    src/app/pages/configuracoes/carteiras-digitais/carteiras-digitais.component.ts:402:2:
[37m      402 â”‚   [32mconfirmDelete[37m(v: boolean): boolean {
          â•µ   [32m~~~~~~~~~~~~~[0m


â¯ Changes detected. Rebuilding...
âœ” Changes detected. Rebuilding...
Application bundle generation failed. [0.484 seconds]

[31mâœ˜ [41;31m[[41;97mERROR[41;31m][0m [1mTS2774: This condition will always return true since this function is always defined. Did you mean to call it instead?[0m [1m[35m[plugin angular-compiler][0m

    src/app/pages/configuracoes/carteiras-digitais/carteiras-digitais.component.ts:415:12:
[37m      415 â”‚         if ([32mthis.confirmDelete[37m) {
          â•µ             [32m~~~~~~~~~~~~~~~~~~[0m


â¯ Changes detected. Rebuilding...
âœ” Changes detected. Rebuilding...
Initial chunk files | Names         |  Raw size
scripts.js          | scripts       | 993.17 kB | 
main.js             | main          | 258.17 kB | 
styles.css          | styles        | 184.84 kB | 
polyfills.js        | polyfills     |  90.20 kB | 

                    | Initial total |   1.53 MB

Application bundle generation complete. [0.660 seconds]

Page reload sent to client(s).
â¯ Changes detected. Rebuilding...
âœ” Changes detected. Rebuilding...
Application bundle generation failed. [0.629 seconds]

[31mâœ˜ [41;31m[[41;97mERROR[41;31m][0m [1mNG9: This expression is not callable.
  Type 'Boolean' has no call signatures.[0m [1m[35m[plugin angular-compiler][0m

    src/app/pages/configuracoes/carteiras-digitais/carteiras-digitais.component.html:70:66:
[37m      70 â”‚ ...n white grey-text modal-close left" (click)="[32mconfirmDelete[37m(true)">
         â•µ                                                 [32m~~~~~~~~~~~~~[0m

  Error occurs in the template of component CarteirasDigitaisComponent.

    src/app/pages/configuracoes/carteiras-digitais/carteiras-digitais.component.ts:185:15:
[37m      185 â”‚   templateUrl: [32m'./carteiras-digitais.component.html'[37m,
          â•µ                [32m~~~~~~~~~~~~~~~~~~~~~~~~~~~~~~~~~~~~~[0m


â¯ Changes detected. Rebuilding...
âœ” Changes detected. Rebuilding...
Initial chunk files | Names         |  Raw size
scripts.js          | scripts       | 993.17 kB | 
main.js             | main          | 258.18 kB | 
styles.css          | styles        | 184.84 kB | 
polyfills.js        | polyfills     |  90.20 kB | 

                    | Initial total |   1.53 MB

Application bundle generation complete. [0.193 seconds]

Page reload sent to client(s).
â¯ Changes detected. Rebuilding...
âœ” Changes detected. Rebuilding...
Application bundle generation failed. [0.424 seconds]

[31mâœ˜ [41;31m[[41;97mERROR[41;31m][0m [1mNG9: This expression is not callable.
  Type 'Boolean' has no call signatures.[0m [1m[35m[plugin angular-compiler][0m

    src/app/pages/configuracoes/carteiras-digitais/carteiras-digitais.component.html:70:66:
[37m      70 â”‚ ...n white grey-text modal-close left" (click)="[32mconfirmDelete[37m(true)">
         â•µ                                                 [32m~~~~~~~~~~~~~[0m

  Error occurs in the template of component CarteirasDigitaisComponent.

    src/app/pages/configuracoes/carteiras-digitais/carteiras-digitais.component.ts:185:15:
[37m      185 â”‚   templateUrl: [32m'./carteiras-digitais.component.html'[37m,
          â•µ                [32m~~~~~~~~~~~~~~~~~~~~~~~~~~~~~~~~~~~~~[0m


â¯ Changes detected. Rebuilding...
âœ” Changes detected. Rebuilding...
Initial chunk files | Names         |  Raw size
scripts.js          | scripts       | 993.17 kB | 
main.js             | main          | 258.75 kB | 
styles.css          | styles        | 184.84 kB | 
polyfills.js        | polyfills     |  90.20 kB | 

                    | Initial total |   1.53 MB

Application bundle generation complete. [0.523 seconds]

Page reload sent to client(s).
â¯ Changes detected. Rebuilding...
âœ” Changes detected. Rebuilding...
Initial chunk files | Names         |  Raw size
scripts.js          | scripts       | 993.17 kB | 
main.js             | main          | 258.75 kB | 
styles.css          | styles        | 184.84 kB | 
polyfills.js        | polyfills     |  90.20 kB | 

                    | Initial total |   1.53 MB

Application bundle generation complete. [1.137 seconds]

Component update sent to client(s).
â¯ Changes detected. Rebuilding...
âœ” Changes detected. Rebuilding...
Initial chunk files | Names         |  Raw size
scripts.js          | scripts       | 993.17 kB | 
main.js             | main          | 258.75 kB | 
styles.css          | styles        | 184.84 kB | 
polyfills.js        | polyfills     |  90.20 kB | 

                    | Initial total |   1.53 MB

Application bundle generation complete. [0.275 seconds]

â¯ Changes detected. Rebuilding...
âœ” Changes detected. Rebuilding...
Initial chunk files | Names |  Raw size
main.js             | main  | 258.68 kB | 

Application bundle generation complete. [0.601 seconds]

Page reload sent to client(s).
â¯ Changes detected. Rebuilding...
âœ” Changes detected. Rebuilding...
Initial chunk files | Names         |  Raw size
scripts.js          | scripts       | 993.17 kB | 
main.js             | main          | 258.68 kB | 
styles.css          | styles        | 184.84 kB | 
polyfills.js        | polyfills     |  90.20 kB | 

                    | Initial total |   1.53 MB

Application bundle generation complete. [0.371 seconds]

â¯ Changes detected. Rebuilding...
âœ” Changes detected. Rebuilding...
Initial chunk files | Names |  Raw size
main.js             | main  | 258.01 kB | 

Application bundle generation complete. [0.517 seconds]

Page reload sent to client(s).
â¯ Changes detected. Rebuilding...
âœ” Changes detected. Rebuilding...
Initial chunk files | Names |  Raw size
main.js             | main  | 257.99 kB | 

Application bundle generation complete. [0.573 seconds]

Page reload sent to client(s).
â¯ Changes detected. Rebuilding...
âœ” Changes detected. Rebuilding...
Initial chunk files | Names |  Raw size
main.js             | main  | 258.00 kB | 

Application bundle generation complete. [0.648 seconds]

Page reload sent to client(s).
â¯ Changes detected. Rebuilding...
âœ” Changes detected. Rebuilding...
Application bundle generation failed. [0.735 seconds]

[31mâœ˜ [41;31m[[41;97mERROR[41;31m][0m [1mTS2304: Cannot find name 'toast'.[0m [1m[35m[plugin angular-compiler][0m

    src/app/pages/configuracoes/carteiras-digitais/carteiras-digitais.component.ts:237:8:
[37m      237 â”‚         [32mtoast[37m(ok.message);
          â•µ         [32m~~~~~[0m


â¯ Changes detected. Rebuilding...
âœ” Changes detected. Rebuilding...
Initial chunk files | Names         |  Raw size
scripts.js          | scripts       | 993.17 kB | 
main.js             | main          | 257.97 kB | 
styles.css          | styles        | 184.84 kB | 
polyfills.js        | polyfills     |  90.20 kB | 

                    | Initial total |   1.53 MB

Application bundle generation complete. [0.595 seconds]

Page reload sent to client(s).
â¯ Changes detected. Rebuilding...
âœ” Changes detected. Rebuilding...
Initial chunk files | Names |  Raw size
main.js             | main  | 258.02 kB | 

Application bundle generation complete. [0.575 seconds]

Page reload sent to client(s).
â¯ Changes detected. Rebuilding...
âœ” Changes detected. Rebuilding...
Initial chunk files | Names         |  Raw size
scripts.js          | scripts       | 993.17 kB | 
main.js             | main          | 258.02 kB | 
styles.css          | styles        | 184.84 kB | 
polyfills.js        | polyfills     |  90.20 kB | 

                    | Initial total |   1.53 MB

Application bundle generation complete. [0.241 seconds]

â¯ Changes detected. Rebuilding...
âœ” Changes detected. Rebuilding...
Initial chunk files | Names |  Raw size
main.js             | main  | 257.99 kB | 

Application bundle generation complete. [0.431 seconds]

Page reload sent to client(s).
â¯ Changes detected. Rebuilding...
âœ” Changes detected. Rebuilding...
Initial chunk files | Names         |  Raw size
scripts.js          | scripts       | 993.17 kB | 
main.js             | main          | 257.99 kB | 
styles.css          | styles        | 184.84 kB | 
polyfills.js        | polyfills     |  90.20 kB | 

                    | Initial total |   1.53 MB

Application bundle generation complete. [0.248 seconds]

â¯ Changes detected. Rebuilding...
âœ” Changes detected. Rebuilding...

No output file changes.

Application bundle generation complete. [0.555 seconds]

â¯ Changes detected. Rebuilding...
âœ” Changes detected. Rebuilding...
Initial chunk files | Names |  Raw size
main.js             | main  | 258.35 kB | 

Application bundle generation complete. [0.520 seconds]

Component update sent to client(s).
â¯ Changes detected. Rebuilding...
âœ” Changes detected. Rebuilding...
Initial chunk files | Names |  Raw size
main.js             | main  | 258.40 kB | 

Application bundle generation complete. [0.986 seconds]

Page reload sent to client(s).
â¯ Changes detected. Rebuilding...
âœ” Changes detected. Rebuilding...
Initial chunk files | Names |  Raw size
main.js             | main  | 257.67 kB | 

Application bundle generation complete. [0.519 seconds]

Component update sent to client(s).
â¯ Changes detected. Rebuilding...
âœ” Changes detected. Rebuilding...
Initial chunk files | Names |  Raw size
main.js             | main  | 257.33 kB | 

Application bundle generation complete. [0.560 seconds]

Page reload sent to client(s).
â¯ Changes detected. Rebuilding...
âœ” Changes detected. Rebuilding...
Application bundle generation failed. [0.253 seconds]

[31mâœ˜ [41;31m[[41;97mERROR[41;31m][0m [1mTS2345: Argument of type '(end: any) => void' is not assignable to parameter of type '() => void'.
  Target signature provides too few arguments. Expected 1 or more, but got 0.[0m [1m[35m[plugin angular-compiler][0m

    src/app/pages/configuracoes/carteiras-digitais/carteiras-digitais.component.ts:384:6:
[37m      384 â”‚       [32m(end: any) => {[37m
          â•µ       [32m~~~~~~~~~~~~~~~[0m


â¯ Changes detected. Rebuilding...
âœ” Changes detected. Rebuilding...
Initial chunk files | Names         |  Raw size
scripts.js          | scripts       | 993.17 kB | 
main.js             | main          | 257.33 kB | 
styles.css          | styles        | 184.84 kB | 
polyfills.js        | polyfills     |  90.20 kB | 

                    | Initial total |   1.53 MB

Application bundle generation complete. [0.245 seconds]

Page reload sent to client(s).
â¯ Changes detected. Rebuilding...
âœ” Changes detected. Rebuilding...
Initial chunk files | Names |  Raw size
main.js             | main  | 257.38 kB | 

Application bundle generation complete. [0.431 seconds]

Page reload sent to client(s).
â¯ Changes detected. Rebuilding...
âœ” Changes detected. Rebuilding...
Initial chunk files | Names |  Raw size
main.js             | main  | 257.42 kB | 

Application bundle generation complete. [0.261 seconds]

Page reload sent to client(s).
â¯ Changes detected. Rebuilding...
âœ” Changes detected. Rebuilding...
Initial chunk files | Names         |  Raw size
scripts.js          | scripts       | 993.17 kB | 
main.js             | main          | 257.42 kB | 
styles.css          | styles        | 184.84 kB | 
polyfills.js        | polyfills     |  90.20 kB | 

                    | Initial total |   1.53 MB

Application bundle generation complete. [0.391 seconds]

Component update sent to client(s).
â¯ Changes detected. Rebuilding...
âœ” Changes detected. Rebuilding...
Initial chunk files | Names |  Raw size
main.js             | main  | 257.42 kB | 

Application bundle generation complete. [0.486 seconds]

Component update sent to client(s).
â¯ Changes detected. Rebuilding...
âœ” Changes detected. Rebuilding...
Initial chunk files | Names |  Raw size
main.js             | main  | 257.42 kB | 

Application bundle generation complete. [0.362 seconds]

Component update sent to client(s).
â¯ Changes detected. Rebuilding...
âœ” Changes detected. Rebuilding...
Initial chunk files | Names |  Raw size
main.js             | main  | 257.43 kB | 

Application bundle generation complete. [0.311 seconds]

Component update sent to client(s).
â¯ Changes detected. Rebuilding...
âœ” Changes detected. Rebuilding...
Initial chunk files | Names |  Raw size
main.js             | main  | 257.25 kB | 

Application bundle generation complete. [0.521 seconds]

Component update sent to client(s).
â¯ Changes detected. Rebuilding...
âœ” Changes detected. Rebuilding...
Initial chunk files | Names |  Raw size
main.js             | main  | 257.77 kB | 

Application bundle generation complete. [0.564 seconds]

Component update sent to client(s).
â¯ Changes detected. Rebuilding...
âœ” Changes detected. Rebuilding...
Initial chunk files | Names |  Raw size
main.js             | main  | 256.58 kB | 

Application bundle generation complete. [0.258 seconds]

Component update sent to client(s).
â¯ Changes detected. Rebuilding...
âœ” Changes detected. Rebuilding...
Initial chunk files | Names |  Raw size
main.js             | main  | 257.15 kB | 

Application bundle generation complete. [0.315 seconds]

Component update sent to client(s).
â¯ Changes detected. Rebuilding...
âœ” Changes detected. Rebuilding...
Initial chunk files | Names         |  Raw size
scripts.js          | scripts       | 993.17 kB | 
main.js             | main          | 257.15 kB | 
styles.css          | styles        | 184.84 kB | 
polyfills.js        | polyfills     |  90.20 kB | 

                    | Initial total |   1.53 MB

Application bundle generation complete. [0.314 seconds]

Component update sent to client(s).
â¯ Changes detected. Rebuilding...
âœ” Changes detected. Rebuilding...
Initial chunk files | Names |  Raw size
main.js             | main  | 257.67 kB | 

Application bundle generation complete. [0.440 seconds]

Page reload sent to client(s).
â¯ Changes detected. Rebuilding...
âœ” Changes detected. Rebuilding...

No output file changes.

Application bundle generation complete. [0.284 seconds]

â¯ Changes detected. Rebuilding...
âœ” Changes detected. Rebuilding...
Initial chunk files | Names |  Raw size
main.js             | main  | 257.67 kB | 

Application bundle generation complete. [0.339 seconds]

Page reload sent to client(s).
â¯ Changes detected. Rebuilding...
âœ” Changes detected. Rebuilding...
Initial chunk files | Names |  Raw size
main.js             | main  | 257.67 kB | 

Application bundle generation complete. [0.302 seconds]

Page reload sent to client(s).
â¯ Changes detected. Rebuilding...
âœ” Changes detected. Rebuilding...
Application bundle generation failed. [0.510 seconds]

[31mâœ˜ [41;31m[[41;97mERROR[41;31m][0m [1mTS2551: Property 'modalDialog' does not exist on type 'CategoriasComponent'. Did you mean 'modalDialogRef'?[0m [1m[35m[plugin angular-compiler][0m

    src/app/pages/configuracoes/categorias/categorias.component.ts:215:30:
[37m      215 â”‚     const modalElement = this.[32mmodalDialog[37m?.nativeElement;
          â•µ                               [32m~~~~~~~~~~~[0m

  'modalDialogRef' is declared here.

    src/app/pages/configuracoes/categorias/categorias.component.ts:38:28:
[37m      38 â”‚   @ViewChild('modalDialog') [32mmodalDialogRef[37m!: ElementRef;
         â•µ                             [32m~~~~~~~~~~~~~~[0m


â¯ Changes detected. Rebuilding...
âœ” Changes detected. Rebuilding...
Initial chunk files | Names         |  Raw size
scripts.js          | scripts       | 993.17 kB | 
main.js             | main          | 258.47 kB | 
styles.css          | styles        | 184.84 kB | 
polyfills.js        | polyfills     |  90.20 kB | 

                    | Initial total |   1.53 MB

Application bundle generation complete. [0.440 seconds]

Page reload sent to client(s).
â¯ Changes detected. Rebuilding...
âœ” Changes detected. Rebuilding...
Initial chunk files | Names |  Raw size
main.js             | main  | 257.91 kB | 

Application bundle generation complete. [0.412 seconds]

Page reload sent to client(s).
â¯ Changes detected. Rebuilding...
âœ” Changes detected. Rebuilding...
Application bundle generation failed. [0.111 seconds]

[31mâœ˜ [41;31m[[41;97mERROR[41;31m][0m [1mTS1128: Declaration or statement expected.[0m [1m[35m[plugin angular-compiler][0m

    src/app/services/http.service.ts:58:6:
[37m      58 â”‚       [32m.[37mpipe(finalize(() => this.preloaderService.hide('progress-ba...
         â•µ       [32m^[0m


[31mâœ˜ [41;31m[[41;97mERROR[41;31m][0m [1mTS2304: Cannot find name 'pipe'.[0m [1m[35m[plugin angular-compiler][0m

    src/app/services/http.service.ts:58:7:
[37m      58 â”‚       .[32mpipe[37m(finalize(() => this.preloaderService.hide('progress-ba...
         â•µ        [32m~~~~[0m


[31mâœ˜ [41;31m[[41;97mERROR[41;31m][0m [1mTS1128: Declaration or statement expected.[0m [1m[35m[plugin angular-compiler][0m

    src/app/services/http.service.ts:66:6:
[37m      66 â”‚       [32m.[37mpipe(finalize(() => this.preloaderService.hide('progress-ba...
         â•µ       [32m^[0m


[31mâœ˜ [41;31m[[41;97mERROR[41;31m][0m [1mTS2304: Cannot find name 'pipe'.[0m [1m[35m[plugin angular-compiler][0m

    src/app/services/http.service.ts:66:7:
[37m      66 â”‚       .[32mpipe[37m(finalize(() => this.preloaderService.hide('progress-ba...
         â•µ        [32m~~~~[0m


[31mâœ˜ [41;31m[[41;97mERROR[41;31m][0m [1mTS1128: Declaration or statement expected.[0m [1m[35m[plugin angular-compiler][0m

    src/app/services/http.service.ts:74:6:
[37m      74 â”‚       [32m.[37mpipe(finalize(() => this.preloaderService.hide('progress-ba...
         â•µ       [32m^[0m


[31mâœ˜ [41;31m[[41;97mERROR[41;31m][0m [1mTS2304: Cannot find name 'pipe'.[0m [1m[35m[plugin angular-compiler][0m

    src/app/services/http.service.ts:74:7:
[37m      74 â”‚       .[32mpipe[37m(finalize(() => this.preloaderService.hide('progress-ba...
         â•µ        [32m~~~~[0m


[31mâœ˜ [41;31m[[41;97mERROR[41;31m][0m [1mTS1128: Declaration or statement expected.[0m [1m[35m[plugin angular-compiler][0m

    src/app/services/http.service.ts:82:6:
[37m      82 â”‚       [32m.[37mpipe(finalize(() => this.preloaderService.hide('progress-ba...
         â•µ       [32m^[0m


[31mâœ˜ [41;31m[[41;97mERROR[41;31m][0m [1mTS2304: Cannot find name 'pipe'.[0m [1m[35m[plugin angular-compiler][0m

    src/app/services/http.service.ts:82:7:
[37m      82 â”‚       .[32mpipe[37m(finalize(() => this.preloaderService.hide('progress-ba...
         â•µ        [32m~~~~[0m


[31mâœ˜ [41;31m[[41;97mERROR[41;31m][0m [1mTS1128: Declaration or statement expected.[0m [1m[35m[plugin angular-compiler][0m

    src/app/services/http.service.ts:90:6:
[37m      90 â”‚       [32m.[37mpipe(finalize(() => this.preloaderService.hide('progress-ba...
         â•µ       [32m^[0m


[31mâœ˜ [41;31m[[41;97mERROR[41;31m][0m [1mTS2304: Cannot find name 'pipe'.[0m [1m[35m[plugin angular-compiler][0m

    src/app/services/http.service.ts:90:7:
[37m      90 â”‚       .[32mpipe[37m(finalize(() => this.preloaderService.hide('progress-ba...
         â•µ        [32m~~~~[0m


â¯ Changes detected. Rebuilding...
âœ” Changes detected. Rebuilding...
Application bundle generation failed. [0.436 seconds]

[31mâœ˜ [41;31m[[41;97mERROR[41;31m][0m [1mTS1128: Declaration or statement expected.[0m [1m[35m[plugin angular-compiler][0m

    src/app/services/http.service.ts:58:6:
[37m      58 â”‚       [32m.[37mpipe(finalize(() => this.preloaderService.hide('progress-ba...
         â•µ       [32m^[0m


[31mâœ˜ [41;31m[[41;97mERROR[41;31m][0m [1mTS2304: Cannot find name 'pipe'.[0m [1m[35m[plugin angular-compiler][0m

    src/app/services/http.service.ts:58:7:
[37m      58 â”‚       .[32mpipe[37m(finalize(() => this.preloaderService.hide('progress-ba...
         â•µ        [32m~~~~[0m


[31mâœ˜ [41;31m[[41;97mERROR[41;31m][0m [1mTS1128: Declaration or statement expected.[0m [1m[35m[plugin angular-compiler][0m

    src/app/services/http.service.ts:66:6:
[37m      66 â”‚       [32m.[37mpipe(finalize(() => this.preloaderService.hide('progress-ba...
         â•µ       [32m^[0m


[31mâœ˜ [41;31m[[41;97mERROR[41;31m][0m [1mTS2304: Cannot find name 'pipe'.[0m [1m[35m[plugin angular-compiler][0m

    src/app/services/http.service.ts:66:7:
[37m      66 â”‚       .[32mpipe[37m(finalize(() => this.preloaderService.hide('progress-ba...
         â•µ        [32m~~~~[0m


[31mâœ˜ [41;31m[[41;97mERROR[41;31m][0m [1mTS1128: Declaration or statement expected.[0m [1m[35m[plugin angular-compiler][0m

    src/app/services/http.service.ts:74:6:
[37m      74 â”‚       [32m.[37mpipe(finalize(() => this.preloaderService.hide('progress-ba...
         â•µ       [32m^[0m


[31mâœ˜ [41;31m[[41;97mERROR[41;31m][0m [1mTS2304: Cannot find name 'pipe'.[0m [1m[35m[plugin angular-compiler][0m

    src/app/services/http.service.ts:74:7:
[37m      74 â”‚       .[32mpipe[37m(finalize(() => this.preloaderService.hide('progress-ba...
         â•µ        [32m~~~~[0m


[31mâœ˜ [41;31m[[41;97mERROR[41;31m][0m [1mTS1128: Declaration or statement expected.[0m [1m[35m[plugin angular-compiler][0m

    src/app/services/http.service.ts:82:6:
[37m      82 â”‚       [32m.[37mpipe(finalize(() => this.preloaderService.hide('progress-ba...
         â•µ       [32m^[0m


[31mâœ˜ [41;31m[[41;97mERROR[41;31m][0m [1mTS2304: Cannot find name 'pipe'.[0m [1m[35m[plugin angular-compiler][0m

    src/app/services/http.service.ts:82:7:
[37m      82 â”‚       .[32mpipe[37m(finalize(() => this.preloaderService.hide('progress-ba...
         â•µ        [32m~~~~[0m


[31mâœ˜ [41;31m[[41;97mERROR[41;31m][0m [1mTS1128: Declaration or statement expected.[0m [1m[35m[plugin angular-compiler][0m

    src/app/services/http.service.ts:90:6:
[37m      90 â”‚       [32m.[37mpipe(finalize(() => this.preloaderService.hide('progress-ba...
         â•µ       [32m^[0m


[31mâœ˜ [41;31m[[41;97mERROR[41;31m][0m [1mTS2304: Cannot find name 'pipe'.[0m [1m[35m[plugin angular-compiler][0m

    src/app/services/http.service.ts:90:7:
[37m      90 â”‚       .[32mpipe[37m(finalize(() => this.preloaderService.hide('progress-ba...
         â•µ        [32m~~~~[0m


â¯ Changes detected. Rebuilding...
âœ” Changes detected. Rebuilding...
Application bundle generation failed. [0.150 seconds]

[31mâœ˜ [41;31m[[41;97mERROR[41;31m][0m [1mTS1128: Declaration or statement expected.[0m [1m[35m[plugin angular-compiler][0m

    src/app/services/http.service.ts:58:6:
[37m      58 â”‚       [32m.[37mpipe(finalize(() => this.preloaderService.hide('progress-ba...
         â•µ       [32m^[0m


[31mâœ˜ [41;31m[[41;97mERROR[41;31m][0m [1mTS2304: Cannot find name 'pipe'.[0m [1m[35m[plugin angular-compiler][0m

    src/app/services/http.service.ts:58:7:
[37m      58 â”‚       .[32mpipe[37m(finalize(() => this.preloaderService.hide('progress-ba...
         â•µ        [32m~~~~[0m


[31mâœ˜ [41;31m[[41;97mERROR[41;31m][0m [1mTS1128: Declaration or statement expected.[0m [1m[35m[plugin angular-compiler][0m

    src/app/services/http.service.ts:66:6:
[37m      66 â”‚       [32m.[37mpipe(finalize(() => this.preloaderService.hide('progress-ba...
         â•µ       [32m^[0m


[31mâœ˜ [41;31m[[41;97mERROR[41;31m][0m [1mTS2304: Cannot find name 'pipe'.[0m [1m[35m[plugin angular-compiler][0m

    src/app/services/http.service.ts:66:7:
[37m      66 â”‚       .[32mpipe[37m(finalize(() => this.preloaderService.hide('progress-ba...
         â•µ        [32m~~~~[0m


[31mâœ˜ [41;31m[[41;97mERROR[41;31m][0m [1mTS1128: Declaration or statement expected.[0m [1m[35m[plugin angular-compiler][0m

    src/app/services/http.service.ts:74:6:
[37m      74 â”‚       [32m.[37mpipe(finalize(() => this.preloaderService.hide('progress-ba...
         â•µ       [32m^[0m


[31mâœ˜ [41;31m[[41;97mERROR[41;31m][0m [1mTS2304: Cannot find name 'pipe'.[0m [1m[35m[plugin angular-compiler][0m

    src/app/services/http.service.ts:74:7:
[37m      74 â”‚       .[32mpipe[37m(finalize(() => this.preloaderService.hide('progress-ba...
         â•µ        [32m~~~~[0m


[31mâœ˜ [41;31m[[41;97mERROR[41;31m][0m [1mTS1128: Declaration or statement expected.[0m [1m[35m[plugin angular-compiler][0m

    src/app/services/http.service.ts:82:6:
[37m      82 â”‚       [32m.[37mpipe(finalize(() => this.preloaderService.hide('progress-ba...
         â•µ       [32m^[0m


[31mâœ˜ [41;31m[[41;97mERROR[41;31m][0m [1mTS2304: Cannot find name 'pipe'.[0m [1m[35m[plugin angular-compiler][0m

    src/app/services/http.service.ts:82:7:
[37m      82 â”‚       .[32mpipe[37m(finalize(() => this.preloaderService.hide('progress-ba...
         â•µ        [32m~~~~[0m


[31mâœ˜ [41;31m[[41;97mERROR[41;31m][0m [1mTS1128: Declaration or statement expected.[0m [1m[35m[plugin angular-compiler][0m

    src/app/services/http.service.ts:90:6:
[37m      90 â”‚       [32m.[37mpipe(finalize(() => this.preloaderService.hide('progress-ba...
         â•µ       [32m^[0m


[31mâœ˜ [41;31m[[41;97mERROR[41;31m][0m [1mTS2304: Cannot find name 'pipe'.[0m [1m[35m[plugin angular-compiler][0m

    src/app/services/http.service.ts:90:7:
[37m      90 â”‚       .[32mpipe[37m(finalize(() => this.preloaderService.hide('progress-ba...
         â•µ        [32m~~~~[0m


â¯ Changes detected. Rebuilding...
âœ” Changes detected. Rebuilding...
Initial chunk files | Names         |  Raw size
scripts.js          | scripts       | 993.17 kB | 
main.js             | main          | 258.16 kB | 
styles.css          | styles        | 184.84 kB | 
polyfills.js        | polyfills     |  90.20 kB | 

                    | Initial total |   1.53 MB

Application bundle generation complete. [0.171 seconds]

Page reload sent to client(s).
â¯ Changes detected. Rebuilding...
âœ” Changes detected. Rebuilding...
Initial chunk files | Names |  Raw size
main.js             | main  | 258.18 kB | 

Application bundle generation complete. [0.153 seconds]

Page reload sent to client(s).
â¯ Changes detected. Rebuilding...
âœ” Changes detected. Rebuilding...
Initial chunk files | Names |  Raw size
main.js             | main  | 258.23 kB | 

Application bundle generation complete. [0.174 seconds]

Page reload sent to client(s).
â¯ Changes detected. Rebuilding...
âœ” Changes detected. Rebuilding...
Initial chunk files | Names |  Raw size
main.js             | main  | 258.23 kB | 

Application bundle generation complete. [0.238 seconds]

Page reload sent to client(s).
â¯ Changes detected. Rebuilding...
âœ” Changes detected. Rebuilding...
Initial chunk files | Names |  Raw size
main.js             | main  | 258.23 kB | 

Application bundle generation complete. [0.169 seconds]

Page reload sent to client(s).
â¯ Changes detected. Rebuilding...
âœ” Changes detected. Rebuilding...
Initial chunk files | Names |  Raw size
main.js             | main  | 258.27 kB | 

Application bundle generation complete. [0.340 seconds]

Component update sent to client(s).
â¯ Changes detected. Rebuilding...
âœ” Changes detected. Rebuilding...
Initial chunk files | Names |  Raw size
main.js             | main  | 258.31 kB | 

Application bundle generation complete. [0.556 seconds]

Component update sent to client(s).
â¯ Changes detected. Rebuilding...
âœ” Changes detected. Rebuilding...
Initial chunk files | Names |  Raw size
main.js             | main  | 258.31 kB | 

Application bundle generation complete. [0.362 seconds]

Component update sent to client(s).
â¯ Changes detected. Rebuilding...
âœ” Changes detected. Rebuilding...
Initial chunk files | Names |  Raw size
main.js             | main  | 258.31 kB | 

Application bundle generation complete. [0.350 seconds]

Component update sent to client(s).
â¯ Changes detected. Rebuilding...
âœ” Changes detected. Rebuilding...
Initial chunk files | Names |  Raw size
main.js             | main  | 258.31 kB | 

Application bundle generation complete. [0.275 seconds]

Component update sent to client(s).
â¯ Changes detected. Rebuilding...
âœ” Changes detected. Rebuilding...
Initial chunk files | Names |  Raw size
main.js             | main  | 258.31 kB | 

Application bundle generation complete. [0.317 seconds]

Component update sent to client(s).
â¯ Changes detected. Rebuilding...
âœ” Changes detected. Rebuilding...
Initial chunk files | Names |  Raw size
main.js             | main  | 258.31 kB | 

Application bundle generation complete. [0.336 seconds]

Component update sent to client(s).
â¯ Changes detected. Rebuilding...
âœ” Changes detected. Rebuilding...
Initial chunk files | Names |  Raw size
main.js             | main  | 258.31 kB | 

Application bundle generation complete. [0.203 seconds]

Component update sent to client(s).
â¯ Changes detected. Rebuilding...
âœ” Changes detected. Rebuilding...
Initial chunk files | Names |  Raw size
main.js             | main  | 257.97 kB | 

Application bundle generation complete. [0.262 seconds]

Component update sent to client(s).
â¯ Changes detected. Rebuilding...
âœ” Changes detected. Rebuilding...

No output file changes.

Application bundle generation complete. [0.415 seconds]

â¯ Changes detected. Rebuilding...
âœ” Changes detected. Rebuilding...
Initial chunk files | Names         |  Raw size
scripts.js          | scripts       | 993.17 kB | 
main.js             | main          | 257.97 kB | 
styles.css          | styles        | 184.84 kB | 
polyfills.js        | polyfills     |  90.20 kB | 

                    | Initial total |   1.53 MB

Application bundle generation complete. [0.139 seconds]

â¯ Changes detected. Rebuilding...
âœ” Changes detected. Rebuilding...

No output file changes.

Application bundle generation complete. [0.391 seconds]

â¯ Changes detected. Rebuilding...
âœ” Changes detected. Rebuilding...
Initial chunk files | Names |  Raw size
main.js             | main  | 257.97 kB | 

Application bundle generation complete. [0.343 seconds]

Page reload sent to client(s).
â¯ Changes detected. Rebuilding...
âœ” Changes detected. Rebuilding...
Initial chunk files | Names |  Raw size
main.js             | main  | 257.84 kB | 

Application bundle generation complete. [0.466 seconds]

Page reload sent to client(s).
â¯ Changes detected. Rebuilding...
âœ” Changes detected. Rebuilding...
Initial chunk files | Names |  Raw size
main.js             | main  | 257.97 kB | 

Application bundle generation complete. [0.292 seconds]

Page reload sent to client(s).
â¯ Changes detected. Rebuilding...
âœ” Changes detected. Rebuilding...
Initial chunk files | Names |  Raw size
main.js             | main  | 256.48 kB | 

Application bundle generation complete. [0.281 seconds]

Page reload sent to client(s).
â¯ Changes detected. Rebuilding...
âœ” Changes detected. Rebuilding...
Initial chunk files | Names         |  Raw size
scripts.js          | scripts       | 993.17 kB | 
main.js             | main          | 256.48 kB | 
styles.css          | styles        | 184.84 kB | 
polyfills.js        | polyfills     |  90.20 kB | 

                    | Initial total |   1.52 MB

Application bundle generation complete. [0.265 seconds]

â¯ Changes detected. Rebuilding...
âœ” Changes detected. Rebuilding...
Initial chunk files | Names         |  Raw size
scripts.js          | scripts       | 993.17 kB | 
main.js             | main          | 256.48 kB | 
styles.css          | styles        | 184.84 kB | 
polyfills.js        | polyfills     |  90.20 kB | 

                    | Initial total |   1.52 MB

Application bundle generation complete. [0.293 seconds]

Component update sent to client(s).
â¯ Changes detected. Rebuilding...
âœ” Changes detected. Rebuilding...
Initial chunk files | Names         |  Raw size
scripts.js          | scripts       | 993.17 kB | 
main.js             | main          | 256.48 kB | 
styles.css          | styles        | 184.84 kB | 
polyfills.js        | polyfills     |  90.20 kB | 

                    | Initial total |   1.52 MB

Application bundle generation complete. [0.352 seconds]

Component update sent to client(s).
